<?xml version="1.0" encoding="UTF-8"?>
<testsuites name="6 Configuracion Terminales y Selectores" time="91.451" tests="1" failures="1" errors="0">
   <testsuite name="6 Configuracion Terminales y Selectores" tests="1" failures="1" errors="0" time="91.451" skipped="0" timestamp="2024-03-11 11:29:55" hostname="jdavila - PCPruebas101.ciel.cielingenieria.com" id="Test Suites/WIZARD/4Configuracion Terminales y Selectores/6 Configuracion Terminales y Selectores">
      <properties>
         <property name="deviceName" value=""/>
         <property name="devicePlatform" value=""/>
         <property name="logFolder" value="C:\\CIEL INGENIERIA\\Katalon\\Digiturno55\\Reports\\20240311_112946\\WIZARD\\4Configuracion Terminales y Selectores\\6 Configuracion Terminales y Selectores\\20240311_112947"/>
         <property name="logFiles" value="C:\\CIEL INGENIERIA\\Katalon\\Digiturno55\\Reports\\20240311_112946\\WIZARD\\4Configuracion Terminales y Selectores\\6 Configuracion Terminales y Selectores\\20240311_112947\\execution0.log"/>
         <property name="attachments" value="C:\\CIEL INGENIERIA\\Katalon\\Digiturno55\\Reports\\20240311_112946\\WIZARD\\4Configuracion Terminales y Selectores\\6 Configuracion Terminales y Selectores\\20240311_112947\\1710174686311.png"/>
         <property name="hostName" value="jdavila - PCPruebas101.ciel.cielingenieria.com"/>
         <property name="os" value="Windows 10 64bit"/>
         <property name="katalonVersion" value="8.6.8.208"/>
         <property name="browser" value="Chrome 122.0.0.0"/>
         <property name="hostAddress" value="192.168.91.14"/>
         <property name="sessionId" value="b874f08e94c37ad585c7daabc2e04b56"/>
         <property name="seleniumVersion" value="3.141.59"/>
         <property name="proxyInformation" value="ProxyInformation { proxyOption=NO_PROXY, proxyServerType=HTTP, username=, password=********, proxyServerAddress=, proxyServerPort=0, executionList=&quot;&quot;, isApplyToDesiredCapabilities=true }"/>
         <property name="platform" value="Windows 10"/>
      </properties>
      <testcase name="Test Cases/WIZARD/4Configuracion Terminales y Selectores/6 Configuracion de Terminales y Selectores" time="91.181" classname="Test Cases/WIZARD/4Configuracion Terminales y Selectores/6 Configuracion de Terminales y Selectores" status="FAILED">
         <failure type="FAILED" message="Test Cases/WIZARD/4Configuracion Terminales y Selectores/6 Configuracion de Terminales y Selectores FAILED.
Reason:
com.kms.katalon.core.exception.StepFailedException: Unable to click on object 'Object Repository/WIZARD/4Configuracion Terminales Y Selectores/Usuarios en terminales/Selectores Disponibles/a_SeleccionarTodo'
	at com.kms.katalon.core.webui.keyword.internal.WebUIKeywordMain.stepFailed(WebUIKeywordMain.groovy:64)
	at com.kms.katalon.core.webui.keyword.internal.WebUIKeywordMain.runKeyword(WebUIKeywordMain.groovy:26)
	at com.kms.katalon.core.webui.keyword.builtin.ClickKeyword.click(ClickKeyword.groovy:74)
	at com.kms.katalon.core.webui.keyword.builtin.ClickKeyword.execute(ClickKeyword.groovy:40)
	at com.kms.katalon.core.keyword.internal.KeywordExecutor.executeKeywordForPlatform(KeywordExecutor.groovy:74)
	at com.kms.katalon.core.webui.keyword.WebUiBuiltInKeywords.click(WebUiBuiltInKeywords.groovy:620)
	at com.kms.katalon.core.webui.keyword.WebUiBuiltInKeywords$click$2.call(Unknown Source)
	at 6 Configuracion de Terminales y Selectores.run(6 Configuracion de Terminales y Selectores:49)
	at com.kms.katalon.core.main.ScriptEngine.run(ScriptEngine.java:194)
	at com.kms.katalon.core.main.ScriptEngine.runScriptAsRawText(ScriptEngine.java:119)
	at com.kms.katalon.core.main.TestCaseExecutor.runScript(TestCaseExecutor.java:448)
	at com.kms.katalon.core.main.TestCaseExecutor.doExecute(TestCaseExecutor.java:439)
	at com.kms.katalon.core.main.TestCaseExecutor.processExecutionPhase(TestCaseExecutor.java:418)
	at com.kms.katalon.core.main.TestCaseExecutor.accessMainPhase(TestCaseExecutor.java:410)
	at com.kms.katalon.core.main.TestCaseExecutor.execute(TestCaseExecutor.java:285)
	at com.kms.katalon.core.common.CommonExecutor.accessTestCaseMainPhase(CommonExecutor.java:65)
	at com.kms.katalon.core.main.TestSuiteExecutor.accessTestSuiteMainPhase(TestSuiteExecutor.java:148)
	at com.kms.katalon.core.main.TestSuiteExecutor.execute(TestSuiteExecutor.java:106)
	at com.kms.katalon.core.main.TestCaseMain.startTestSuite(TestCaseMain.java:187)
	at com.kms.katalon.core.main.TestCaseMain$startTestSuite$0.call(Unknown Source)
	at TempTestSuite1710174587150.run(TempTestSuite1710174587150.groovy:36)
Caused by: com.kms.katalon.core.webui.exception.WebElementNotFoundException: Web element with id: 'Object Repository/WIZARD/4Configuracion Terminales Y Selectores/Usuarios en terminales/Selectores Disponibles/a_SeleccionarTodo' located by '//a[@id='cPHPri_selectoresXOficina_TablaHerramientas1_aSeleccionarTodo']' not found
	at com.kms.katalon.core.webui.common.WebUiCommonHelper.findWebElement(WebUiCommonHelper.java:1381)
	at com.kms.katalon.core.webui.keyword.internal.WebUIAbstractKeyword.findWebElement(WebUIAbstractKeyword.groovy:27)
	at com.kms.katalon.core.webui.keyword.builtin.ClickKeyword$_click_closure1.doCall(ClickKeyword.groovy:65)
	at com.kms.katalon.core.webui.keyword.builtin.ClickKeyword$_click_closure1.call(ClickKeyword.groovy)
	at com.kms.katalon.core.webui.keyword.internal.WebUIKeywordMain.runKeyword(WebUIKeywordMain.groovy:20)
	... 19 more
"/>
         <system-out><![CDATA[2024-03-11 11:29:55 - [TEST_CASE][FAILED] - Test Cases/WIZARD/4Configuracion Terminales y Selectores/6 Configuracion de Terminales y Selectores: Test Cases/WIZARD/4Configuracion Terminales y Selectores/6 Configuracion de Terminales y Selectores FAILED.
Reason:
com.kms.katalon.core.exception.StepFailedException: Unable to click on object 'Object Repository/WIZARD/4Configuracion Terminales Y Selectores/Usuarios en terminales/Selectores Disponibles/a_SeleccionarTodo'
	at com.kms.katalon.core.webui.keyword.internal.WebUIKeywordMain.stepFailed(WebUIKeywordMain.groovy:64)
	at com.kms.katalon.core.webui.keyword.internal.WebUIKeywordMain.runKeyword(WebUIKeywordMain.groovy:26)
	at com.kms.katalon.core.webui.keyword.builtin.ClickKeyword.click(ClickKeyword.groovy:74)
	at com.kms.katalon.core.webui.keyword.builtin.ClickKeyword.execute(ClickKeyword.groovy:40)
	at com.kms.katalon.core.keyword.internal.KeywordExecutor.executeKeywordForPlatform(KeywordExecutor.groovy:74)
	at com.kms.katalon.core.webui.keyword.WebUiBuiltInKeywords.click(WebUiBuiltInKeywords.groovy:620)
	at com.kms.katalon.core.webui.keyword.WebUiBuiltInKeywords$click$2.call(Unknown Source)
	at 6 Configuracion de Terminales y Selectores.run(6 Configuracion de Terminales y Selectores:49)
	at com.kms.katalon.core.main.ScriptEngine.run(ScriptEngine.java:194)
	at com.kms.katalon.core.main.ScriptEngine.runScriptAsRawText(ScriptEngine.java:119)
	at com.kms.katalon.core.main.TestCaseExecutor.runScript(TestCaseExecutor.java:448)
	at com.kms.katalon.core.main.TestCaseExecutor.doExecute(TestCaseExecutor.java:439)
	at com.kms.katalon.core.main.TestCaseExecutor.processExecutionPhase(TestCaseExecutor.java:418)
	at com.kms.katalon.core.main.TestCaseExecutor.accessMainPhase(TestCaseExecutor.java:410)
	at com.kms.katalon.core.main.TestCaseExecutor.execute(TestCaseExecutor.java:285)
	at com.kms.katalon.core.common.CommonExecutor.accessTestCaseMainPhase(CommonExecutor.java:65)
	at com.kms.katalon.core.main.TestSuiteExecutor.accessTestSuiteMainPhase(TestSuiteExecutor.java:148)
	at com.kms.katalon.core.main.TestSuiteExecutor.execute(TestSuiteExecutor.java:106)
	at com.kms.katalon.core.main.TestCaseMain.startTestSuite(TestCaseMain.java:187)
	at com.kms.katalon.core.main.TestCaseMain$startTestSuite$0.call(Unknown Source)
	at TempTestSuite1710174587150.run(TempTestSuite1710174587150.groovy:36)
Caused by: com.kms.katalon.core.webui.exception.WebElementNotFoundException: Web element with id: 'Object Repository/WIZARD/4Configuracion Terminales Y Selectores/Usuarios en terminales/Selectores Disponibles/a_SeleccionarTodo' located by '//a[@id='cPHPri_selectoresXOficina_TablaHerramientas1_aSeleccionarTodo']' not found
	at com.kms.katalon.core.webui.common.WebUiCommonHelper.findWebElement(WebUiCommonHelper.java:1381)
	at com.kms.katalon.core.webui.keyword.internal.WebUIAbstractKeyword.findWebElement(WebUIAbstractKeyword.groovy:27)
	at com.kms.katalon.core.webui.keyword.builtin.ClickKeyword$_click_closure1.doCall(ClickKeyword.groovy:65)
	at com.kms.katalon.core.webui.keyword.builtin.ClickKeyword$_click_closure1.call(ClickKeyword.groovy)
	at com.kms.katalon.core.webui.keyword.internal.WebUIKeywordMain.runKeyword(WebUIKeywordMain.groovy:20)
	... 19 more


2024-03-11 11:29:55 - [TEST_STEP][PASSED] - callTestCase(findTestCase("0InicioSesion"), [:], STOP_ON_FAILURE): Call Test Case 'Test Cases/0InicioSesion' successfully

2024-03-11 11:29:55 - [TEST_CASE][PASSED] - Test Cases/0InicioSesion: Test Cases/0InicioSesion

2024-03-11 11:29:56 - [TEST_STEP][PASSED] - openBrowser(UrlDigiturno): Browser is opened with url: 'https://PCPruebas101.ciel.cielingenieria.com:8910'

2024-03-11 11:29:56 - [MESSAGE][INFO] - Starting 'Chrome' driver

2024-03-11 11:29:56 - [MESSAGE][INFO] - User set preference: ['args', '[--use-fake-ui-for-media-stream, --disable-notifications]']

2024-03-11 11:29:56 - [MESSAGE][INFO] - Action delay is set to 0 milliseconds

2024-03-11 11:29:59 - [MESSAGE][PASSED] - Browser is opened with url: 'https://PCPruebas101.ciel.cielingenieria.com:8910'

2024-03-11 11:29:59 - [TEST_STEP][PASSED] - maximizeWindow(): Current window maximized

2024-03-11 11:29:59 - [MESSAGE][PASSED] - Current window maximized

2024-03-11 11:29:59 - [TEST_STEP][PASSED] - delay(3): Delayed 3 second(s)

2024-03-11 11:30:02 - [MESSAGE][PASSED] - Delayed 3 second(s)

2024-03-11 11:30:02 - [TEST_STEP][PASSED] - setText(findTestObject("0Inicio Sesion/input_Usuario"), "Ciel"): Text 'Ciel' is set on object 'Object Repository/0Inicio Sesion/input_Usuario'

2024-03-11 11:30:03 - [MESSAGE][PASSED] - Text 'Ciel' is set on object 'Object Repository/0Inicio Sesion/input_Usuario'

2024-03-11 11:30:03 - [TEST_STEP][PASSED] - setText(findTestObject("0Inicio Sesion/input_Clave"), "digiturno"): Text 'digiturno' is set on object 'Object Repository/0Inicio Sesion/input_Clave'

2024-03-11 11:30:04 - [MESSAGE][PASSED] - Text 'digiturno' is set on object 'Object Repository/0Inicio Sesion/input_Clave'

2024-03-11 11:30:04 - [TEST_STEP][PASSED] - click(findTestObject("0Inicio Sesion/btn_IniciarSesion")): Object: 'Object Repository/0Inicio Sesion/btn_IniciarSesion' is clicked on

2024-03-11 11:30:04 - [MESSAGE][PASSED] - Object: 'Object Repository/0Inicio Sesion/btn_IniciarSesion' is clicked on

2024-03-11 11:30:04 - [TEST_STEP][PASSED] - delay(3): Delayed 3 second(s)

2024-03-11 11:30:07 - [MESSAGE][PASSED] - Delayed 3 second(s)

2024-03-11 11:30:08 - [MESSAGE][PASSED] - Call Test Case 'Test Cases/0InicioSesion' successfully

2024-03-11 11:30:08 - [TEST_STEP][PASSED] - click(findTestObject("WIZARD/4Configuracion Terminales Y Selectores/a_1lnkLogo")): Object: 'Object Repository/WIZARD/4Configuracion Terminales Y Selectores/a_1lnkLogo' is clicked on

2024-03-11 11:30:08 - [MESSAGE][PASSED] - Object: 'Object Repository/WIZARD/4Configuracion Terminales Y Selectores/a_1lnkLogo' is clicked on

2024-03-11 11:30:08 - [TEST_STEP][PASSED] - delay(3): Delayed 3 second(s)

2024-03-11 11:30:11 - [MESSAGE][PASSED] - Delayed 3 second(s)

2024-03-11 11:30:11 - [TEST_STEP][PASSED] - click(findTestObject("WIZARD/4Configuracion Terminales Y Selectores/img_2Configuracion")): Object: 'Object Repository/WIZARD/4Configuracion Terminales Y Selectores/img_2Configuracion' is clicked on

2024-03-11 11:30:12 - [MESSAGE][PASSED] - Object: 'Object Repository/WIZARD/4Configuracion Terminales Y Selectores/img_2Configuracion' is clicked on

2024-03-11 11:30:12 - [TEST_STEP][PASSED] - delay(3): Delayed 3 second(s)

2024-03-11 11:30:15 - [MESSAGE][PASSED] - Delayed 3 second(s)

2024-03-11 11:30:15 - [TEST_STEP][PASSED] - click(findTestObject("WIZARD/4Configuracion Terminales Y Selectores/img_3Usuarios")): Object: 'Object Repository/WIZARD/4Configuracion Terminales Y Selectores/img_3Usuarios' is clicked on

2024-03-11 11:30:15 - [MESSAGE][PASSED] - Object: 'Object Repository/WIZARD/4Configuracion Terminales Y Selectores/img_3Usuarios' is clicked on

2024-03-11 11:30:15 - [TEST_STEP][PASSED] - delay(3): Delayed 3 second(s)

2024-03-11 11:30:18 - [MESSAGE][PASSED] - Delayed 3 second(s)

2024-03-11 11:30:18 - [TEST_STEP][PASSED] - comment("Oficina Bogota"): Oficina Bogota

2024-03-11 11:30:18 - [MESSAGE][INFO] - Oficina Bogota

2024-03-11 11:30:18 - [TEST_STEP][PASSED] - click(findTestObject("WIZARD/4Configuracion Terminales Y Selectores/img_4Usuariosen terminales")): Object: 'Object Repository/WIZARD/4Configuracion Terminales Y Selectores/img_4Usuariosen terminales' is clicked on

2024-03-11 11:30:19 - [MESSAGE][PASSED] - Object: 'Object Repository/WIZARD/4Configuracion Terminales Y Selectores/img_4Usuariosen terminales' is clicked on

2024-03-11 11:30:19 - [TEST_STEP][PASSED] - delay(3): Delayed 3 second(s)

2024-03-11 11:30:22 - [MESSAGE][PASSED] - Delayed 3 second(s)

2024-03-11 11:30:22 - [TEST_STEP][PASSED] - click(findTestObject("WIZARD/4Configuracion Terminales Y Selectores/Usuarios en terminales/Oficinas/td1_Bogota - CIEL")): Object: 'Object Repository/WIZARD/4Configuracion Terminales Y Selectores/Usuarios en terminales/Oficinas/td1_Bogota - CIEL' is clicked on

2024-03-11 11:30:22 - [MESSAGE][PASSED] - Object: 'Object Repository/WIZARD/4Configuracion Terminales Y Selectores/Usuarios en terminales/Oficinas/td1_Bogota - CIEL' is clicked on

2024-03-11 11:30:22 - [TEST_STEP][PASSED] - delay(3): Delayed 3 second(s)

2024-03-11 11:30:25 - [MESSAGE][PASSED] - Delayed 3 second(s)

2024-03-11 11:30:25 - [TEST_STEP][PASSED] - click(findTestObject("WIZARD/4Configuracion Terminales Y Selectores/Usuarios en terminales/Selectores Disponibles/td_6CIEL")): Object: 'Object Repository/WIZARD/4Configuracion Terminales Y Selectores/Usuarios en terminales/Selectores Disponibles/td_6CIEL' is clicked on

2024-03-11 11:30:52 - [MESSAGE][PASSED] - Object: 'Object Repository/WIZARD/4Configuracion Terminales Y Selectores/Usuarios en terminales/Selectores Disponibles/td_6CIEL' is clicked on

2024-03-11 11:30:52 - [TEST_STEP][PASSED] - delay(3): Delayed 3 second(s)

2024-03-11 11:30:55 - [MESSAGE][PASSED] - Delayed 3 second(s)

2024-03-11 11:30:55 - [TEST_STEP][FAILED] - click(findTestObject("WIZARD/4Configuracion Terminales Y Selectores/Usuarios en terminales/Selectores Disponibles/a_SeleccionarTodo")): Unable to click on object 'Object Repository/WIZARD/4Configuracion Terminales Y Selectores/Usuarios en terminales/Selectores Disponibles/a_SeleccionarTodo' (Root cause: com.kms.katalon.core.exception.StepFailedException: Unable to click on object 'Object Repository/WIZARD/4Configuracion Terminales Y Selectores/Usuarios en terminales/Selectores Disponibles/a_SeleccionarTodo'
	at com.kms.katalon.core.webui.keyword.internal.WebUIKeywordMain.stepFailed(WebUIKeywordMain.groovy:64)
	at com.kms.katalon.core.webui.keyword.internal.WebUIKeywordMain.runKeyword(WebUIKeywordMain.groovy:26)
	at com.kms.katalon.core.webui.keyword.builtin.ClickKeyword.click(ClickKeyword.groovy:74)
	at com.kms.katalon.core.webui.keyword.builtin.ClickKeyword.execute(ClickKeyword.groovy:40)
	at com.kms.katalon.core.keyword.internal.KeywordExecutor.executeKeywordForPlatform(KeywordExecutor.groovy:74)
	at com.kms.katalon.core.webui.keyword.WebUiBuiltInKeywords.click(WebUiBuiltInKeywords.groovy:620)
	at com.kms.katalon.core.webui.keyword.WebUiBuiltInKeywords$click$2.call(Unknown Source)
	at 6 Configuracion de Terminales y Selectores.run(6 Configuracion de Terminales y Selectores:49)
	at com.kms.katalon.core.main.ScriptEngine.run(ScriptEngine.java:194)
	at com.kms.katalon.core.main.ScriptEngine.runScriptAsRawText(ScriptEngine.java:119)
	at com.kms.katalon.core.main.TestCaseExecutor.runScript(TestCaseExecutor.java:448)
	at com.kms.katalon.core.main.TestCaseExecutor.doExecute(TestCaseExecutor.java:439)
	at com.kms.katalon.core.main.TestCaseExecutor.processExecutionPhase(TestCaseExecutor.java:418)
	at com.kms.katalon.core.main.TestCaseExecutor.accessMainPhase(TestCaseExecutor.java:410)
	at com.kms.katalon.core.main.TestCaseExecutor.execute(TestCaseExecutor.java:285)
	at com.kms.katalon.core.common.CommonExecutor.accessTestCaseMainPhase(CommonExecutor.java:65)
	at com.kms.katalon.core.main.TestSuiteExecutor.accessTestSuiteMainPhase(TestSuiteExecutor.java:148)
	at com.kms.katalon.core.main.TestSuiteExecutor.execute(TestSuiteExecutor.java:106)
	at com.kms.katalon.core.main.TestCaseMain.startTestSuite(TestCaseMain.java:187)
	at com.kms.katalon.core.main.TestCaseMain$startTestSuite$0.call(Unknown Source)
	at TempTestSuite1710174587150.run(TempTestSuite1710174587150.groovy:36)
Caused by: com.kms.katalon.core.webui.exception.WebElementNotFoundException: Web element with id: 'Object Repository/WIZARD/4Configuracion Terminales Y Selectores/Usuarios en terminales/Selectores Disponibles/a_SeleccionarTodo' located by '//a[@id='cPHPri_selectoresXOficina_TablaHerramientas1_aSeleccionarTodo']' not found
	at com.kms.katalon.core.webui.common.WebUiCommonHelper.findWebElement(WebUiCommonHelper.java:1381)
	at com.kms.katalon.core.webui.keyword.internal.WebUIAbstractKeyword.findWebElement(WebUIAbstractKeyword.groovy:27)
	at com.kms.katalon.core.webui.keyword.builtin.ClickKeyword$_click_closure1.doCall(ClickKeyword.groovy:65)
	at com.kms.katalon.core.webui.keyword.builtin.ClickKeyword$_click_closure1.call(ClickKeyword.groovy)
	at com.kms.katalon.core.webui.keyword.internal.WebUIKeywordMain.runKeyword(WebUIKeywordMain.groovy:20)
	at com.kms.katalon.core.webui.keyword.builtin.ClickKeyword.click(ClickKeyword.groovy:74)
	at com.kms.katalon.core.webui.keyword.builtin.ClickKeyword.execute(ClickKeyword.groovy:40)
	at com.kms.katalon.core.keyword.internal.KeywordExecutor.executeKeywordForPlatform(KeywordExecutor.groovy:74)
	at com.kms.katalon.core.webui.keyword.WebUiBuiltInKeywords.click(WebUiBuiltInKeywords.groovy:620)
	at com.kms.katalon.core.webui.keyword.WebUiBuiltInKeywords$click$2.call(Unknown Source)
	at Script1648485945537.run(Script1648485945537.groovy:49)
	... 13 more
)

2024-03-11 11:31:26 - [MESSAGE][INFO] - Unable to find the element located by 'By.xpath: //a[@id='cPHPri_selectoresXOficina_TablaHerramientas1_aSeleccionarTodo']'. Please recheck the objects properties to make sure the desired element is located. 

2024-03-11 11:31:26 - [MESSAGE][FAILED] - Unable to click on object 'Object Repository/WIZARD/4Configuracion Terminales Y Selectores/Usuarios en terminales/Selectores Disponibles/a_SeleccionarTodo' (Root cause: com.kms.katalon.core.exception.StepFailedException: Unable to click on object 'Object Repository/WIZARD/4Configuracion Terminales Y Selectores/Usuarios en terminales/Selectores Disponibles/a_SeleccionarTodo'
	at com.kms.katalon.core.webui.keyword.internal.WebUIKeywordMain.stepFailed(WebUIKeywordMain.groovy:64)
	at com.kms.katalon.core.webui.keyword.internal.WebUIKeywordMain.runKeyword(WebUIKeywordMain.groovy:26)
	at com.kms.katalon.core.webui.keyword.builtin.ClickKeyword.click(ClickKeyword.groovy:74)
	at com.kms.katalon.core.webui.keyword.builtin.ClickKeyword.execute(ClickKeyword.groovy:40)
	at com.kms.katalon.core.keyword.internal.KeywordExecutor.executeKeywordForPlatform(KeywordExecutor.groovy:74)
	at com.kms.katalon.core.webui.keyword.WebUiBuiltInKeywords.click(WebUiBuiltInKeywords.groovy:620)
	at com.kms.katalon.core.webui.keyword.WebUiBuiltInKeywords$click$2.call(Unknown Source)
	at 6 Configuracion de Terminales y Selectores.run(6 Configuracion de Terminales y Selectores:49)
	at com.kms.katalon.core.main.ScriptEngine.run(ScriptEngine.java:194)
	at com.kms.katalon.core.main.ScriptEngine.runScriptAsRawText(ScriptEngine.java:119)
	at com.kms.katalon.core.main.TestCaseExecutor.runScript(TestCaseExecutor.java:448)
	at com.kms.katalon.core.main.TestCaseExecutor.doExecute(TestCaseExecutor.java:439)
	at com.kms.katalon.core.main.TestCaseExecutor.processExecutionPhase(TestCaseExecutor.java:418)
	at com.kms.katalon.core.main.TestCaseExecutor.accessMainPhase(TestCaseExecutor.java:410)
	at com.kms.katalon.core.main.TestCaseExecutor.execute(TestCaseExecutor.java:285)
	at com.kms.katalon.core.common.CommonExecutor.accessTestCaseMainPhase(CommonExecutor.java:65)
	at com.kms.katalon.core.main.TestSuiteExecutor.accessTestSuiteMainPhase(TestSuiteExecutor.java:148)
	at com.kms.katalon.core.main.TestSuiteExecutor.execute(TestSuiteExecutor.java:106)
	at com.kms.katalon.core.main.TestCaseMain.startTestSuite(TestCaseMain.java:187)
	at com.kms.katalon.core.main.TestCaseMain$startTestSuite$0.call(Unknown Source)
	at TempTestSuite1710174587150.run(TempTestSuite1710174587150.groovy:36)
Caused by: com.kms.katalon.core.webui.exception.WebElementNotFoundException: Web element with id: 'Object Repository/WIZARD/4Configuracion Terminales Y Selectores/Usuarios en terminales/Selectores Disponibles/a_SeleccionarTodo' located by '//a[@id='cPHPri_selectoresXOficina_TablaHerramientas1_aSeleccionarTodo']' not found
	at com.kms.katalon.core.webui.common.WebUiCommonHelper.findWebElement(WebUiCommonHelper.java:1381)
	at com.kms.katalon.core.webui.keyword.internal.WebUIAbstractKeyword.findWebElement(WebUIAbstractKeyword.groovy:27)
	at com.kms.katalon.core.webui.keyword.builtin.ClickKeyword$_click_closure1.doCall(ClickKeyword.groovy:65)
	at com.kms.katalon.core.webui.keyword.builtin.ClickKeyword$_click_closure1.call(ClickKeyword.groovy)
	at com.kms.katalon.core.webui.keyword.internal.WebUIKeywordMain.runKeyword(WebUIKeywordMain.groovy:20)
	at com.kms.katalon.core.webui.keyword.builtin.ClickKeyword.click(ClickKeyword.groovy:74)
	at com.kms.katalon.core.webui.keyword.builtin.ClickKeyword.execute(ClickKeyword.groovy:40)
	at com.kms.katalon.core.keyword.internal.KeywordExecutor.executeKeywordForPlatform(KeywordExecutor.groovy:74)
	at com.kms.katalon.core.webui.keyword.WebUiBuiltInKeywords.click(WebUiBuiltInKeywords.groovy:620)
	at com.kms.katalon.core.webui.keyword.WebUiBuiltInKeywords$click$2.call(Unknown Source)
	at Script1648485945537.run(Script1648485945537.groovy:49)
	... 13 more
)
[[ATTACHMENT|C:\\CIEL INGENIERIA\\Katalon\\Digiturno55\\Reports\\20240311_112946\\WIZARD\\4Configuracion Terminales y Selectores\\6 Configuracion Terminales y Selectores\\20240311_112947\\1710174686311.png]]

2024-03-11 11:31:26 - [TEST_STEP][PASSED] - Start listener action : sampleAfterTestCase: null]]></system-out>
         <system-err><![CDATA[2024-03-11 11:29:55 - [TEST_CASE][FAILED] - Test Cases/WIZARD/4Configuracion Terminales y Selectores/6 Configuracion de Terminales y Selectores: Test Cases/WIZARD/4Configuracion Terminales y Selectores/6 Configuracion de Terminales y Selectores FAILED.
Reason:
com.kms.katalon.core.exception.StepFailedException: Unable to click on object 'Object Repository/WIZARD/4Configuracion Terminales Y Selectores/Usuarios en terminales/Selectores Disponibles/a_SeleccionarTodo'
	at com.kms.katalon.core.webui.keyword.internal.WebUIKeywordMain.stepFailed(WebUIKeywordMain.groovy:64)
	at com.kms.katalon.core.webui.keyword.internal.WebUIKeywordMain.runKeyword(WebUIKeywordMain.groovy:26)
	at com.kms.katalon.core.webui.keyword.builtin.ClickKeyword.click(ClickKeyword.groovy:74)
	at com.kms.katalon.core.webui.keyword.builtin.ClickKeyword.execute(ClickKeyword.groovy:40)
	at com.kms.katalon.core.keyword.internal.KeywordExecutor.executeKeywordForPlatform(KeywordExecutor.groovy:74)
	at com.kms.katalon.core.webui.keyword.WebUiBuiltInKeywords.click(WebUiBuiltInKeywords.groovy:620)
	at com.kms.katalon.core.webui.keyword.WebUiBuiltInKeywords$click$2.call(Unknown Source)
	at 6 Configuracion de Terminales y Selectores.run(6 Configuracion de Terminales y Selectores:49)
	at com.kms.katalon.core.main.ScriptEngine.run(ScriptEngine.java:194)
	at com.kms.katalon.core.main.ScriptEngine.runScriptAsRawText(ScriptEngine.java:119)
	at com.kms.katalon.core.main.TestCaseExecutor.runScript(TestCaseExecutor.java:448)
	at com.kms.katalon.core.main.TestCaseExecutor.doExecute(TestCaseExecutor.java:439)
	at com.kms.katalon.core.main.TestCaseExecutor.processExecutionPhase(TestCaseExecutor.java:418)
	at com.kms.katalon.core.main.TestCaseExecutor.accessMainPhase(TestCaseExecutor.java:410)
	at com.kms.katalon.core.main.TestCaseExecutor.execute(TestCaseExecutor.java:285)
	at com.kms.katalon.core.common.CommonExecutor.accessTestCaseMainPhase(CommonExecutor.java:65)
	at com.kms.katalon.core.main.TestSuiteExecutor.accessTestSuiteMainPhase(TestSuiteExecutor.java:148)
	at com.kms.katalon.core.main.TestSuiteExecutor.execute(TestSuiteExecutor.java:106)
	at com.kms.katalon.core.main.TestCaseMain.startTestSuite(TestCaseMain.java:187)
	at com.kms.katalon.core.main.TestCaseMain$startTestSuite$0.call(Unknown Source)
	at TempTestSuite1710174587150.run(TempTestSuite1710174587150.groovy:36)
Caused by: com.kms.katalon.core.webui.exception.WebElementNotFoundException: Web element with id: 'Object Repository/WIZARD/4Configuracion Terminales Y Selectores/Usuarios en terminales/Selectores Disponibles/a_SeleccionarTodo' located by '//a[@id='cPHPri_selectoresXOficina_TablaHerramientas1_aSeleccionarTodo']' not found
	at com.kms.katalon.core.webui.common.WebUiCommonHelper.findWebElement(WebUiCommonHelper.java:1381)
	at com.kms.katalon.core.webui.keyword.internal.WebUIAbstractKeyword.findWebElement(WebUIAbstractKeyword.groovy:27)
	at com.kms.katalon.core.webui.keyword.builtin.ClickKeyword$_click_closure1.doCall(ClickKeyword.groovy:65)
	at com.kms.katalon.core.webui.keyword.builtin.ClickKeyword$_click_closure1.call(ClickKeyword.groovy)
	at com.kms.katalon.core.webui.keyword.internal.WebUIKeywordMain.runKeyword(WebUIKeywordMain.groovy:20)
	... 19 more]]></system-err>
      </testcase>
      <system-out><![CDATA[2024-03-11 11:29:55 - [TEST_SUITE][FAILED] - 6 Configuracion Terminales y Selectores: Test Cases/WIZARD/4Configuracion Terminales y Selectores/6 Configuracion de Terminales y Selectores FAILED.
Reason:
com.kms.katalon.core.exception.StepFailedException: Unable to click on object 'Object Repository/WIZARD/4Configuracion Terminales Y Selectores/Usuarios en terminales/Selectores Disponibles/a_SeleccionarTodo'
	at com.kms.katalon.core.webui.keyword.internal.WebUIKeywordMain.stepFailed(WebUIKeywordMain.groovy:64)
	at com.kms.katalon.core.webui.keyword.internal.WebUIKeywordMain.runKeyword(WebUIKeywordMain.groovy:26)
	at com.kms.katalon.core.webui.keyword.builtin.ClickKeyword.click(ClickKeyword.groovy:74)
	at com.kms.katalon.core.webui.keyword.builtin.ClickKeyword.execute(ClickKeyword.groovy:40)
	at com.kms.katalon.core.keyword.internal.KeywordExecutor.executeKeywordForPlatform(KeywordExecutor.groovy:74)
	at com.kms.katalon.core.webui.keyword.WebUiBuiltInKeywords.click(WebUiBuiltInKeywords.groovy:620)
	at com.kms.katalon.core.webui.keyword.WebUiBuiltInKeywords$click$2.call(Unknown Source)
	at 6 Configuracion de Terminales y Selectores.run(6 Configuracion de Terminales y Selectores:49)
	at com.kms.katalon.core.main.ScriptEngine.run(ScriptEngine.java:194)
	at com.kms.katalon.core.main.ScriptEngine.runScriptAsRawText(ScriptEngine.java:119)
	at com.kms.katalon.core.main.TestCaseExecutor.runScript(TestCaseExecutor.java:448)
	at com.kms.katalon.core.main.TestCaseExecutor.doExecute(TestCaseExecutor.java:439)
	at com.kms.katalon.core.main.TestCaseExecutor.processExecutionPhase(TestCaseExecutor.java:418)
	at com.kms.katalon.core.main.TestCaseExecutor.accessMainPhase(TestCaseExecutor.java:410)
	at com.kms.katalon.core.main.TestCaseExecutor.execute(TestCaseExecutor.java:285)
	at com.kms.katalon.core.common.CommonExecutor.accessTestCaseMainPhase(CommonExecutor.java:65)
	at com.kms.katalon.core.main.TestSuiteExecutor.accessTestSuiteMainPhase(TestSuiteExecutor.java:148)
	at com.kms.katalon.core.main.TestSuiteExecutor.execute(TestSuiteExecutor.java:106)
	at com.kms.katalon.core.main.TestCaseMain.startTestSuite(TestCaseMain.java:187)
	at com.kms.katalon.core.main.TestCaseMain$startTestSuite$0.call(Unknown Source)
	at TempTestSuite1710174587150.run(TempTestSuite1710174587150.groovy:36)
Caused by: com.kms.katalon.core.webui.exception.WebElementNotFoundException: Web element with id: 'Object Repository/WIZARD/4Configuracion Terminales Y Selectores/Usuarios en terminales/Selectores Disponibles/a_SeleccionarTodo' located by '//a[@id='cPHPri_selectoresXOficina_TablaHerramientas1_aSeleccionarTodo']' not found
	at com.kms.katalon.core.webui.common.WebUiCommonHelper.findWebElement(WebUiCommonHelper.java:1381)
	at com.kms.katalon.core.webui.keyword.internal.WebUIAbstractKeyword.findWebElement(WebUIAbstractKeyword.groovy:27)
	at com.kms.katalon.core.webui.keyword.builtin.ClickKeyword$_click_closure1.doCall(ClickKeyword.groovy:65)
	at com.kms.katalon.core.webui.keyword.builtin.ClickKeyword$_click_closure1.call(ClickKeyword.groovy)
	at com.kms.katalon.core.webui.keyword.internal.WebUIKeywordMain.runKeyword(WebUIKeywordMain.groovy:20)
	... 19 more]]></system-out>
      <system-err><![CDATA[2024-03-11 11:29:55 - [TEST_SUITE][FAILED] - 6 Configuracion Terminales y Selectores: Test Cases/WIZARD/4Configuracion Terminales y Selectores/6 Configuracion de Terminales y Selectores FAILED.
Reason:
com.kms.katalon.core.exception.StepFailedException: Unable to click on object 'Object Repository/WIZARD/4Configuracion Terminales Y Selectores/Usuarios en terminales/Selectores Disponibles/a_SeleccionarTodo'
	at com.kms.katalon.core.webui.keyword.internal.WebUIKeywordMain.stepFailed(WebUIKeywordMain.groovy:64)
	at com.kms.katalon.core.webui.keyword.internal.WebUIKeywordMain.runKeyword(WebUIKeywordMain.groovy:26)
	at com.kms.katalon.core.webui.keyword.builtin.ClickKeyword.click(ClickKeyword.groovy:74)
	at com.kms.katalon.core.webui.keyword.builtin.ClickKeyword.execute(ClickKeyword.groovy:40)
	at com.kms.katalon.core.keyword.internal.KeywordExecutor.executeKeywordForPlatform(KeywordExecutor.groovy:74)
	at com.kms.katalon.core.webui.keyword.WebUiBuiltInKeywords.click(WebUiBuiltInKeywords.groovy:620)
	at com.kms.katalon.core.webui.keyword.WebUiBuiltInKeywords$click$2.call(Unknown Source)
	at 6 Configuracion de Terminales y Selectores.run(6 Configuracion de Terminales y Selectores:49)
	at com.kms.katalon.core.main.ScriptEngine.run(ScriptEngine.java:194)
	at com.kms.katalon.core.main.ScriptEngine.runScriptAsRawText(ScriptEngine.java:119)
	at com.kms.katalon.core.main.TestCaseExecutor.runScript(TestCaseExecutor.java:448)
	at com.kms.katalon.core.main.TestCaseExecutor.doExecute(TestCaseExecutor.java:439)
	at com.kms.katalon.core.main.TestCaseExecutor.processExecutionPhase(TestCaseExecutor.java:418)
	at com.kms.katalon.core.main.TestCaseExecutor.accessMainPhase(TestCaseExecutor.java:410)
	at com.kms.katalon.core.main.TestCaseExecutor.execute(TestCaseExecutor.java:285)
	at com.kms.katalon.core.common.CommonExecutor.accessTestCaseMainPhase(CommonExecutor.java:65)
	at com.kms.katalon.core.main.TestSuiteExecutor.accessTestSuiteMainPhase(TestSuiteExecutor.java:148)
	at com.kms.katalon.core.main.TestSuiteExecutor.execute(TestSuiteExecutor.java:106)
	at com.kms.katalon.core.main.TestCaseMain.startTestSuite(TestCaseMain.java:187)
	at com.kms.katalon.core.main.TestCaseMain$startTestSuite$0.call(Unknown Source)
	at TempTestSuite1710174587150.run(TempTestSuite1710174587150.groovy:36)
Caused by: com.kms.katalon.core.webui.exception.WebElementNotFoundException: Web element with id: 'Object Repository/WIZARD/4Configuracion Terminales Y Selectores/Usuarios en terminales/Selectores Disponibles/a_SeleccionarTodo' located by '//a[@id='cPHPri_selectoresXOficina_TablaHerramientas1_aSeleccionarTodo']' not found
	at com.kms.katalon.core.webui.common.WebUiCommonHelper.findWebElement(WebUiCommonHelper.java:1381)
	at com.kms.katalon.core.webui.keyword.internal.WebUIAbstractKeyword.findWebElement(WebUIAbstractKeyword.groovy:27)
	at com.kms.katalon.core.webui.keyword.builtin.ClickKeyword$_click_closure1.doCall(ClickKeyword.groovy:65)
	at com.kms.katalon.core.webui.keyword.builtin.ClickKeyword$_click_closure1.call(ClickKeyword.groovy)
	at com.kms.katalon.core.webui.keyword.internal.WebUIKeywordMain.runKeyword(WebUIKeywordMain.groovy:20)
	... 19 more]]></system-err>
   </testsuite>
</testsuites>
