<?xml version="1.0" encoding="UTF-8"?>
<testsuites name="5.4 Relacionar Selectores" time="170.45" tests="1" failures="1" errors="0">
   <testsuite name="5.4 Relacionar Selectores" tests="1" failures="1" errors="0" time="170.45" skipped="0" timestamp="2023-08-14 11:20:31" hostname="jdavila - PCPruebas101.ciel.cielingenieria.com" id="Test Suites/WIZARD/3Infraestructura/4Selectores/5.4 Relacionar Selectores">
      <properties>
         <property name="deviceName" value=""/>
         <property name="devicePlatform" value=""/>
         <property name="logFolder" value="C:\\CIEL INGENIERIA\\Katalon\\Digiturno55\\Reports\\20230814_104251\\WIZARD\\3Infraestructura\\4Selectores\\5.4 Relacionar Selectores\\20230814_104348"/>
         <property name="logFiles" value="C:\\CIEL INGENIERIA\\Katalon\\Digiturno55\\Reports\\20230814_104251\\WIZARD\\3Infraestructura\\4Selectores\\5.4 Relacionar Selectores\\20230814_104348\\execution0.log"/>
         <property name="attachments" value="C:\\CIEL INGENIERIA\\Katalon\\Digiturno55\\Reports\\20230814_104251\\WIZARD\\3Infraestructura\\4Selectores\\5.4 Relacionar Selectores\\20230814_104348\\1692030201513.png"/>
         <property name="hostName" value="jdavila - PCPruebas101.ciel.cielingenieria.com"/>
         <property name="os" value="Windows 10 64bit"/>
         <property name="katalonVersion" value="8.6.0.208"/>
         <property name="browser" value="Chrome 115.0.0.0"/>
         <property name="hostAddress" value="192.168.0.33"/>
         <property name="sessionId" value="f07e7ce425f2d59d3f6e0431b91505ac"/>
         <property name="seleniumVersion" value="3.141.59"/>
         <property name="proxyInformation" value="ProxyInformation { proxyOption=NO_PROXY, proxyServerType=HTTP, username=, password=********, proxyServerAddress=, proxyServerPort=0, executionList=&quot;&quot;, isApplyToDesiredCapabilities=true }"/>
         <property name="platform" value="Windows 10"/>
      </properties>
      <testcase name="Test Cases/WIZARD/3Infraestructura/4Selectores/5.4 Relacionar Selectores" time="170.185" classname="Test Cases/WIZARD/3Infraestructura/4Selectores/5.4 Relacionar Selectores" status="FAILED">
         <failure type="FAILED" message="Test Cases/WIZARD/3Infraestructura/4Selectores/5.4 Relacionar Selectores FAILED.
Reason:
com.kms.katalon.core.exception.StepFailedException: Unable to click on object 'Object Repository/WIZARD/3Infraestructura/4Selectores/Edicion Selectores/Destino del turno/img_Relacionar'
	at com.kms.katalon.core.webui.keyword.internal.WebUIKeywordMain.stepFailed(WebUIKeywordMain.groovy:64)
	at com.kms.katalon.core.webui.keyword.internal.WebUIKeywordMain.runKeyword(WebUIKeywordMain.groovy:26)
	at com.kms.katalon.core.webui.keyword.builtin.ClickKeyword.click(ClickKeyword.groovy:74)
	at com.kms.katalon.core.webui.keyword.builtin.ClickKeyword.execute(ClickKeyword.groovy:40)
	at com.kms.katalon.core.keyword.internal.KeywordExecutor.executeKeywordForPlatform(KeywordExecutor.groovy:74)
	at com.kms.katalon.core.webui.keyword.WebUiBuiltInKeywords.click(WebUiBuiltInKeywords.groovy:620)
	at com.kms.katalon.core.webui.keyword.WebUiBuiltInKeywords$click$2.call(Unknown Source)
	at 5.4 Relacionar Selectores.run(5.4 Relacionar Selectores:190)
	at com.kms.katalon.core.main.ScriptEngine.run(ScriptEngine.java:194)
	at com.kms.katalon.core.main.ScriptEngine.runScriptAsRawText(ScriptEngine.java:119)
	at com.kms.katalon.core.main.TestCaseExecutor.runScript(TestCaseExecutor.java:448)
	at com.kms.katalon.core.main.TestCaseExecutor.doExecute(TestCaseExecutor.java:439)
	at com.kms.katalon.core.main.TestCaseExecutor.processExecutionPhase(TestCaseExecutor.java:418)
	at com.kms.katalon.core.main.TestCaseExecutor.accessMainPhase(TestCaseExecutor.java:410)
	at com.kms.katalon.core.main.TestCaseExecutor.execute(TestCaseExecutor.java:285)
	at com.kms.katalon.core.common.CommonExecutor.accessTestCaseMainPhase(CommonExecutor.java:65)
	at com.kms.katalon.core.main.TestSuiteExecutor.accessTestSuiteMainPhase(TestSuiteExecutor.java:148)
	at com.kms.katalon.core.main.TestSuiteExecutor.execute(TestSuiteExecutor.java:106)
	at com.kms.katalon.core.main.TestCaseMain.startTestSuite(TestCaseMain.java:187)
	at com.kms.katalon.core.main.TestCaseMain$startTestSuite$0.call(Unknown Source)
	at TempTestSuite1692027828931.run(TempTestSuite1692027828931.groovy:36)
Caused by: org.openqa.selenium.ElementClickInterceptedException: element click intercepted: Element &lt;img id=&quot;ContentPlaceHolder1_MenuEdicionListaEntes_imgNuevo&quot; src=&quot;../../../img/Iconos/Edicion/Nuevo2.svg&quot; style=&quot;border-width:0px;&quot;> is not clickable at point (900, 49). Other element would receive the click: &lt;div class=&quot;divCabeza&quot;>...&lt;/div>
  (Session info: chrome=115.0.5790.171)
Build info: version: '3.141.59', revision: 'e82be7d358', time: '2018-11-14T08:25:53'
System info: host: 'PCPRUEBAS101', ip: '192.168.0.33', os.name: 'Windows 10', os.arch: 'amd64', os.version: '10.0', java.version: '1.8.0_282'
Driver info: com.kms.katalon.selenium.driver.CChromeDriver
Capabilities {acceptInsecureCerts: false, browserName: chrome, browserVersion: 115.0.5790.171, chrome: {chromedriverVersion: 114.0.5735.90 (386bc09e8f4f..., userDataDir: C:\Users\JDavila\AppData\Lo...}, goog:chromeOptions: {debuggerAddress: localhost:62363}, javascriptEnabled: true, networkConnectionEnabled: false, pageLoadStrategy: normal, platform: WINDOWS, platformName: WINDOWS, proxy: Proxy(), setWindowRect: true, strictFileInteractability: false, timeouts: {implicit: 0, pageLoad: 300000, script: 30000}, unhandledPromptBehavior: dismiss and notify, webauthn:extension:credBlob: true, webauthn:extension:largeBlob: true, webauthn:extension:minPinLength: true, webauthn:extension:prf: true, webauthn:virtualAuthenticators: true}
Session ID: f07e7ce425f2d59d3f6e0431b91505ac
	at org.openqa.selenium.remote.http.W3CHttpResponseCodec.createException(W3CHttpResponseCodec.java:187)
	at org.openqa.selenium.remote.http.W3CHttpResponseCodec.decode(W3CHttpResponseCodec.java:122)
	at org.openqa.selenium.remote.http.W3CHttpResponseCodec.decode(W3CHttpResponseCodec.java:49)
	at org.openqa.selenium.remote.HttpCommandExecutor.execute(HttpCommandExecutor.java:158)
	at org.openqa.selenium.remote.service.DriverCommandExecutor.execute(DriverCommandExecutor.java:83)
	at org.openqa.selenium.remote.RemoteWebDriver.execute(RemoteWebDriver.java:552)
	at com.kms.katalon.selenium.driver.CChromeDriver.execute(CChromeDriver.java:19)
	at org.openqa.selenium.remote.RemoteWebElement.execute(RemoteWebElement.java:285)
	at org.openqa.selenium.remote.RemoteWebElement.click(RemoteWebElement.java:84)
	at org.openqa.selenium.support.events.EventFiringWebDriver$EventFiringWebElement.lambda$new$0(EventFiringWebDriver.java:404)
	at com.sun.proxy.$Proxy12.click(Unknown Source)
	at org.openqa.selenium.support.events.EventFiringWebDriver$EventFiringWebElement.click(EventFiringWebDriver.java:417)
	at org.openqa.selenium.WebElement$click.call(Unknown Source)
	at com.kms.katalon.core.webui.keyword.builtin.ClickKeyword.clickUntilSuccessWithTimeout(ClickKeyword.groovy:81)
	at com.kms.katalon.core.webui.keyword.builtin.ClickKeyword.clickUntilSuccessWithTimeout(ClickKeyword.groovy)
	at com.kms.katalon.core.webui.keyword.builtin.ClickKeyword$_click_closure1.doCall(ClickKeyword.groovy:67)
	at com.kms.katalon.core.webui.keyword.builtin.ClickKeyword$_click_closure1.call(ClickKeyword.groovy)
	at com.kms.katalon.core.webui.keyword.internal.WebUIKeywordMain.runKeyword(WebUIKeywordMain.groovy:20)
	... 19 more
"/>
         <system-out><![CDATA[2023-08-14 11:20:31 - [TEST_CASE][FAILED] - Test Cases/WIZARD/3Infraestructura/4Selectores/5.4 Relacionar Selectores: Test Cases/WIZARD/3Infraestructura/4Selectores/5.4 Relacionar Selectores FAILED.
Reason:
com.kms.katalon.core.exception.StepFailedException: Unable to click on object 'Object Repository/WIZARD/3Infraestructura/4Selectores/Edicion Selectores/Destino del turno/img_Relacionar'
	at com.kms.katalon.core.webui.keyword.internal.WebUIKeywordMain.stepFailed(WebUIKeywordMain.groovy:64)
	at com.kms.katalon.core.webui.keyword.internal.WebUIKeywordMain.runKeyword(WebUIKeywordMain.groovy:26)
	at com.kms.katalon.core.webui.keyword.builtin.ClickKeyword.click(ClickKeyword.groovy:74)
	at com.kms.katalon.core.webui.keyword.builtin.ClickKeyword.execute(ClickKeyword.groovy:40)
	at com.kms.katalon.core.keyword.internal.KeywordExecutor.executeKeywordForPlatform(KeywordExecutor.groovy:74)
	at com.kms.katalon.core.webui.keyword.WebUiBuiltInKeywords.click(WebUiBuiltInKeywords.groovy:620)
	at com.kms.katalon.core.webui.keyword.WebUiBuiltInKeywords$click$2.call(Unknown Source)
	at 5.4 Relacionar Selectores.run(5.4 Relacionar Selectores:190)
	at com.kms.katalon.core.main.ScriptEngine.run(ScriptEngine.java:194)
	at com.kms.katalon.core.main.ScriptEngine.runScriptAsRawText(ScriptEngine.java:119)
	at com.kms.katalon.core.main.TestCaseExecutor.runScript(TestCaseExecutor.java:448)
	at com.kms.katalon.core.main.TestCaseExecutor.doExecute(TestCaseExecutor.java:439)
	at com.kms.katalon.core.main.TestCaseExecutor.processExecutionPhase(TestCaseExecutor.java:418)
	at com.kms.katalon.core.main.TestCaseExecutor.accessMainPhase(TestCaseExecutor.java:410)
	at com.kms.katalon.core.main.TestCaseExecutor.execute(TestCaseExecutor.java:285)
	at com.kms.katalon.core.common.CommonExecutor.accessTestCaseMainPhase(CommonExecutor.java:65)
	at com.kms.katalon.core.main.TestSuiteExecutor.accessTestSuiteMainPhase(TestSuiteExecutor.java:148)
	at com.kms.katalon.core.main.TestSuiteExecutor.execute(TestSuiteExecutor.java:106)
	at com.kms.katalon.core.main.TestCaseMain.startTestSuite(TestCaseMain.java:187)
	at com.kms.katalon.core.main.TestCaseMain$startTestSuite$0.call(Unknown Source)
	at TempTestSuite1692027828931.run(TempTestSuite1692027828931.groovy:36)
Caused by: org.openqa.selenium.ElementClickInterceptedException: element click intercepted: Element <img id="ContentPlaceHolder1_MenuEdicionListaEntes_imgNuevo" src="../../../img/Iconos/Edicion/Nuevo2.svg" style="border-width:0px;"> is not clickable at point (900, 49). Other element would receive the click: <div class="divCabeza">...</div>
  (Session info: chrome=115.0.5790.171)
Build info: version: '3.141.59', revision: 'e82be7d358', time: '2018-11-14T08:25:53'
System info: host: 'PCPRUEBAS101', ip: '192.168.0.33', os.name: 'Windows 10', os.arch: 'amd64', os.version: '10.0', java.version: '1.8.0_282'
Driver info: com.kms.katalon.selenium.driver.CChromeDriver
Capabilities {acceptInsecureCerts: false, browserName: chrome, browserVersion: 115.0.5790.171, chrome: {chromedriverVersion: 114.0.5735.90 (386bc09e8f4f..., userDataDir: C:\Users\JDavila\AppData\Lo...}, goog:chromeOptions: {debuggerAddress: localhost:62363}, javascriptEnabled: true, networkConnectionEnabled: false, pageLoadStrategy: normal, platform: WINDOWS, platformName: WINDOWS, proxy: Proxy(), setWindowRect: true, strictFileInteractability: false, timeouts: {implicit: 0, pageLoad: 300000, script: 30000}, unhandledPromptBehavior: dismiss and notify, webauthn:extension:credBlob: true, webauthn:extension:largeBlob: true, webauthn:extension:minPinLength: true, webauthn:extension:prf: true, webauthn:virtualAuthenticators: true}
Session ID: f07e7ce425f2d59d3f6e0431b91505ac
	at org.openqa.selenium.remote.http.W3CHttpResponseCodec.createException(W3CHttpResponseCodec.java:187)
	at org.openqa.selenium.remote.http.W3CHttpResponseCodec.decode(W3CHttpResponseCodec.java:122)
	at org.openqa.selenium.remote.http.W3CHttpResponseCodec.decode(W3CHttpResponseCodec.java:49)
	at org.openqa.selenium.remote.HttpCommandExecutor.execute(HttpCommandExecutor.java:158)
	at org.openqa.selenium.remote.service.DriverCommandExecutor.execute(DriverCommandExecutor.java:83)
	at org.openqa.selenium.remote.RemoteWebDriver.execute(RemoteWebDriver.java:552)
	at com.kms.katalon.selenium.driver.CChromeDriver.execute(CChromeDriver.java:19)
	at org.openqa.selenium.remote.RemoteWebElement.execute(RemoteWebElement.java:285)
	at org.openqa.selenium.remote.RemoteWebElement.click(RemoteWebElement.java:84)
	at org.openqa.selenium.support.events.EventFiringWebDriver$EventFiringWebElement.lambda$new$0(EventFiringWebDriver.java:404)
	at com.sun.proxy.$Proxy12.click(Unknown Source)
	at org.openqa.selenium.support.events.EventFiringWebDriver$EventFiringWebElement.click(EventFiringWebDriver.java:417)
	at org.openqa.selenium.WebElement$click.call(Unknown Source)
	at com.kms.katalon.core.webui.keyword.builtin.ClickKeyword.clickUntilSuccessWithTimeout(ClickKeyword.groovy:81)
	at com.kms.katalon.core.webui.keyword.builtin.ClickKeyword.clickUntilSuccessWithTimeout(ClickKeyword.groovy)
	at com.kms.katalon.core.webui.keyword.builtin.ClickKeyword$_click_closure1.doCall(ClickKeyword.groovy:67)
	at com.kms.katalon.core.webui.keyword.builtin.ClickKeyword$_click_closure1.call(ClickKeyword.groovy)
	at com.kms.katalon.core.webui.keyword.internal.WebUIKeywordMain.runKeyword(WebUIKeywordMain.groovy:20)
	... 19 more


2023-08-14 11:20:31 - [TEST_STEP][PASSED] - callTestCase(findTestCase("0InicioSesion"), [:], STOP_ON_FAILURE): Call Test Case 'Test Cases/0InicioSesion' successfully

2023-08-14 11:20:32 - [TEST_CASE][PASSED] - Test Cases/0InicioSesion: Test Cases/0InicioSesion

2023-08-14 11:20:32 - [TEST_STEP][PASSED] - openBrowser(UrlDigiturno): Browser is opened with url: 'https://PCPruebas101.ciel.cielingenieria.com:8610'

2023-08-14 11:20:32 - [MESSAGE][INFO] - Starting 'Chrome' driver

2023-08-14 11:20:32 - [MESSAGE][INFO] - User set preference: ['args', '[--use-fake-ui-for-media-stream, --disable-notifications]']

2023-08-14 11:20:32 - [MESSAGE][INFO] - Action delay is set to 0 milliseconds

2023-08-14 11:20:35 - [MESSAGE][PASSED] - Browser is opened with url: 'https://PCPruebas101.ciel.cielingenieria.com:8610'

2023-08-14 11:20:35 - [TEST_STEP][PASSED] - maximizeWindow(): Current window maximized

2023-08-14 11:20:35 - [MESSAGE][PASSED] - Current window maximized

2023-08-14 11:20:35 - [TEST_STEP][PASSED] - delay(3): Delayed 3 second(s)

2023-08-14 11:20:38 - [MESSAGE][PASSED] - Delayed 3 second(s)

2023-08-14 11:20:38 - [TEST_STEP][PASSED] - setText(findTestObject("0Inicio Sesion/input_Usuario"), "Ciel"): Text 'Ciel' is set on object 'Object Repository/0Inicio Sesion/input_Usuario'

2023-08-14 11:20:39 - [MESSAGE][PASSED] - Text 'Ciel' is set on object 'Object Repository/0Inicio Sesion/input_Usuario'

2023-08-14 11:20:39 - [TEST_STEP][PASSED] - setText(findTestObject("0Inicio Sesion/input_Clave"), "digiturno"): Text 'digiturno' is set on object 'Object Repository/0Inicio Sesion/input_Clave'

2023-08-14 11:20:40 - [MESSAGE][PASSED] - Text 'digiturno' is set on object 'Object Repository/0Inicio Sesion/input_Clave'

2023-08-14 11:20:40 - [TEST_STEP][PASSED] - click(findTestObject("0Inicio Sesion/btn_IniciarSesion")): Object: 'Object Repository/0Inicio Sesion/btn_IniciarSesion' is clicked on

2023-08-14 11:20:40 - [MESSAGE][PASSED] - Object: 'Object Repository/0Inicio Sesion/btn_IniciarSesion' is clicked on

2023-08-14 11:20:40 - [TEST_STEP][PASSED] - delay(3): Delayed 3 second(s)

2023-08-14 11:20:43 - [MESSAGE][PASSED] - Delayed 3 second(s)

2023-08-14 11:20:43 - [MESSAGE][PASSED] - Call Test Case 'Test Cases/0InicioSesion' successfully

2023-08-14 11:20:43 - [TEST_STEP][PASSED] - click(findTestObject("WIZARD/0Principal/img_InfraestructuraMAX")): Object: 'Object Repository/WIZARD/0Principal/img_InfraestructuraMAX' is clicked on

2023-08-14 11:20:48 - [MESSAGE][PASSED] - Object: 'Object Repository/WIZARD/0Principal/img_InfraestructuraMAX' is clicked on

2023-08-14 11:20:48 - [TEST_STEP][PASSED] - delay(3): Delayed 3 second(s)

2023-08-14 11:20:51 - [MESSAGE][PASSED] - Delayed 3 second(s)

2023-08-14 11:20:51 - [TEST_STEP][PASSED] - click(findTestObject("WIZARD/3Infraestructura/0Menu/span_Selectores")): Object: 'Object Repository/WIZARD/3Infraestructura/0Menu/span_Selectores' is clicked on

2023-08-14 11:20:52 - [MESSAGE][PASSED] - Object: 'Object Repository/WIZARD/3Infraestructura/0Menu/span_Selectores' is clicked on

2023-08-14 11:20:52 - [TEST_STEP][PASSED] - delay(3): Delayed 3 second(s)

2023-08-14 11:20:55 - [MESSAGE][PASSED] - Delayed 3 second(s)

2023-08-14 11:20:55 - [TEST_STEP][PASSED] - click(findTestObject("WIZARD/3Infraestructura/4Selectores/Edicion Selectores/btn_Oficinas(2)/td_1Bogota - CIEL")): Object: 'Object Repository/WIZARD/3Infraestructura/4Selectores/Edicion Selectores/btn_Oficinas(2)/td_1Bogota - CIEL' is clicked on

2023-08-14 11:20:56 - [MESSAGE][PASSED] - Object: 'Object Repository/WIZARD/3Infraestructura/4Selectores/Edicion Selectores/btn_Oficinas(2)/td_1Bogota - CIEL' is clicked on

2023-08-14 11:20:56 - [TEST_STEP][PASSED] - delay(3): Delayed 3 second(s)

2023-08-14 11:20:59 - [MESSAGE][PASSED] - Delayed 3 second(s)

2023-08-14 11:20:59 - [TEST_STEP][PASSED] - click(findTestObject("WIZARD/3Infraestructura/4Selectores/Lista de Selectores/td_Selector 01")): Object: 'Object Repository/WIZARD/3Infraestructura/4Selectores/Lista de Selectores/td_Selector 01' is clicked on

2023-08-14 11:20:59 - [MESSAGE][PASSED] - Object: 'Object Repository/WIZARD/3Infraestructura/4Selectores/Lista de Selectores/td_Selector 01' is clicked on

2023-08-14 11:20:59 - [TEST_STEP][PASSED] - delay(2): Delayed 2 second(s)

2023-08-14 11:21:01 - [MESSAGE][PASSED] - Delayed 2 second(s)

2023-08-14 11:21:01 - [TEST_STEP][PASSED] - scrollToElement(findTestObject("WIZARD/3Infraestructura/4Selectores/Edicion Selectores/Destino del turno/a_SeleccionarTodo"), 2): Scroll to object 'Object Repository/WIZARD/3Infraestructura/4Selectores/Edicion Selectores/Destino del turno/a_SeleccionarTodo' successfully

2023-08-14 11:21:02 - [MESSAGE][PASSED] - Scroll to object 'Object Repository/WIZARD/3Infraestructura/4Selectores/Edicion Selectores/Destino del turno/a_SeleccionarTodo' successfully

2023-08-14 11:21:02 - [TEST_STEP][PASSED] - click(findTestObject("WIZARD/3Infraestructura/4Selectores/Edicion Selectores/Destino del turno/a_SeleccionarTodo")): Object: 'Object Repository/WIZARD/3Infraestructura/4Selectores/Edicion Selectores/Destino del turno/a_SeleccionarTodo' is clicked on

2023-08-14 11:21:02 - [MESSAGE][PASSED] - Object: 'Object Repository/WIZARD/3Infraestructura/4Selectores/Edicion Selectores/Destino del turno/a_SeleccionarTodo' is clicked on

2023-08-14 11:21:02 - [TEST_STEP][PASSED] - delay(2): Delayed 2 second(s)

2023-08-14 11:21:04 - [MESSAGE][PASSED] - Delayed 2 second(s)

2023-08-14 11:21:04 - [TEST_STEP][PASSED] - click(findTestObject("WIZARD/3Infraestructura/4Selectores/Edicion Selectores/Destino del turno/img_Relacionar")): Object: 'Object Repository/WIZARD/3Infraestructura/4Selectores/Edicion Selectores/Destino del turno/img_Relacionar' is clicked on

2023-08-14 11:21:04 - [MESSAGE][PASSED] - Object: 'Object Repository/WIZARD/3Infraestructura/4Selectores/Edicion Selectores/Destino del turno/img_Relacionar' is clicked on

2023-08-14 11:21:04 - [TEST_STEP][PASSED] - delay(3): Delayed 3 second(s)

2023-08-14 11:21:07 - [MESSAGE][PASSED] - Delayed 3 second(s)

2023-08-14 11:21:07 - [TEST_STEP][PASSED] - click(findTestObject("WIZARD/3Infraestructura/0Menu/span_Selectores")): Object: 'Object Repository/WIZARD/3Infraestructura/0Menu/span_Selectores' is clicked on

2023-08-14 11:21:09 - [MESSAGE][PASSED] - Object: 'Object Repository/WIZARD/3Infraestructura/0Menu/span_Selectores' is clicked on

2023-08-14 11:21:09 - [TEST_STEP][PASSED] - delay(3): Delayed 3 second(s)

2023-08-14 11:21:12 - [MESSAGE][PASSED] - Delayed 3 second(s)

2023-08-14 11:21:12 - [TEST_STEP][PASSED] - click(findTestObject("WIZARD/3Infraestructura/4Selectores/Edicion Selectores/btn_Oficinas(2)/td_2Cali - Chipichape")): Object: 'Object Repository/WIZARD/3Infraestructura/4Selectores/Edicion Selectores/btn_Oficinas(2)/td_2Cali - Chipichape' is clicked on

2023-08-14 11:21:12 - [MESSAGE][PASSED] - Object: 'Object Repository/WIZARD/3Infraestructura/4Selectores/Edicion Selectores/btn_Oficinas(2)/td_2Cali - Chipichape' is clicked on

2023-08-14 11:21:12 - [TEST_STEP][PASSED] - delay(3): Delayed 3 second(s)

2023-08-14 11:21:15 - [MESSAGE][PASSED] - Delayed 3 second(s)

2023-08-14 11:21:15 - [TEST_STEP][PASSED] - click(findTestObject("WIZARD/3Infraestructura/4Selectores/Lista de Selectores/td_Selector 01")): Object: 'Object Repository/WIZARD/3Infraestructura/4Selectores/Lista de Selectores/td_Selector 01' is clicked on

2023-08-14 11:21:16 - [MESSAGE][PASSED] - Object: 'Object Repository/WIZARD/3Infraestructura/4Selectores/Lista de Selectores/td_Selector 01' is clicked on

2023-08-14 11:21:16 - [TEST_STEP][PASSED] - delay(3): Delayed 3 second(s)

2023-08-14 11:21:19 - [MESSAGE][PASSED] - Delayed 3 second(s)

2023-08-14 11:21:19 - [TEST_STEP][PASSED] - scrollToElement(findTestObject("WIZARD/3Infraestructura/4Selectores/Edicion Selectores/Destino del turno/a_SeleccionarTodo"), 2): Scroll to object 'Object Repository/WIZARD/3Infraestructura/4Selectores/Edicion Selectores/Destino del turno/a_SeleccionarTodo' successfully

2023-08-14 11:21:19 - [MESSAGE][PASSED] - Scroll to object 'Object Repository/WIZARD/3Infraestructura/4Selectores/Edicion Selectores/Destino del turno/a_SeleccionarTodo' successfully

2023-08-14 11:21:19 - [TEST_STEP][PASSED] - click(findTestObject("WIZARD/3Infraestructura/4Selectores/Edicion Selectores/Destino del turno/a_SeleccionarTodo")): Object: 'Object Repository/WIZARD/3Infraestructura/4Selectores/Edicion Selectores/Destino del turno/a_SeleccionarTodo' is clicked on

2023-08-14 11:21:19 - [MESSAGE][PASSED] - Object: 'Object Repository/WIZARD/3Infraestructura/4Selectores/Edicion Selectores/Destino del turno/a_SeleccionarTodo' is clicked on

2023-08-14 11:21:19 - [TEST_STEP][PASSED] - delay(2): Delayed 2 second(s)

2023-08-14 11:21:21 - [MESSAGE][PASSED] - Delayed 2 second(s)

2023-08-14 11:21:21 - [TEST_STEP][PASSED] - click(findTestObject("WIZARD/3Infraestructura/4Selectores/Edicion Selectores/Destino del turno/img_Relacionar")): Object: 'Object Repository/WIZARD/3Infraestructura/4Selectores/Edicion Selectores/Destino del turno/img_Relacionar' is clicked on

2023-08-14 11:21:22 - [MESSAGE][PASSED] - Object: 'Object Repository/WIZARD/3Infraestructura/4Selectores/Edicion Selectores/Destino del turno/img_Relacionar' is clicked on

2023-08-14 11:21:22 - [TEST_STEP][PASSED] - delay(3): Delayed 3 second(s)

2023-08-14 11:21:25 - [MESSAGE][PASSED] - Delayed 3 second(s)

2023-08-14 11:21:25 - [TEST_STEP][PASSED] - click(findTestObject("WIZARD/3Infraestructura/0Menu/span_Selectores")): Object: 'Object Repository/WIZARD/3Infraestructura/0Menu/span_Selectores' is clicked on

2023-08-14 11:21:26 - [MESSAGE][PASSED] - Object: 'Object Repository/WIZARD/3Infraestructura/0Menu/span_Selectores' is clicked on

2023-08-14 11:21:26 - [TEST_STEP][PASSED] - delay(3): Delayed 3 second(s)

2023-08-14 11:21:29 - [MESSAGE][PASSED] - Delayed 3 second(s)

2023-08-14 11:21:29 - [TEST_STEP][PASSED] - click(findTestObject("WIZARD/3Infraestructura/4Selectores/Edicion Selectores/btn_Oficinas(2)/td_3Cartagena - Bocagrande")): Object: 'Object Repository/WIZARD/3Infraestructura/4Selectores/Edicion Selectores/btn_Oficinas(2)/td_3Cartagena - Bocagrande' is clicked on

2023-08-14 11:21:30 - [MESSAGE][PASSED] - Object: 'Object Repository/WIZARD/3Infraestructura/4Selectores/Edicion Selectores/btn_Oficinas(2)/td_3Cartagena - Bocagrande' is clicked on

2023-08-14 11:21:30 - [TEST_STEP][PASSED] - delay(3): Delayed 3 second(s)

2023-08-14 11:21:33 - [MESSAGE][PASSED] - Delayed 3 second(s)

2023-08-14 11:21:33 - [TEST_STEP][PASSED] - click(findTestObject("WIZARD/3Infraestructura/4Selectores/Lista de Selectores/td_Selector 01")): Object: 'Object Repository/WIZARD/3Infraestructura/4Selectores/Lista de Selectores/td_Selector 01' is clicked on

2023-08-14 11:21:33 - [MESSAGE][PASSED] - Object: 'Object Repository/WIZARD/3Infraestructura/4Selectores/Lista de Selectores/td_Selector 01' is clicked on

2023-08-14 11:21:33 - [TEST_STEP][PASSED] - delay(3): Delayed 3 second(s)

2023-08-14 11:21:36 - [MESSAGE][PASSED] - Delayed 3 second(s)

2023-08-14 11:21:36 - [TEST_STEP][PASSED] - scrollToElement(findTestObject("WIZARD/3Infraestructura/4Selectores/Edicion Selectores/Destino del turno/a_SeleccionarTodo"), 2): Scroll to object 'Object Repository/WIZARD/3Infraestructura/4Selectores/Edicion Selectores/Destino del turno/a_SeleccionarTodo' successfully

2023-08-14 11:21:36 - [MESSAGE][PASSED] - Scroll to object 'Object Repository/WIZARD/3Infraestructura/4Selectores/Edicion Selectores/Destino del turno/a_SeleccionarTodo' successfully

2023-08-14 11:21:36 - [TEST_STEP][PASSED] - check(findTestObject("WIZARD/3Infraestructura/4Selectores/Edicion Selectores/Destino del turno/a_SeleccionarTodo")): Object 'Object Repository/WIZARD/3Infraestructura/4Selectores/Edicion Selectores/Destino del turno/a_SeleccionarTodo' is checked

2023-08-14 11:21:37 - [MESSAGE][PASSED] - Object 'Object Repository/WIZARD/3Infraestructura/4Selectores/Edicion Selectores/Destino del turno/a_SeleccionarTodo' is checked

2023-08-14 11:21:37 - [TEST_STEP][PASSED] - delay(2): Delayed 2 second(s)

2023-08-14 11:21:39 - [MESSAGE][PASSED] - Delayed 2 second(s)

2023-08-14 11:21:39 - [TEST_STEP][PASSED] - click(findTestObject("WIZARD/3Infraestructura/4Selectores/Edicion Selectores/Destino del turno/img_Relacionar")): Object: 'Object Repository/WIZARD/3Infraestructura/4Selectores/Edicion Selectores/Destino del turno/img_Relacionar' is clicked on

2023-08-14 11:21:39 - [MESSAGE][PASSED] - Object: 'Object Repository/WIZARD/3Infraestructura/4Selectores/Edicion Selectores/Destino del turno/img_Relacionar' is clicked on

2023-08-14 11:21:39 - [TEST_STEP][PASSED] - delay(3): Delayed 3 second(s)

2023-08-14 11:21:42 - [MESSAGE][PASSED] - Delayed 3 second(s)

2023-08-14 11:21:42 - [TEST_STEP][PASSED] - click(findTestObject("WIZARD/3Infraestructura/0Menu/span_Selectores")): Object: 'Object Repository/WIZARD/3Infraestructura/0Menu/span_Selectores' is clicked on

2023-08-14 11:21:43 - [MESSAGE][PASSED] - Object: 'Object Repository/WIZARD/3Infraestructura/0Menu/span_Selectores' is clicked on

2023-08-14 11:21:43 - [TEST_STEP][PASSED] - delay(3): Delayed 3 second(s)

2023-08-14 11:21:46 - [MESSAGE][PASSED] - Delayed 3 second(s)

2023-08-14 11:21:46 - [TEST_STEP][PASSED] - click(findTestObject("WIZARD/3Infraestructura/4Selectores/Edicion Selectores/btn_Oficinas(2)/td_4Manizales - Manizales")): Object: 'Object Repository/WIZARD/3Infraestructura/4Selectores/Edicion Selectores/btn_Oficinas(2)/td_4Manizales - Manizales' is clicked on

2023-08-14 11:21:47 - [MESSAGE][PASSED] - Object: 'Object Repository/WIZARD/3Infraestructura/4Selectores/Edicion Selectores/btn_Oficinas(2)/td_4Manizales - Manizales' is clicked on

2023-08-14 11:21:47 - [TEST_STEP][PASSED] - delay(3): Delayed 3 second(s)

2023-08-14 11:21:50 - [MESSAGE][PASSED] - Delayed 3 second(s)

2023-08-14 11:21:50 - [TEST_STEP][PASSED] - click(findTestObject("WIZARD/3Infraestructura/4Selectores/Lista de Selectores/td_Selector 01")): Object: 'Object Repository/WIZARD/3Infraestructura/4Selectores/Lista de Selectores/td_Selector 01' is clicked on

2023-08-14 11:21:50 - [MESSAGE][PASSED] - Object: 'Object Repository/WIZARD/3Infraestructura/4Selectores/Lista de Selectores/td_Selector 01' is clicked on

2023-08-14 11:21:50 - [TEST_STEP][PASSED] - delay(3): Delayed 3 second(s)

2023-08-14 11:21:53 - [MESSAGE][PASSED] - Delayed 3 second(s)

2023-08-14 11:21:53 - [TEST_STEP][PASSED] - scrollToElement(findTestObject("WIZARD/3Infraestructura/4Selectores/Edicion Selectores/Destino del turno/a_SeleccionarTodo"), 2): Scroll to object 'Object Repository/WIZARD/3Infraestructura/4Selectores/Edicion Selectores/Destino del turno/a_SeleccionarTodo' successfully

2023-08-14 11:21:54 - [MESSAGE][PASSED] - Scroll to object 'Object Repository/WIZARD/3Infraestructura/4Selectores/Edicion Selectores/Destino del turno/a_SeleccionarTodo' successfully

2023-08-14 11:21:54 - [TEST_STEP][PASSED] - click(findTestObject("WIZARD/3Infraestructura/4Selectores/Edicion Selectores/Destino del turno/a_SeleccionarTodo")): Object: 'Object Repository/WIZARD/3Infraestructura/4Selectores/Edicion Selectores/Destino del turno/a_SeleccionarTodo' is clicked on

2023-08-14 11:21:54 - [MESSAGE][PASSED] - Object: 'Object Repository/WIZARD/3Infraestructura/4Selectores/Edicion Selectores/Destino del turno/a_SeleccionarTodo' is clicked on

2023-08-14 11:21:54 - [TEST_STEP][PASSED] - delay(2): Delayed 2 second(s)

2023-08-14 11:21:56 - [MESSAGE][PASSED] - Delayed 2 second(s)

2023-08-14 11:21:56 - [TEST_STEP][PASSED] - click(findTestObject("WIZARD/3Infraestructura/4Selectores/Edicion Selectores/Destino del turno/img_Relacionar")): Object: 'Object Repository/WIZARD/3Infraestructura/4Selectores/Edicion Selectores/Destino del turno/img_Relacionar' is clicked on

2023-08-14 11:21:56 - [MESSAGE][PASSED] - Object: 'Object Repository/WIZARD/3Infraestructura/4Selectores/Edicion Selectores/Destino del turno/img_Relacionar' is clicked on

2023-08-14 11:21:56 - [TEST_STEP][PASSED] - delay(3): Delayed 3 second(s)

2023-08-14 11:21:59 - [MESSAGE][PASSED] - Delayed 3 second(s)

2023-08-14 11:21:59 - [TEST_STEP][PASSED] - click(findTestObject("WIZARD/3Infraestructura/0Menu/span_Selectores")): Object: 'Object Repository/WIZARD/3Infraestructura/0Menu/span_Selectores' is clicked on

2023-08-14 11:22:01 - [MESSAGE][PASSED] - Object: 'Object Repository/WIZARD/3Infraestructura/0Menu/span_Selectores' is clicked on

2023-08-14 11:22:01 - [TEST_STEP][PASSED] - delay(3): Delayed 3 second(s)

2023-08-14 11:22:04 - [MESSAGE][PASSED] - Delayed 3 second(s)

2023-08-14 11:22:04 - [TEST_STEP][PASSED] - click(findTestObject("WIZARD/3Infraestructura/4Selectores/Edicion Selectores/btn_Oficinas(2)/td_5Medellin - Laureles")): Object: 'Object Repository/WIZARD/3Infraestructura/4Selectores/Edicion Selectores/btn_Oficinas(2)/td_5Medellin - Laureles' is clicked on

2023-08-14 11:22:04 - [MESSAGE][PASSED] - Object: 'Object Repository/WIZARD/3Infraestructura/4Selectores/Edicion Selectores/btn_Oficinas(2)/td_5Medellin - Laureles' is clicked on

2023-08-14 11:22:04 - [TEST_STEP][PASSED] - delay(3): Delayed 3 second(s)

2023-08-14 11:22:07 - [MESSAGE][PASSED] - Delayed 3 second(s)

2023-08-14 11:22:07 - [TEST_STEP][PASSED] - click(findTestObject("WIZARD/3Infraestructura/4Selectores/Lista de Selectores/td_Selector 01")): Object: 'Object Repository/WIZARD/3Infraestructura/4Selectores/Lista de Selectores/td_Selector 01' is clicked on

2023-08-14 11:22:08 - [MESSAGE][PASSED] - Object: 'Object Repository/WIZARD/3Infraestructura/4Selectores/Lista de Selectores/td_Selector 01' is clicked on

2023-08-14 11:22:08 - [TEST_STEP][PASSED] - delay(3): Delayed 3 second(s)

2023-08-14 11:22:11 - [MESSAGE][PASSED] - Delayed 3 second(s)

2023-08-14 11:22:11 - [TEST_STEP][PASSED] - scrollToElement(findTestObject("WIZARD/3Infraestructura/4Selectores/Edicion Selectores/Destino del turno/a_SeleccionarTodo"), 2): Scroll to object 'Object Repository/WIZARD/3Infraestructura/4Selectores/Edicion Selectores/Destino del turno/a_SeleccionarTodo' successfully

2023-08-14 11:22:11 - [MESSAGE][PASSED] - Scroll to object 'Object Repository/WIZARD/3Infraestructura/4Selectores/Edicion Selectores/Destino del turno/a_SeleccionarTodo' successfully

2023-08-14 11:22:11 - [TEST_STEP][PASSED] - click(findTestObject("WIZARD/3Infraestructura/4Selectores/Edicion Selectores/Destino del turno/a_SeleccionarTodo")): Object: 'Object Repository/WIZARD/3Infraestructura/4Selectores/Edicion Selectores/Destino del turno/a_SeleccionarTodo' is clicked on

2023-08-14 11:22:11 - [MESSAGE][PASSED] - Object: 'Object Repository/WIZARD/3Infraestructura/4Selectores/Edicion Selectores/Destino del turno/a_SeleccionarTodo' is clicked on

2023-08-14 11:22:11 - [TEST_STEP][PASSED] - delay(2): Delayed 2 second(s)

2023-08-14 11:22:13 - [MESSAGE][PASSED] - Delayed 2 second(s)

2023-08-14 11:22:13 - [TEST_STEP][PASSED] - click(findTestObject("WIZARD/3Infraestructura/4Selectores/Edicion Selectores/Destino del turno/img_Relacionar")): Object: 'Object Repository/WIZARD/3Infraestructura/4Selectores/Edicion Selectores/Destino del turno/img_Relacionar' is clicked on

2023-08-14 11:22:14 - [MESSAGE][PASSED] - Object: 'Object Repository/WIZARD/3Infraestructura/4Selectores/Edicion Selectores/Destino del turno/img_Relacionar' is clicked on

2023-08-14 11:22:14 - [TEST_STEP][PASSED] - delay(3): Delayed 3 second(s)

2023-08-14 11:22:17 - [MESSAGE][PASSED] - Delayed 3 second(s)

2023-08-14 11:22:17 - [TEST_STEP][PASSED] - click(findTestObject("WIZARD/3Infraestructura/0Menu/span_Selectores")): Object: 'Object Repository/WIZARD/3Infraestructura/0Menu/span_Selectores' is clicked on

2023-08-14 11:22:18 - [MESSAGE][PASSED] - Object: 'Object Repository/WIZARD/3Infraestructura/0Menu/span_Selectores' is clicked on

2023-08-14 11:22:18 - [TEST_STEP][PASSED] - delay(3): Delayed 3 second(s)

2023-08-14 11:22:21 - [MESSAGE][PASSED] - Delayed 3 second(s)

2023-08-14 11:22:21 - [TEST_STEP][PASSED] - click(findTestObject("WIZARD/3Infraestructura/4Selectores/Edicion Selectores/btn_Oficinas(2)/td_6Virtual - Oficina Virtual")): Object: 'Object Repository/WIZARD/3Infraestructura/4Selectores/Edicion Selectores/btn_Oficinas(2)/td_6Virtual - Oficina Virtual' is clicked on

2023-08-14 11:22:21 - [MESSAGE][PASSED] - Object: 'Object Repository/WIZARD/3Infraestructura/4Selectores/Edicion Selectores/btn_Oficinas(2)/td_6Virtual - Oficina Virtual' is clicked on

2023-08-14 11:22:21 - [TEST_STEP][PASSED] - delay(3): Delayed 3 second(s)

2023-08-14 11:22:24 - [MESSAGE][PASSED] - Delayed 3 second(s)

2023-08-14 11:22:24 - [TEST_STEP][PASSED] - click(findTestObject("WIZARD/3Infraestructura/4Selectores/Lista de Selectores/td_Selector 01")): Object: 'Object Repository/WIZARD/3Infraestructura/4Selectores/Lista de Selectores/td_Selector 01' is clicked on

2023-08-14 11:22:25 - [MESSAGE][PASSED] - Object: 'Object Repository/WIZARD/3Infraestructura/4Selectores/Lista de Selectores/td_Selector 01' is clicked on

2023-08-14 11:22:25 - [TEST_STEP][PASSED] - delay(3): Delayed 3 second(s)

2023-08-14 11:22:28 - [MESSAGE][PASSED] - Delayed 3 second(s)

2023-08-14 11:22:28 - [TEST_STEP][PASSED] - scrollToElement(findTestObject("WIZARD/3Infraestructura/4Selectores/Edicion Selectores/Destino del turno/a_SeleccionarTodo"), 2): Scroll to object 'Object Repository/WIZARD/3Infraestructura/4Selectores/Edicion Selectores/Destino del turno/a_SeleccionarTodo' successfully

2023-08-14 11:22:28 - [MESSAGE][PASSED] - Scroll to object 'Object Repository/WIZARD/3Infraestructura/4Selectores/Edicion Selectores/Destino del turno/a_SeleccionarTodo' successfully

2023-08-14 11:22:28 - [TEST_STEP][PASSED] - click(findTestObject("WIZARD/3Infraestructura/4Selectores/Edicion Selectores/Destino del turno/a_SeleccionarTodo")): Object: 'Object Repository/WIZARD/3Infraestructura/4Selectores/Edicion Selectores/Destino del turno/a_SeleccionarTodo' is clicked on

2023-08-14 11:22:29 - [MESSAGE][PASSED] - Object: 'Object Repository/WIZARD/3Infraestructura/4Selectores/Edicion Selectores/Destino del turno/a_SeleccionarTodo' is clicked on

2023-08-14 11:22:29 - [TEST_STEP][PASSED] - delay(2): Delayed 2 second(s)

2023-08-14 11:22:31 - [MESSAGE][PASSED] - Delayed 2 second(s)

2023-08-14 11:22:31 - [TEST_STEP][PASSED] - click(findTestObject("WIZARD/3Infraestructura/4Selectores/Edicion Selectores/Destino del turno/img_Relacionar")): Object: 'Object Repository/WIZARD/3Infraestructura/4Selectores/Edicion Selectores/Destino del turno/img_Relacionar' is clicked on

2023-08-14 11:22:31 - [MESSAGE][PASSED] - Object: 'Object Repository/WIZARD/3Infraestructura/4Selectores/Edicion Selectores/Destino del turno/img_Relacionar' is clicked on

2023-08-14 11:22:31 - [TEST_STEP][PASSED] - delay(3): Delayed 3 second(s)

2023-08-14 11:22:34 - [MESSAGE][PASSED] - Delayed 3 second(s)

2023-08-14 11:22:34 - [TEST_STEP][PASSED] - click(findTestObject("WIZARD/3Infraestructura/0Menu/span_Selectores")): Object: 'Object Repository/WIZARD/3Infraestructura/0Menu/span_Selectores' is clicked on

2023-08-14 11:22:35 - [MESSAGE][PASSED] - Object: 'Object Repository/WIZARD/3Infraestructura/0Menu/span_Selectores' is clicked on

2023-08-14 11:22:35 - [TEST_STEP][PASSED] - delay(3): Delayed 3 second(s)

2023-08-14 11:22:38 - [MESSAGE][PASSED] - Delayed 3 second(s)

2023-08-14 11:22:38 - [TEST_STEP][PASSED] - click(findTestObject("WIZARD/3Infraestructura/4Selectores/Edicion Selectores/btn_Oficinas(2)/td_7WorkFlow - Oficina WorkFlow")): Object: 'Object Repository/WIZARD/3Infraestructura/4Selectores/Edicion Selectores/btn_Oficinas(2)/td_7WorkFlow - Oficina WorkFlow' is clicked on

2023-08-14 11:22:39 - [MESSAGE][PASSED] - Object: 'Object Repository/WIZARD/3Infraestructura/4Selectores/Edicion Selectores/btn_Oficinas(2)/td_7WorkFlow - Oficina WorkFlow' is clicked on

2023-08-14 11:22:39 - [TEST_STEP][PASSED] - delay(3): Delayed 3 second(s)

2023-08-14 11:22:42 - [MESSAGE][PASSED] - Delayed 3 second(s)

2023-08-14 11:22:42 - [TEST_STEP][PASSED] - click(findTestObject("WIZARD/3Infraestructura/4Selectores/Lista de Selectores/td_Selector 01")): Object: 'Object Repository/WIZARD/3Infraestructura/4Selectores/Lista de Selectores/td_Selector 01' is clicked on

2023-08-14 11:22:42 - [MESSAGE][PASSED] - Object: 'Object Repository/WIZARD/3Infraestructura/4Selectores/Lista de Selectores/td_Selector 01' is clicked on

2023-08-14 11:22:42 - [TEST_STEP][PASSED] - delay(3): Delayed 3 second(s)

2023-08-14 11:22:45 - [MESSAGE][PASSED] - Delayed 3 second(s)

2023-08-14 11:22:45 - [TEST_STEP][PASSED] - scrollToElement(findTestObject("WIZARD/3Infraestructura/4Selectores/Edicion Selectores/Destino del turno/a_SeleccionarTodo"), 2): Scroll to object 'Object Repository/WIZARD/3Infraestructura/4Selectores/Edicion Selectores/Destino del turno/a_SeleccionarTodo' successfully

2023-08-14 11:22:46 - [MESSAGE][PASSED] - Scroll to object 'Object Repository/WIZARD/3Infraestructura/4Selectores/Edicion Selectores/Destino del turno/a_SeleccionarTodo' successfully

2023-08-14 11:22:46 - [TEST_STEP][PASSED] - click(findTestObject("WIZARD/3Infraestructura/4Selectores/Edicion Selectores/Destino del turno/a_SeleccionarTodo")): Object: 'Object Repository/WIZARD/3Infraestructura/4Selectores/Edicion Selectores/Destino del turno/a_SeleccionarTodo' is clicked on

2023-08-14 11:22:46 - [MESSAGE][PASSED] - Object: 'Object Repository/WIZARD/3Infraestructura/4Selectores/Edicion Selectores/Destino del turno/a_SeleccionarTodo' is clicked on

2023-08-14 11:22:46 - [TEST_STEP][PASSED] - delay(2): Delayed 2 second(s)

2023-08-14 11:22:48 - [MESSAGE][PASSED] - Delayed 2 second(s)

2023-08-14 11:22:48 - [TEST_STEP][FAILED] - click(findTestObject("WIZARD/3Infraestructura/4Selectores/Edicion Selectores/Destino del turno/img_Relacionar")): Unable to click on object 'Object Repository/WIZARD/3Infraestructura/4Selectores/Edicion Selectores/Destino del turno/img_Relacionar' (Root cause: com.kms.katalon.core.exception.StepFailedException: Unable to click on object 'Object Repository/WIZARD/3Infraestructura/4Selectores/Edicion Selectores/Destino del turno/img_Relacionar'
	at com.kms.katalon.core.webui.keyword.internal.WebUIKeywordMain.stepFailed(WebUIKeywordMain.groovy:64)
	at com.kms.katalon.core.webui.keyword.internal.WebUIKeywordMain.runKeyword(WebUIKeywordMain.groovy:26)
	at com.kms.katalon.core.webui.keyword.builtin.ClickKeyword.click(ClickKeyword.groovy:74)
	at com.kms.katalon.core.webui.keyword.builtin.ClickKeyword.execute(ClickKeyword.groovy:40)
	at com.kms.katalon.core.keyword.internal.KeywordExecutor.executeKeywordForPlatform(KeywordExecutor.groovy:74)
	at com.kms.katalon.core.webui.keyword.WebUiBuiltInKeywords.click(WebUiBuiltInKeywords.groovy:620)
	at com.kms.katalon.core.webui.keyword.WebUiBuiltInKeywords$click$2.call(Unknown Source)
	at 5.4 Relacionar Selectores.run(5.4 Relacionar Selectores:190)
	at com.kms.katalon.core.main.ScriptEngine.run(ScriptEngine.java:194)
	at com.kms.katalon.core.main.ScriptEngine.runScriptAsRawText(ScriptEngine.java:119)
	at com.kms.katalon.core.main.TestCaseExecutor.runScript(TestCaseExecutor.java:448)
	at com.kms.katalon.core.main.TestCaseExecutor.doExecute(TestCaseExecutor.java:439)
	at com.kms.katalon.core.main.TestCaseExecutor.processExecutionPhase(TestCaseExecutor.java:418)
	at com.kms.katalon.core.main.TestCaseExecutor.accessMainPhase(TestCaseExecutor.java:410)
	at com.kms.katalon.core.main.TestCaseExecutor.execute(TestCaseExecutor.java:285)
	at com.kms.katalon.core.common.CommonExecutor.accessTestCaseMainPhase(CommonExecutor.java:65)
	at com.kms.katalon.core.main.TestSuiteExecutor.accessTestSuiteMainPhase(TestSuiteExecutor.java:148)
	at com.kms.katalon.core.main.TestSuiteExecutor.execute(TestSuiteExecutor.java:106)
	at com.kms.katalon.core.main.TestCaseMain.startTestSuite(TestCaseMain.java:187)
	at com.kms.katalon.core.main.TestCaseMain$startTestSuite$0.call(Unknown Source)
	at TempTestSuite1692027828931.run(TempTestSuite1692027828931.groovy:36)
Caused by: org.openqa.selenium.ElementClickInterceptedException: element click intercepted: Element <img id="ContentPlaceHolder1_MenuEdicionListaEntes_imgNuevo" src="../../../img/Iconos/Edicion/Nuevo2.svg" style="border-width:0px;"> is not clickable at point (900, 49). Other element would receive the click: <div class="divCabeza">...</div>
  (Session info: chrome=115.0.5790.171)
Build info: version: '3.141.59', revision: 'e82be7d358', time: '2018-11-14T08:25:53'
System info: host: 'PCPRUEBAS101', ip: '192.168.0.33', os.name: 'Windows 10', os.arch: 'amd64', os.version: '10.0', java.version: '1.8.0_282'
Driver info: com.kms.katalon.selenium.driver.CChromeDriver
Capabilities {acceptInsecureCerts: false, browserName: chrome, browserVersion: 115.0.5790.171, chrome: {chromedriverVersion: 114.0.5735.90 (386bc09e8f4f..., userDataDir: C:\Users\JDavila\AppData\Lo...}, goog:chromeOptions: {debuggerAddress: localhost:62363}, javascriptEnabled: true, networkConnectionEnabled: false, pageLoadStrategy: normal, platform: WINDOWS, platformName: WINDOWS, proxy: Proxy(), setWindowRect: true, strictFileInteractability: false, timeouts: {implicit: 0, pageLoad: 300000, script: 30000}, unhandledPromptBehavior: dismiss and notify, webauthn:extension:credBlob: true, webauthn:extension:largeBlob: true, webauthn:extension:minPinLength: true, webauthn:extension:prf: true, webauthn:virtualAuthenticators: true}
Session ID: f07e7ce425f2d59d3f6e0431b91505ac
	at org.openqa.selenium.remote.http.W3CHttpResponseCodec.createException(W3CHttpResponseCodec.java:187)
	at org.openqa.selenium.remote.http.W3CHttpResponseCodec.decode(W3CHttpResponseCodec.java:122)
	at org.openqa.selenium.remote.http.W3CHttpResponseCodec.decode(W3CHttpResponseCodec.java:49)
	at org.openqa.selenium.remote.HttpCommandExecutor.execute(HttpCommandExecutor.java:158)
	at org.openqa.selenium.remote.service.DriverCommandExecutor.execute(DriverCommandExecutor.java:83)
	at org.openqa.selenium.remote.RemoteWebDriver.execute(RemoteWebDriver.java:552)
	at com.kms.katalon.selenium.driver.CChromeDriver.execute(CChromeDriver.java:19)
	at org.openqa.selenium.remote.RemoteWebElement.execute(RemoteWebElement.java:285)
	at org.openqa.selenium.remote.RemoteWebElement.click(RemoteWebElement.java:84)
	at org.openqa.selenium.support.events.EventFiringWebDriver$EventFiringWebElement.lambda$new$0(EventFiringWebDriver.java:404)
	at com.sun.proxy.$Proxy12.click(Unknown Source)
	at org.openqa.selenium.support.events.EventFiringWebDriver$EventFiringWebElement.click(EventFiringWebDriver.java:417)
	at org.openqa.selenium.WebElement$click.call(Unknown Source)
	at com.kms.katalon.core.webui.keyword.builtin.ClickKeyword.clickUntilSuccessWithTimeout(ClickKeyword.groovy:81)
	at com.kms.katalon.core.webui.keyword.builtin.ClickKeyword.clickUntilSuccessWithTimeout(ClickKeyword.groovy)
	at com.kms.katalon.core.webui.keyword.builtin.ClickKeyword$_click_closure1.doCall(ClickKeyword.groovy:67)
	at com.kms.katalon.core.webui.keyword.builtin.ClickKeyword$_click_closure1.call(ClickKeyword.groovy)
	at com.kms.katalon.core.webui.keyword.internal.WebUIKeywordMain.runKeyword(WebUIKeywordMain.groovy:20)
	at com.kms.katalon.core.webui.keyword.builtin.ClickKeyword.click(ClickKeyword.groovy:74)
	at com.kms.katalon.core.webui.keyword.builtin.ClickKeyword.execute(ClickKeyword.groovy:40)
	at com.kms.katalon.core.keyword.internal.KeywordExecutor.executeKeywordForPlatform(KeywordExecutor.groovy:74)
	at com.kms.katalon.core.webui.keyword.WebUiBuiltInKeywords.click(WebUiBuiltInKeywords.groovy:620)
	at com.kms.katalon.core.webui.keyword.WebUiBuiltInKeywords$click$2.call(Unknown Source)
	at Script1647981329254.run(Script1647981329254.groovy:190)
	... 13 more
)

2023-08-14 11:23:21 - [MESSAGE][FAILED] - Unable to click on object 'Object Repository/WIZARD/3Infraestructura/4Selectores/Edicion Selectores/Destino del turno/img_Relacionar' (Root cause: com.kms.katalon.core.exception.StepFailedException: Unable to click on object 'Object Repository/WIZARD/3Infraestructura/4Selectores/Edicion Selectores/Destino del turno/img_Relacionar'
	at com.kms.katalon.core.webui.keyword.internal.WebUIKeywordMain.stepFailed(WebUIKeywordMain.groovy:64)
	at com.kms.katalon.core.webui.keyword.internal.WebUIKeywordMain.runKeyword(WebUIKeywordMain.groovy:26)
	at com.kms.katalon.core.webui.keyword.builtin.ClickKeyword.click(ClickKeyword.groovy:74)
	at com.kms.katalon.core.webui.keyword.builtin.ClickKeyword.execute(ClickKeyword.groovy:40)
	at com.kms.katalon.core.keyword.internal.KeywordExecutor.executeKeywordForPlatform(KeywordExecutor.groovy:74)
	at com.kms.katalon.core.webui.keyword.WebUiBuiltInKeywords.click(WebUiBuiltInKeywords.groovy:620)
	at com.kms.katalon.core.webui.keyword.WebUiBuiltInKeywords$click$2.call(Unknown Source)
	at 5.4 Relacionar Selectores.run(5.4 Relacionar Selectores:190)
	at com.kms.katalon.core.main.ScriptEngine.run(ScriptEngine.java:194)
	at com.kms.katalon.core.main.ScriptEngine.runScriptAsRawText(ScriptEngine.java:119)
	at com.kms.katalon.core.main.TestCaseExecutor.runScript(TestCaseExecutor.java:448)
	at com.kms.katalon.core.main.TestCaseExecutor.doExecute(TestCaseExecutor.java:439)
	at com.kms.katalon.core.main.TestCaseExecutor.processExecutionPhase(TestCaseExecutor.java:418)
	at com.kms.katalon.core.main.TestCaseExecutor.accessMainPhase(TestCaseExecutor.java:410)
	at com.kms.katalon.core.main.TestCaseExecutor.execute(TestCaseExecutor.java:285)
	at com.kms.katalon.core.common.CommonExecutor.accessTestCaseMainPhase(CommonExecutor.java:65)
	at com.kms.katalon.core.main.TestSuiteExecutor.accessTestSuiteMainPhase(TestSuiteExecutor.java:148)
	at com.kms.katalon.core.main.TestSuiteExecutor.execute(TestSuiteExecutor.java:106)
	at com.kms.katalon.core.main.TestCaseMain.startTestSuite(TestCaseMain.java:187)
	at com.kms.katalon.core.main.TestCaseMain$startTestSuite$0.call(Unknown Source)
	at TempTestSuite1692027828931.run(TempTestSuite1692027828931.groovy:36)
Caused by: org.openqa.selenium.ElementClickInterceptedException: element click intercepted: Element <img id="ContentPlaceHolder1_MenuEdicionListaEntes_imgNuevo" src="../../../img/Iconos/Edicion/Nuevo2.svg" style="border-width:0px;"> is not clickable at point (900, 49). Other element would receive the click: <div class="divCabeza">...</div>
  (Session info: chrome=115.0.5790.171)
Build info: version: '3.141.59', revision: 'e82be7d358', time: '2018-11-14T08:25:53'
System info: host: 'PCPRUEBAS101', ip: '192.168.0.33', os.name: 'Windows 10', os.arch: 'amd64', os.version: '10.0', java.version: '1.8.0_282'
Driver info: com.kms.katalon.selenium.driver.CChromeDriver
Capabilities {acceptInsecureCerts: false, browserName: chrome, browserVersion: 115.0.5790.171, chrome: {chromedriverVersion: 114.0.5735.90 (386bc09e8f4f..., userDataDir: C:\Users\JDavila\AppData\Lo...}, goog:chromeOptions: {debuggerAddress: localhost:62363}, javascriptEnabled: true, networkConnectionEnabled: false, pageLoadStrategy: normal, platform: WINDOWS, platformName: WINDOWS, proxy: Proxy(), setWindowRect: true, strictFileInteractability: false, timeouts: {implicit: 0, pageLoad: 300000, script: 30000}, unhandledPromptBehavior: dismiss and notify, webauthn:extension:credBlob: true, webauthn:extension:largeBlob: true, webauthn:extension:minPinLength: true, webauthn:extension:prf: true, webauthn:virtualAuthenticators: true}
Session ID: f07e7ce425f2d59d3f6e0431b91505ac
	at org.openqa.selenium.remote.http.W3CHttpResponseCodec.createException(W3CHttpResponseCodec.java:187)
	at org.openqa.selenium.remote.http.W3CHttpResponseCodec.decode(W3CHttpResponseCodec.java:122)
	at org.openqa.selenium.remote.http.W3CHttpResponseCodec.decode(W3CHttpResponseCodec.java:49)
	at org.openqa.selenium.remote.HttpCommandExecutor.execute(HttpCommandExecutor.java:158)
	at org.openqa.selenium.remote.service.DriverCommandExecutor.execute(DriverCommandExecutor.java:83)
	at org.openqa.selenium.remote.RemoteWebDriver.execute(RemoteWebDriver.java:552)
	at com.kms.katalon.selenium.driver.CChromeDriver.execute(CChromeDriver.java:19)
	at org.openqa.selenium.remote.RemoteWebElement.execute(RemoteWebElement.java:285)
	at org.openqa.selenium.remote.RemoteWebElement.click(RemoteWebElement.java:84)
	at org.openqa.selenium.support.events.EventFiringWebDriver$EventFiringWebElement.lambda$new$0(EventFiringWebDriver.java:404)
	at com.sun.proxy.$Proxy12.click(Unknown Source)
	at org.openqa.selenium.support.events.EventFiringWebDriver$EventFiringWebElement.click(EventFiringWebDriver.java:417)
	at org.openqa.selenium.WebElement$click.call(Unknown Source)
	at com.kms.katalon.core.webui.keyword.builtin.ClickKeyword.clickUntilSuccessWithTimeout(ClickKeyword.groovy:81)
	at com.kms.katalon.core.webui.keyword.builtin.ClickKeyword.clickUntilSuccessWithTimeout(ClickKeyword.groovy)
	at com.kms.katalon.core.webui.keyword.builtin.ClickKeyword$_click_closure1.doCall(ClickKeyword.groovy:67)
	at com.kms.katalon.core.webui.keyword.builtin.ClickKeyword$_click_closure1.call(ClickKeyword.groovy)
	at com.kms.katalon.core.webui.keyword.internal.WebUIKeywordMain.runKeyword(WebUIKeywordMain.groovy:20)
	at com.kms.katalon.core.webui.keyword.builtin.ClickKeyword.click(ClickKeyword.groovy:74)
	at com.kms.katalon.core.webui.keyword.builtin.ClickKeyword.execute(ClickKeyword.groovy:40)
	at com.kms.katalon.core.keyword.internal.KeywordExecutor.executeKeywordForPlatform(KeywordExecutor.groovy:74)
	at com.kms.katalon.core.webui.keyword.WebUiBuiltInKeywords.click(WebUiBuiltInKeywords.groovy:620)
	at com.kms.katalon.core.webui.keyword.WebUiBuiltInKeywords$click$2.call(Unknown Source)
	at Script1647981329254.run(Script1647981329254.groovy:190)
	... 13 more
)
[[ATTACHMENT|C:\\CIEL INGENIERIA\\Katalon\\Digiturno55\\Reports\\20230814_104251\\WIZARD\\3Infraestructura\\4Selectores\\5.4 Relacionar Selectores\\20230814_104348\\1692030201513.png]]

2023-08-14 11:23:21 - [TEST_STEP][PASSED] - Start listener action : sampleAfterTestCase: null]]></system-out>
         <system-err><![CDATA[2023-08-14 11:20:31 - [TEST_CASE][FAILED] - Test Cases/WIZARD/3Infraestructura/4Selectores/5.4 Relacionar Selectores: Test Cases/WIZARD/3Infraestructura/4Selectores/5.4 Relacionar Selectores FAILED.
Reason:
com.kms.katalon.core.exception.StepFailedException: Unable to click on object 'Object Repository/WIZARD/3Infraestructura/4Selectores/Edicion Selectores/Destino del turno/img_Relacionar'
	at com.kms.katalon.core.webui.keyword.internal.WebUIKeywordMain.stepFailed(WebUIKeywordMain.groovy:64)
	at com.kms.katalon.core.webui.keyword.internal.WebUIKeywordMain.runKeyword(WebUIKeywordMain.groovy:26)
	at com.kms.katalon.core.webui.keyword.builtin.ClickKeyword.click(ClickKeyword.groovy:74)
	at com.kms.katalon.core.webui.keyword.builtin.ClickKeyword.execute(ClickKeyword.groovy:40)
	at com.kms.katalon.core.keyword.internal.KeywordExecutor.executeKeywordForPlatform(KeywordExecutor.groovy:74)
	at com.kms.katalon.core.webui.keyword.WebUiBuiltInKeywords.click(WebUiBuiltInKeywords.groovy:620)
	at com.kms.katalon.core.webui.keyword.WebUiBuiltInKeywords$click$2.call(Unknown Source)
	at 5.4 Relacionar Selectores.run(5.4 Relacionar Selectores:190)
	at com.kms.katalon.core.main.ScriptEngine.run(ScriptEngine.java:194)
	at com.kms.katalon.core.main.ScriptEngine.runScriptAsRawText(ScriptEngine.java:119)
	at com.kms.katalon.core.main.TestCaseExecutor.runScript(TestCaseExecutor.java:448)
	at com.kms.katalon.core.main.TestCaseExecutor.doExecute(TestCaseExecutor.java:439)
	at com.kms.katalon.core.main.TestCaseExecutor.processExecutionPhase(TestCaseExecutor.java:418)
	at com.kms.katalon.core.main.TestCaseExecutor.accessMainPhase(TestCaseExecutor.java:410)
	at com.kms.katalon.core.main.TestCaseExecutor.execute(TestCaseExecutor.java:285)
	at com.kms.katalon.core.common.CommonExecutor.accessTestCaseMainPhase(CommonExecutor.java:65)
	at com.kms.katalon.core.main.TestSuiteExecutor.accessTestSuiteMainPhase(TestSuiteExecutor.java:148)
	at com.kms.katalon.core.main.TestSuiteExecutor.execute(TestSuiteExecutor.java:106)
	at com.kms.katalon.core.main.TestCaseMain.startTestSuite(TestCaseMain.java:187)
	at com.kms.katalon.core.main.TestCaseMain$startTestSuite$0.call(Unknown Source)
	at TempTestSuite1692027828931.run(TempTestSuite1692027828931.groovy:36)
Caused by: org.openqa.selenium.ElementClickInterceptedException: element click intercepted: Element <img id="ContentPlaceHolder1_MenuEdicionListaEntes_imgNuevo" src="../../../img/Iconos/Edicion/Nuevo2.svg" style="border-width:0px;"> is not clickable at point (900, 49). Other element would receive the click: <div class="divCabeza">...</div>
  (Session info: chrome=115.0.5790.171)
Build info: version: '3.141.59', revision: 'e82be7d358', time: '2018-11-14T08:25:53'
System info: host: 'PCPRUEBAS101', ip: '192.168.0.33', os.name: 'Windows 10', os.arch: 'amd64', os.version: '10.0', java.version: '1.8.0_282'
Driver info: com.kms.katalon.selenium.driver.CChromeDriver
Capabilities {acceptInsecureCerts: false, browserName: chrome, browserVersion: 115.0.5790.171, chrome: {chromedriverVersion: 114.0.5735.90 (386bc09e8f4f..., userDataDir: C:\Users\JDavila\AppData\Lo...}, goog:chromeOptions: {debuggerAddress: localhost:62363}, javascriptEnabled: true, networkConnectionEnabled: false, pageLoadStrategy: normal, platform: WINDOWS, platformName: WINDOWS, proxy: Proxy(), setWindowRect: true, strictFileInteractability: false, timeouts: {implicit: 0, pageLoad: 300000, script: 30000}, unhandledPromptBehavior: dismiss and notify, webauthn:extension:credBlob: true, webauthn:extension:largeBlob: true, webauthn:extension:minPinLength: true, webauthn:extension:prf: true, webauthn:virtualAuthenticators: true}
Session ID: f07e7ce425f2d59d3f6e0431b91505ac
	at org.openqa.selenium.remote.http.W3CHttpResponseCodec.createException(W3CHttpResponseCodec.java:187)
	at org.openqa.selenium.remote.http.W3CHttpResponseCodec.decode(W3CHttpResponseCodec.java:122)
	at org.openqa.selenium.remote.http.W3CHttpResponseCodec.decode(W3CHttpResponseCodec.java:49)
	at org.openqa.selenium.remote.HttpCommandExecutor.execute(HttpCommandExecutor.java:158)
	at org.openqa.selenium.remote.service.DriverCommandExecutor.execute(DriverCommandExecutor.java:83)
	at org.openqa.selenium.remote.RemoteWebDriver.execute(RemoteWebDriver.java:552)
	at com.kms.katalon.selenium.driver.CChromeDriver.execute(CChromeDriver.java:19)
	at org.openqa.selenium.remote.RemoteWebElement.execute(RemoteWebElement.java:285)
	at org.openqa.selenium.remote.RemoteWebElement.click(RemoteWebElement.java:84)
	at org.openqa.selenium.support.events.EventFiringWebDriver$EventFiringWebElement.lambda$new$0(EventFiringWebDriver.java:404)
	at com.sun.proxy.$Proxy12.click(Unknown Source)
	at org.openqa.selenium.support.events.EventFiringWebDriver$EventFiringWebElement.click(EventFiringWebDriver.java:417)
	at org.openqa.selenium.WebElement$click.call(Unknown Source)
	at com.kms.katalon.core.webui.keyword.builtin.ClickKeyword.clickUntilSuccessWithTimeout(ClickKeyword.groovy:81)
	at com.kms.katalon.core.webui.keyword.builtin.ClickKeyword.clickUntilSuccessWithTimeout(ClickKeyword.groovy)
	at com.kms.katalon.core.webui.keyword.builtin.ClickKeyword$_click_closure1.doCall(ClickKeyword.groovy:67)
	at com.kms.katalon.core.webui.keyword.builtin.ClickKeyword$_click_closure1.call(ClickKeyword.groovy)
	at com.kms.katalon.core.webui.keyword.internal.WebUIKeywordMain.runKeyword(WebUIKeywordMain.groovy:20)
	... 19 more]]></system-err>
      </testcase>
      <system-out><![CDATA[2023-08-14 11:20:31 - [TEST_SUITE][FAILED] - 5.4 Relacionar Selectores: Test Cases/WIZARD/3Infraestructura/4Selectores/5.4 Relacionar Selectores FAILED.
Reason:
com.kms.katalon.core.exception.StepFailedException: Unable to click on object 'Object Repository/WIZARD/3Infraestructura/4Selectores/Edicion Selectores/Destino del turno/img_Relacionar'
	at com.kms.katalon.core.webui.keyword.internal.WebUIKeywordMain.stepFailed(WebUIKeywordMain.groovy:64)
	at com.kms.katalon.core.webui.keyword.internal.WebUIKeywordMain.runKeyword(WebUIKeywordMain.groovy:26)
	at com.kms.katalon.core.webui.keyword.builtin.ClickKeyword.click(ClickKeyword.groovy:74)
	at com.kms.katalon.core.webui.keyword.builtin.ClickKeyword.execute(ClickKeyword.groovy:40)
	at com.kms.katalon.core.keyword.internal.KeywordExecutor.executeKeywordForPlatform(KeywordExecutor.groovy:74)
	at com.kms.katalon.core.webui.keyword.WebUiBuiltInKeywords.click(WebUiBuiltInKeywords.groovy:620)
	at com.kms.katalon.core.webui.keyword.WebUiBuiltInKeywords$click$2.call(Unknown Source)
	at 5.4 Relacionar Selectores.run(5.4 Relacionar Selectores:190)
	at com.kms.katalon.core.main.ScriptEngine.run(ScriptEngine.java:194)
	at com.kms.katalon.core.main.ScriptEngine.runScriptAsRawText(ScriptEngine.java:119)
	at com.kms.katalon.core.main.TestCaseExecutor.runScript(TestCaseExecutor.java:448)
	at com.kms.katalon.core.main.TestCaseExecutor.doExecute(TestCaseExecutor.java:439)
	at com.kms.katalon.core.main.TestCaseExecutor.processExecutionPhase(TestCaseExecutor.java:418)
	at com.kms.katalon.core.main.TestCaseExecutor.accessMainPhase(TestCaseExecutor.java:410)
	at com.kms.katalon.core.main.TestCaseExecutor.execute(TestCaseExecutor.java:285)
	at com.kms.katalon.core.common.CommonExecutor.accessTestCaseMainPhase(CommonExecutor.java:65)
	at com.kms.katalon.core.main.TestSuiteExecutor.accessTestSuiteMainPhase(TestSuiteExecutor.java:148)
	at com.kms.katalon.core.main.TestSuiteExecutor.execute(TestSuiteExecutor.java:106)
	at com.kms.katalon.core.main.TestCaseMain.startTestSuite(TestCaseMain.java:187)
	at com.kms.katalon.core.main.TestCaseMain$startTestSuite$0.call(Unknown Source)
	at TempTestSuite1692027828931.run(TempTestSuite1692027828931.groovy:36)
Caused by: org.openqa.selenium.ElementClickInterceptedException: element click intercepted: Element <img id="ContentPlaceHolder1_MenuEdicionListaEntes_imgNuevo" src="../../../img/Iconos/Edicion/Nuevo2.svg" style="border-width:0px;"> is not clickable at point (900, 49). Other element would receive the click: <div class="divCabeza">...</div>
  (Session info: chrome=115.0.5790.171)
Build info: version: '3.141.59', revision: 'e82be7d358', time: '2018-11-14T08:25:53'
System info: host: 'PCPRUEBAS101', ip: '192.168.0.33', os.name: 'Windows 10', os.arch: 'amd64', os.version: '10.0', java.version: '1.8.0_282'
Driver info: com.kms.katalon.selenium.driver.CChromeDriver
Capabilities {acceptInsecureCerts: false, browserName: chrome, browserVersion: 115.0.5790.171, chrome: {chromedriverVersion: 114.0.5735.90 (386bc09e8f4f..., userDataDir: C:\Users\JDavila\AppData\Lo...}, goog:chromeOptions: {debuggerAddress: localhost:62363}, javascriptEnabled: true, networkConnectionEnabled: false, pageLoadStrategy: normal, platform: WINDOWS, platformName: WINDOWS, proxy: Proxy(), setWindowRect: true, strictFileInteractability: false, timeouts: {implicit: 0, pageLoad: 300000, script: 30000}, unhandledPromptBehavior: dismiss and notify, webauthn:extension:credBlob: true, webauthn:extension:largeBlob: true, webauthn:extension:minPinLength: true, webauthn:extension:prf: true, webauthn:virtualAuthenticators: true}
Session ID: f07e7ce425f2d59d3f6e0431b91505ac
	at org.openqa.selenium.remote.http.W3CHttpResponseCodec.createException(W3CHttpResponseCodec.java:187)
	at org.openqa.selenium.remote.http.W3CHttpResponseCodec.decode(W3CHttpResponseCodec.java:122)
	at org.openqa.selenium.remote.http.W3CHttpResponseCodec.decode(W3CHttpResponseCodec.java:49)
	at org.openqa.selenium.remote.HttpCommandExecutor.execute(HttpCommandExecutor.java:158)
	at org.openqa.selenium.remote.service.DriverCommandExecutor.execute(DriverCommandExecutor.java:83)
	at org.openqa.selenium.remote.RemoteWebDriver.execute(RemoteWebDriver.java:552)
	at com.kms.katalon.selenium.driver.CChromeDriver.execute(CChromeDriver.java:19)
	at org.openqa.selenium.remote.RemoteWebElement.execute(RemoteWebElement.java:285)
	at org.openqa.selenium.remote.RemoteWebElement.click(RemoteWebElement.java:84)
	at org.openqa.selenium.support.events.EventFiringWebDriver$EventFiringWebElement.lambda$new$0(EventFiringWebDriver.java:404)
	at com.sun.proxy.$Proxy12.click(Unknown Source)
	at org.openqa.selenium.support.events.EventFiringWebDriver$EventFiringWebElement.click(EventFiringWebDriver.java:417)
	at org.openqa.selenium.WebElement$click.call(Unknown Source)
	at com.kms.katalon.core.webui.keyword.builtin.ClickKeyword.clickUntilSuccessWithTimeout(ClickKeyword.groovy:81)
	at com.kms.katalon.core.webui.keyword.builtin.ClickKeyword.clickUntilSuccessWithTimeout(ClickKeyword.groovy)
	at com.kms.katalon.core.webui.keyword.builtin.ClickKeyword$_click_closure1.doCall(ClickKeyword.groovy:67)
	at com.kms.katalon.core.webui.keyword.builtin.ClickKeyword$_click_closure1.call(ClickKeyword.groovy)
	at com.kms.katalon.core.webui.keyword.internal.WebUIKeywordMain.runKeyword(WebUIKeywordMain.groovy:20)
	... 19 more]]></system-out>
      <system-err><![CDATA[2023-08-14 11:20:31 - [TEST_SUITE][FAILED] - 5.4 Relacionar Selectores: Test Cases/WIZARD/3Infraestructura/4Selectores/5.4 Relacionar Selectores FAILED.
Reason:
com.kms.katalon.core.exception.StepFailedException: Unable to click on object 'Object Repository/WIZARD/3Infraestructura/4Selectores/Edicion Selectores/Destino del turno/img_Relacionar'
	at com.kms.katalon.core.webui.keyword.internal.WebUIKeywordMain.stepFailed(WebUIKeywordMain.groovy:64)
	at com.kms.katalon.core.webui.keyword.internal.WebUIKeywordMain.runKeyword(WebUIKeywordMain.groovy:26)
	at com.kms.katalon.core.webui.keyword.builtin.ClickKeyword.click(ClickKeyword.groovy:74)
	at com.kms.katalon.core.webui.keyword.builtin.ClickKeyword.execute(ClickKeyword.groovy:40)
	at com.kms.katalon.core.keyword.internal.KeywordExecutor.executeKeywordForPlatform(KeywordExecutor.groovy:74)
	at com.kms.katalon.core.webui.keyword.WebUiBuiltInKeywords.click(WebUiBuiltInKeywords.groovy:620)
	at com.kms.katalon.core.webui.keyword.WebUiBuiltInKeywords$click$2.call(Unknown Source)
	at 5.4 Relacionar Selectores.run(5.4 Relacionar Selectores:190)
	at com.kms.katalon.core.main.ScriptEngine.run(ScriptEngine.java:194)
	at com.kms.katalon.core.main.ScriptEngine.runScriptAsRawText(ScriptEngine.java:119)
	at com.kms.katalon.core.main.TestCaseExecutor.runScript(TestCaseExecutor.java:448)
	at com.kms.katalon.core.main.TestCaseExecutor.doExecute(TestCaseExecutor.java:439)
	at com.kms.katalon.core.main.TestCaseExecutor.processExecutionPhase(TestCaseExecutor.java:418)
	at com.kms.katalon.core.main.TestCaseExecutor.accessMainPhase(TestCaseExecutor.java:410)
	at com.kms.katalon.core.main.TestCaseExecutor.execute(TestCaseExecutor.java:285)
	at com.kms.katalon.core.common.CommonExecutor.accessTestCaseMainPhase(CommonExecutor.java:65)
	at com.kms.katalon.core.main.TestSuiteExecutor.accessTestSuiteMainPhase(TestSuiteExecutor.java:148)
	at com.kms.katalon.core.main.TestSuiteExecutor.execute(TestSuiteExecutor.java:106)
	at com.kms.katalon.core.main.TestCaseMain.startTestSuite(TestCaseMain.java:187)
	at com.kms.katalon.core.main.TestCaseMain$startTestSuite$0.call(Unknown Source)
	at TempTestSuite1692027828931.run(TempTestSuite1692027828931.groovy:36)
Caused by: org.openqa.selenium.ElementClickInterceptedException: element click intercepted: Element <img id="ContentPlaceHolder1_MenuEdicionListaEntes_imgNuevo" src="../../../img/Iconos/Edicion/Nuevo2.svg" style="border-width:0px;"> is not clickable at point (900, 49). Other element would receive the click: <div class="divCabeza">...</div>
  (Session info: chrome=115.0.5790.171)
Build info: version: '3.141.59', revision: 'e82be7d358', time: '2018-11-14T08:25:53'
System info: host: 'PCPRUEBAS101', ip: '192.168.0.33', os.name: 'Windows 10', os.arch: 'amd64', os.version: '10.0', java.version: '1.8.0_282'
Driver info: com.kms.katalon.selenium.driver.CChromeDriver
Capabilities {acceptInsecureCerts: false, browserName: chrome, browserVersion: 115.0.5790.171, chrome: {chromedriverVersion: 114.0.5735.90 (386bc09e8f4f..., userDataDir: C:\Users\JDavila\AppData\Lo...}, goog:chromeOptions: {debuggerAddress: localhost:62363}, javascriptEnabled: true, networkConnectionEnabled: false, pageLoadStrategy: normal, platform: WINDOWS, platformName: WINDOWS, proxy: Proxy(), setWindowRect: true, strictFileInteractability: false, timeouts: {implicit: 0, pageLoad: 300000, script: 30000}, unhandledPromptBehavior: dismiss and notify, webauthn:extension:credBlob: true, webauthn:extension:largeBlob: true, webauthn:extension:minPinLength: true, webauthn:extension:prf: true, webauthn:virtualAuthenticators: true}
Session ID: f07e7ce425f2d59d3f6e0431b91505ac
	at org.openqa.selenium.remote.http.W3CHttpResponseCodec.createException(W3CHttpResponseCodec.java:187)
	at org.openqa.selenium.remote.http.W3CHttpResponseCodec.decode(W3CHttpResponseCodec.java:122)
	at org.openqa.selenium.remote.http.W3CHttpResponseCodec.decode(W3CHttpResponseCodec.java:49)
	at org.openqa.selenium.remote.HttpCommandExecutor.execute(HttpCommandExecutor.java:158)
	at org.openqa.selenium.remote.service.DriverCommandExecutor.execute(DriverCommandExecutor.java:83)
	at org.openqa.selenium.remote.RemoteWebDriver.execute(RemoteWebDriver.java:552)
	at com.kms.katalon.selenium.driver.CChromeDriver.execute(CChromeDriver.java:19)
	at org.openqa.selenium.remote.RemoteWebElement.execute(RemoteWebElement.java:285)
	at org.openqa.selenium.remote.RemoteWebElement.click(RemoteWebElement.java:84)
	at org.openqa.selenium.support.events.EventFiringWebDriver$EventFiringWebElement.lambda$new$0(EventFiringWebDriver.java:404)
	at com.sun.proxy.$Proxy12.click(Unknown Source)
	at org.openqa.selenium.support.events.EventFiringWebDriver$EventFiringWebElement.click(EventFiringWebDriver.java:417)
	at org.openqa.selenium.WebElement$click.call(Unknown Source)
	at com.kms.katalon.core.webui.keyword.builtin.ClickKeyword.clickUntilSuccessWithTimeout(ClickKeyword.groovy:81)
	at com.kms.katalon.core.webui.keyword.builtin.ClickKeyword.clickUntilSuccessWithTimeout(ClickKeyword.groovy)
	at com.kms.katalon.core.webui.keyword.builtin.ClickKeyword$_click_closure1.doCall(ClickKeyword.groovy:67)
	at com.kms.katalon.core.webui.keyword.builtin.ClickKeyword$_click_closure1.call(ClickKeyword.groovy)
	at com.kms.katalon.core.webui.keyword.internal.WebUIKeywordMain.runKeyword(WebUIKeywordMain.groovy:20)
	... 19 more]]></system-err>
   </testsuite>
</testsuites>
