<?xml version="1.0" encoding="UTF-8"?>
<testsuites name="12 Terminal Tranferir Archivos" time="225.995" tests="3" failures="3" errors="0">
   <testsuite name="12 Terminal Tranferir Archivos" tests="3" failures="3" errors="0" time="225.995" skipped="0" timestamp="2023-08-30 17:29:15" hostname="jdavila - PCPruebas101.ciel.cielingenieria.com" id="Test Suites/VIDEO ATENCION/12 Terminal Tranferir Archivos">
      <properties>
         <property name="deviceName" value=""/>
         <property name="devicePlatform" value=""/>
         <property name="logFolder" value="C:\\CIEL INGENIERIA\\Katalon\\Digiturno55\\Reports\\20230830_171150\\VIDEO ATENCION\\12 Terminal Tranferir Archivos\\20230830_171214"/>
         <property name="logFiles" value="C:\\CIEL INGENIERIA\\Katalon\\Digiturno55\\Reports\\20230830_171150\\VIDEO ATENCION\\12 Terminal Tranferir Archivos\\20230830_171214\\execution0.log"/>
         <property name="attachments" value="C:\\CIEL INGENIERIA\\Katalon\\Digiturno55\\Reports\\20230830_171150\\VIDEO ATENCION\\12 Terminal Tranferir Archivos\\20230830_171214\\1693434591555.png, C:\\CIEL INGENIERIA\\Katalon\\Digiturno55\\Reports\\20230830_171150\\VIDEO ATENCION\\12 Terminal Tranferir Archivos\\20230830_171214\\1693434596239.png, C:\\CIEL INGENIERIA\\Katalon\\Digiturno55\\Reports\\20230830_171150\\VIDEO ATENCION\\12 Terminal Tranferir Archivos\\20230830_171214\\1693434631644.png, C:\\CIEL INGENIERIA\\Katalon\\Digiturno55\\Reports\\20230830_171150\\VIDEO ATENCION\\12 Terminal Tranferir Archivos\\20230830_171214\\1693434631765.png, C:\\CIEL INGENIERIA\\Katalon\\Digiturno55\\Reports\\20230830_171150\\VIDEO ATENCION\\12 Terminal Tranferir Archivos\\20230830_171214\\1693434666741.png, C:\\CIEL INGENIERIA\\Katalon\\Digiturno55\\Reports\\20230830_171150\\VIDEO ATENCION\\12 Terminal Tranferir Archivos\\20230830_171214\\1693434671417.png, C:\\CIEL INGENIERIA\\Katalon\\Digiturno55\\Reports\\20230830_171150\\VIDEO ATENCION\\12 Terminal Tranferir Archivos\\20230830_171214\\1693434706673.png, C:\\CIEL INGENIERIA\\Katalon\\Digiturno55\\Reports\\20230830_171150\\VIDEO ATENCION\\12 Terminal Tranferir Archivos\\20230830_171214\\1693434706769.png, C:\\CIEL INGENIERIA\\Katalon\\Digiturno55\\Reports\\20230830_171150\\VIDEO ATENCION\\12 Terminal Tranferir Archivos\\20230830_171214\\1693434741959.png, C:\\CIEL INGENIERIA\\Katalon\\Digiturno55\\Reports\\20230830_171150\\VIDEO ATENCION\\12 Terminal Tranferir Archivos\\20230830_171214\\1693434746412.png, C:\\CIEL INGENIERIA\\Katalon\\Digiturno55\\Reports\\20230830_171150\\VIDEO ATENCION\\12 Terminal Tranferir Archivos\\20230830_171214\\1693434781414.png, C:\\CIEL INGENIERIA\\Katalon\\Digiturno55\\Reports\\20230830_171150\\VIDEO ATENCION\\12 Terminal Tranferir Archivos\\20230830_171214\\1693434781508.png"/>
         <property name="hostName" value="jdavila - PCPruebas101.ciel.cielingenieria.com"/>
         <property name="os" value="Windows 10 64bit"/>
         <property name="katalonVersion" value="8.6.6.208"/>
         <property name="browser" value="Chrome 116.0.0.0"/>
         <property name="hostAddress" value="192.168.0.14"/>
         <property name="sessionId" value="633f6630ba38ddf2a6f2a45fb3d58625"/>
         <property name="seleniumVersion" value="3.141.59"/>
         <property name="proxyInformation" value="ProxyInformation { proxyOption=NO_PROXY, proxyServerType=HTTP, username=, password=********, proxyServerAddress=, proxyServerPort=0, executionList=&quot;&quot;, isApplyToDesiredCapabilities=true }"/>
         <property name="platform" value="Windows 10"/>
      </properties>
      <testcase name="Test Cases/VIDEO ATENCION/12 Terminal Transferir Archivo TXT" time="76.044" classname="Test Cases/VIDEO ATENCION/12 Terminal Transferir Archivo TXT" status="FAILED">
         <failure type="FAILED" message="Test Cases/VIDEO ATENCION/12 Terminal Transferir Archivo TXT FAILED.
Reason:
com.kms.katalon.core.exception.StepFailedException: Unable to switch to window with index: '1'
	at com.kms.katalon.core.webui.keyword.internal.WebUIKeywordMain.stepFailed(WebUIKeywordMain.groovy:64)
	at com.kms.katalon.core.webui.keyword.internal.WebUIKeywordMain.runKeyword(WebUIKeywordMain.groovy:26)
	at com.kms.katalon.core.webui.keyword.builtin.SwitchToWindowIndexKeyword.switchToWindowIndex(SwitchToWindowIndexKeyword.groovy:85)
	at com.kms.katalon.core.webui.keyword.builtin.SwitchToWindowIndexKeyword.execute(SwitchToWindowIndexKeyword.groovy:67)
	at com.kms.katalon.core.keyword.internal.KeywordExecutor.executeKeywordForPlatform(KeywordExecutor.groovy:74)
	at com.kms.katalon.core.webui.keyword.WebUiBuiltInKeywords.switchToWindowIndex(WebUiBuiltInKeywords.groovy:1891)
	at com.kms.katalon.core.webui.keyword.WebUiBuiltInKeywords$switchToWindowIndex$8.call(Unknown Source)
	at 12 Terminal Transferir Archivo TXT.run(12 Terminal Transferir Archivo TXT:88)
	at com.kms.katalon.core.main.ScriptEngine.run(ScriptEngine.java:194)
	at com.kms.katalon.core.main.ScriptEngine.runScriptAsRawText(ScriptEngine.java:119)
	at com.kms.katalon.core.main.TestCaseExecutor.runScript(TestCaseExecutor.java:448)
	at com.kms.katalon.core.main.TestCaseExecutor.doExecute(TestCaseExecutor.java:439)
	at com.kms.katalon.core.main.TestCaseExecutor.processExecutionPhase(TestCaseExecutor.java:418)
	at com.kms.katalon.core.main.TestCaseExecutor.accessMainPhase(TestCaseExecutor.java:410)
	at com.kms.katalon.core.main.TestCaseExecutor.execute(TestCaseExecutor.java:285)
	at com.kms.katalon.core.common.CommonExecutor.accessTestCaseMainPhase(CommonExecutor.java:65)
	at com.kms.katalon.core.main.TestSuiteExecutor.accessTestSuiteMainPhase(TestSuiteExecutor.java:148)
	at com.kms.katalon.core.main.TestSuiteExecutor.execute(TestSuiteExecutor.java:106)
	at com.kms.katalon.core.main.TestCaseMain.startTestSuite(TestCaseMain.java:187)
	at com.kms.katalon.core.main.TestCaseMain$startTestSuite$0.call(Unknown Source)
	at TempTestSuite1693433534388.run(TempTestSuite1693433534388.groovy:36)
Caused by: com.kms.katalon.core.exception.StepFailedException: Cannot find window with index: '1'
	at com.kms.katalon.core.webui.keyword.internal.WebUIKeywordMain.stepFailed(WebUIKeywordMain.groovy:64)
	at com.kms.katalon.core.webui.keyword.builtin.SwitchToWindowIndexKeyword$_switchToWindowIndex_closure1.doCall(SwitchToWindowIndexKeyword.groovy:83)
	at com.kms.katalon.core.webui.keyword.builtin.SwitchToWindowIndexKeyword$_switchToWindowIndex_closure1.call(SwitchToWindowIndexKeyword.groovy)
	at com.kms.katalon.core.webui.keyword.internal.WebUIKeywordMain.runKeyword(WebUIKeywordMain.groovy:20)
	... 19 more
"/>
         <system-out><![CDATA[2023-08-30 17:29:15 - [TEST_CASE][FAILED] - Test Cases/VIDEO ATENCION/12 Terminal Transferir Archivo TXT: Test Cases/VIDEO ATENCION/12 Terminal Transferir Archivo TXT FAILED.
Reason:
com.kms.katalon.core.exception.StepFailedException: Unable to switch to window with index: '1'
	at com.kms.katalon.core.webui.keyword.internal.WebUIKeywordMain.stepFailed(WebUIKeywordMain.groovy:64)
	at com.kms.katalon.core.webui.keyword.internal.WebUIKeywordMain.runKeyword(WebUIKeywordMain.groovy:26)
	at com.kms.katalon.core.webui.keyword.builtin.SwitchToWindowIndexKeyword.switchToWindowIndex(SwitchToWindowIndexKeyword.groovy:85)
	at com.kms.katalon.core.webui.keyword.builtin.SwitchToWindowIndexKeyword.execute(SwitchToWindowIndexKeyword.groovy:67)
	at com.kms.katalon.core.keyword.internal.KeywordExecutor.executeKeywordForPlatform(KeywordExecutor.groovy:74)
	at com.kms.katalon.core.webui.keyword.WebUiBuiltInKeywords.switchToWindowIndex(WebUiBuiltInKeywords.groovy:1891)
	at com.kms.katalon.core.webui.keyword.WebUiBuiltInKeywords$switchToWindowIndex$8.call(Unknown Source)
	at 12 Terminal Transferir Archivo TXT.run(12 Terminal Transferir Archivo TXT:88)
	at com.kms.katalon.core.main.ScriptEngine.run(ScriptEngine.java:194)
	at com.kms.katalon.core.main.ScriptEngine.runScriptAsRawText(ScriptEngine.java:119)
	at com.kms.katalon.core.main.TestCaseExecutor.runScript(TestCaseExecutor.java:448)
	at com.kms.katalon.core.main.TestCaseExecutor.doExecute(TestCaseExecutor.java:439)
	at com.kms.katalon.core.main.TestCaseExecutor.processExecutionPhase(TestCaseExecutor.java:418)
	at com.kms.katalon.core.main.TestCaseExecutor.accessMainPhase(TestCaseExecutor.java:410)
	at com.kms.katalon.core.main.TestCaseExecutor.execute(TestCaseExecutor.java:285)
	at com.kms.katalon.core.common.CommonExecutor.accessTestCaseMainPhase(CommonExecutor.java:65)
	at com.kms.katalon.core.main.TestSuiteExecutor.accessTestSuiteMainPhase(TestSuiteExecutor.java:148)
	at com.kms.katalon.core.main.TestSuiteExecutor.execute(TestSuiteExecutor.java:106)
	at com.kms.katalon.core.main.TestCaseMain.startTestSuite(TestCaseMain.java:187)
	at com.kms.katalon.core.main.TestCaseMain$startTestSuite$0.call(Unknown Source)
	at TempTestSuite1693433534388.run(TempTestSuite1693433534388.groovy:36)
Caused by: com.kms.katalon.core.exception.StepFailedException: Cannot find window with index: '1'
	at com.kms.katalon.core.webui.keyword.internal.WebUIKeywordMain.stepFailed(WebUIKeywordMain.groovy:64)
	at com.kms.katalon.core.webui.keyword.builtin.SwitchToWindowIndexKeyword$_switchToWindowIndex_closure1.doCall(SwitchToWindowIndexKeyword.groovy:83)
	at com.kms.katalon.core.webui.keyword.builtin.SwitchToWindowIndexKeyword$_switchToWindowIndex_closure1.call(SwitchToWindowIndexKeyword.groovy)
	at com.kms.katalon.core.webui.keyword.internal.WebUIKeywordMain.runKeyword(WebUIKeywordMain.groovy:20)
	... 19 more


2023-08-30 17:29:16 - [TEST_STEP][PASSED] - openBrowser(UrlDigiturno): Browser is opened with url: 'https://PCPruebas101.ciel.cielingenieria.com:8610'

2023-08-30 17:29:16 - [MESSAGE][INFO] - Starting 'Chrome' driver

2023-08-30 17:29:16 - [MESSAGE][INFO] - User set preference: ['args', '[--use-fake-ui-for-media-stream, --disable-notifications]']

2023-08-30 17:29:16 - [MESSAGE][INFO] - Action delay is set to 0 milliseconds

2023-08-30 17:29:19 - [MESSAGE][PASSED] - Browser is opened with url: 'https://PCPruebas101.ciel.cielingenieria.com:8610'

2023-08-30 17:29:19 - [TEST_STEP][PASSED] - maximizeWindow(): Current window maximized

2023-08-30 17:29:19 - [MESSAGE][PASSED] - Current window maximized

2023-08-30 17:29:19 - [TEST_STEP][PASSED] - delay(3): Delayed 3 second(s)

2023-08-30 17:29:22 - [MESSAGE][PASSED] - Delayed 3 second(s)

2023-08-30 17:29:22 - [TEST_STEP][PASSED] - setText(findTestObject("0Inicio Sesion/input_Usuario"), "ciel"): Text 'ciel' is set on object 'Object Repository/0Inicio Sesion/input_Usuario'

2023-08-30 17:29:22 - [MESSAGE][PASSED] - Text 'ciel' is set on object 'Object Repository/0Inicio Sesion/input_Usuario'

2023-08-30 17:29:22 - [TEST_STEP][PASSED] - setText(findTestObject("0Inicio Sesion/input_Clave"), "digiturno"): Text 'digiturno' is set on object 'Object Repository/0Inicio Sesion/input_Clave'

2023-08-30 17:29:23 - [MESSAGE][PASSED] - Text 'digiturno' is set on object 'Object Repository/0Inicio Sesion/input_Clave'

2023-08-30 17:29:23 - [TEST_STEP][PASSED] - click(findTestObject("0Inicio Sesion/btn_IniciarSesion")): Object: 'Object Repository/0Inicio Sesion/btn_IniciarSesion' is clicked on

2023-08-30 17:29:24 - [MESSAGE][PASSED] - Object: 'Object Repository/0Inicio Sesion/btn_IniciarSesion' is clicked on

2023-08-30 17:29:24 - [TEST_STEP][PASSED] - delay(3): Delayed 3 second(s)

2023-08-30 17:29:27 - [MESSAGE][PASSED] - Delayed 3 second(s)

2023-08-30 17:29:27 - [TEST_STEP][PASSED] - click(findTestObject("DIGITURNO/1Principal/img_Operacion(1)")): Object: 'Object Repository/DIGITURNO/1Principal/img_Operacion(1)' is clicked on

2023-08-30 17:29:28 - [MESSAGE][PASSED] - Object: 'Object Repository/DIGITURNO/1Principal/img_Operacion(1)' is clicked on

2023-08-30 17:29:28 - [TEST_STEP][PASSED] - click(findTestObject("DIGITURNO/OPERACION/0Principal/Elementos del Sistema/img_Terminales")): Object: 'Object Repository/DIGITURNO/OPERACION/0Principal/Elementos del Sistema/img_Terminales' is clicked on

2023-08-30 17:29:28 - [MESSAGE][PASSED] - Object: 'Object Repository/DIGITURNO/OPERACION/0Principal/Elementos del Sistema/img_Terminales' is clicked on

2023-08-30 17:29:28 - [TEST_STEP][PASSED] - click(findTestObject("DIGITURNO/OPERACION/2Terminales/0Oficinas/td_2Cali - Chipichape")): Object: 'Object Repository/DIGITURNO/OPERACION/2Terminales/0Oficinas/td_2Cali - Chipichape' is clicked on

2023-08-30 17:29:29 - [MESSAGE][PASSED] - Object: 'Object Repository/DIGITURNO/OPERACION/2Terminales/0Oficinas/td_2Cali - Chipichape' is clicked on

2023-08-30 17:29:29 - [TEST_STEP][PASSED] - delay(2): Delayed 2 second(s)

2023-08-30 17:29:31 - [MESSAGE][PASSED] - Delayed 2 second(s)

2023-08-30 17:29:31 - [TEST_STEP][PASSED] - click(findTestObject("DIGITURNO/OPERACION/2Terminales/0Terminales (Menos WorkFlow)/td_1 - Terminal - Informacion")): Object: 'Object Repository/DIGITURNO/OPERACION/2Terminales/0Terminales (Menos WorkFlow)/td_1 - Terminal - Informacion' is clicked on

2023-08-30 17:29:31 - [MESSAGE][PASSED] - Object: 'Object Repository/DIGITURNO/OPERACION/2Terminales/0Terminales (Menos WorkFlow)/td_1 - Terminal - Informacion' is clicked on

2023-08-30 17:29:31 - [TEST_STEP][PASSED] - delay(3): Delayed 3 second(s)

2023-08-30 17:29:34 - [MESSAGE][PASSED] - Delayed 3 second(s)

2023-08-30 17:29:34 - [TEST_STEP][PASSED] - navigateToUrl(UrlVideoAtencion): Navigate to 'https://PCPruebas101.ciel.cielingenieria.com:8802/videoatencion.html?conf=selector1' successfully

2023-08-30 17:29:35 - [MESSAGE][PASSED] - Navigate to 'https://PCPruebas101.ciel.cielingenieria.com:8802/videoatencion.html?conf=selector1' successfully

2023-08-30 17:29:35 - [TEST_STEP][PASSED] - waitForElementClickable(findTestObject("VIDEO ATENCION/Cliente/0btn_Solicitar Video Atencion"), 5): Object 'Object Repository/VIDEO ATENCION/Cliente/0btn_Solicitar Video Atencion' is clickable

2023-08-30 17:29:39 - [MESSAGE][PASSED] - Object 'Object Repository/VIDEO ATENCION/Cliente/0btn_Solicitar Video Atencion' is clickable

2023-08-30 17:29:39 - [TEST_STEP][PASSED] - click(findTestObject("VIDEO ATENCION/Cliente/0btn_Solicitar Video Atencion")): Object: 'Object Repository/VIDEO ATENCION/Cliente/0btn_Solicitar Video Atencion' is clicked on

2023-08-30 17:29:40 - [MESSAGE][PASSED] - Object: 'Object Repository/VIDEO ATENCION/Cliente/0btn_Solicitar Video Atencion' is clicked on

2023-08-30 17:29:40 - [TEST_STEP][PASSED] - delay(3): Delayed 3 second(s)

2023-08-30 17:29:43 - [MESSAGE][PASSED] - Delayed 3 second(s)

2023-08-30 17:29:43 - [TEST_STEP][PASSED] - selectOptionByIndex(findTestObject("VIDEO ATENCION/Cliente/select_Tipo Identificacion"), 1): All options with index in [1] are selected on object 'Object Repository/VIDEO ATENCION/Cliente/select_Tipo Identificacion'

2023-08-30 17:29:44 - [MESSAGE][PASSED] - All options with index in [1] are selected on object 'Object Repository/VIDEO ATENCION/Cliente/select_Tipo Identificacion'

2023-08-30 17:29:44 - [TEST_STEP][PASSED] - setText(findTestObject("VIDEO ATENCION/Cliente/input_Identificacion"), "636711"): Text '636711' is set on object 'Object Repository/VIDEO ATENCION/Cliente/input_Identificacion'

2023-08-30 17:29:45 - [MESSAGE][PASSED] - Text '636711' is set on object 'Object Repository/VIDEO ATENCION/Cliente/input_Identificacion'

2023-08-30 17:29:45 - [TEST_STEP][PASSED] - setText(findTestObject("VIDEO ATENCION/Cliente/input_NombreCompleto"), "Jaime Enrique Davila Zuazo"): Text 'Jaime Enrique Davila Zuazo' is set on object 'Object Repository/VIDEO ATENCION/Cliente/input_NombreCompleto'

2023-08-30 17:29:46 - [MESSAGE][PASSED] - Text 'Jaime Enrique Davila Zuazo' is set on object 'Object Repository/VIDEO ATENCION/Cliente/input_NombreCompleto'

2023-08-30 17:29:46 - [TEST_STEP][PASSED] - setText(findTestObject("VIDEO ATENCION/Cliente/input_Primer Nombre"), "Jaime"): Text 'Jaime' is set on object 'Object Repository/VIDEO ATENCION/Cliente/input_Primer Nombre'

2023-08-30 17:29:47 - [MESSAGE][PASSED] - Text 'Jaime' is set on object 'Object Repository/VIDEO ATENCION/Cliente/input_Primer Nombre'

2023-08-30 17:29:47 - [TEST_STEP][PASSED] - setText(findTestObject("VIDEO ATENCION/Cliente/input_Segundo Nombre"), "Enrique"): Text 'Enrique' is set on object 'Object Repository/VIDEO ATENCION/Cliente/input_Segundo Nombre'

2023-08-30 17:29:48 - [MESSAGE][PASSED] - Text 'Enrique' is set on object 'Object Repository/VIDEO ATENCION/Cliente/input_Segundo Nombre'

2023-08-30 17:29:48 - [TEST_STEP][PASSED] - setText(findTestObject("VIDEO ATENCION/Cliente/input_Primer Apellido"), "Davila"): Text 'Davila' is set on object 'Object Repository/VIDEO ATENCION/Cliente/input_Primer Apellido'

2023-08-30 17:29:48 - [MESSAGE][PASSED] - Text 'Davila' is set on object 'Object Repository/VIDEO ATENCION/Cliente/input_Primer Apellido'

2023-08-30 17:29:48 - [TEST_STEP][PASSED] - setText(findTestObject("VIDEO ATENCION/Cliente/input_Segundo Apellido"), "Zuazo"): Text 'Zuazo' is set on object 'Object Repository/VIDEO ATENCION/Cliente/input_Segundo Apellido'

2023-08-30 17:29:49 - [MESSAGE][PASSED] - Text 'Zuazo' is set on object 'Object Repository/VIDEO ATENCION/Cliente/input_Segundo Apellido'

2023-08-30 17:29:49 - [TEST_STEP][PASSED] - setText(findTestObject("VIDEO ATENCION/Cliente/input_Celular"), "3194159302"): Text '3194159302' is set on object 'Object Repository/VIDEO ATENCION/Cliente/input_Celular'

2023-08-30 17:29:50 - [MESSAGE][PASSED] - Text '3194159302' is set on object 'Object Repository/VIDEO ATENCION/Cliente/input_Celular'

2023-08-30 17:29:50 - [TEST_STEP][PASSED] - setText(findTestObject("VIDEO ATENCION/Cliente/input_Correo"), "edavilaz@gmail.com"): Text 'edavilaz@gmail.com' is set on object 'Object Repository/VIDEO ATENCION/Cliente/input_Correo'

2023-08-30 17:29:50 - [MESSAGE][PASSED] - Text 'edavilaz@gmail.com' is set on object 'Object Repository/VIDEO ATENCION/Cliente/input_Correo'

2023-08-30 17:29:50 - [TEST_STEP][PASSED] - setText(findTestObject("VIDEO ATENCION/Cliente/input_Confirme Correo"), "edavilaz@gmail.com"): Text 'edavilaz@gmail.com' is set on object 'Object Repository/VIDEO ATENCION/Cliente/input_Confirme Correo'

2023-08-30 17:29:51 - [MESSAGE][PASSED] - Text 'edavilaz@gmail.com' is set on object 'Object Repository/VIDEO ATENCION/Cliente/input_Confirme Correo'

2023-08-30 17:29:51 - [TEST_STEP][PASSED] - takeFullPageScreenshot(): Taking screenshot successfully

2023-08-30 17:29:52 - [MESSAGE][INFO] - 0 hidden object(s)

2023-08-30 17:29:52 - [MESSAGE][PASSED] - Taking screenshot successfully
[[ATTACHMENT|C:\\CIEL INGENIERIA\\Katalon\\Digiturno55\\Reports\\20230830_171150\\VIDEO ATENCION\\12 Terminal Tranferir Archivos\\20230830_171214\\1693434591555.png]]

2023-08-30 17:29:52 - [TEST_STEP][PASSED] - scrollToElement(findTestObject("VIDEO ATENCION/Cliente/img_Continuar (Guarda Cliente)"), 2): Scroll to object 'Object Repository/VIDEO ATENCION/Cliente/img_Continuar (Guarda Cliente)' successfully

2023-08-30 17:29:52 - [MESSAGE][PASSED] - Scroll to object 'Object Repository/VIDEO ATENCION/Cliente/img_Continuar (Guarda Cliente)' successfully

2023-08-30 17:29:52 - [TEST_STEP][PASSED] - click(findTestObject("VIDEO ATENCION/Cliente/img_Continuar (Guarda Cliente)")): Object: 'Object Repository/VIDEO ATENCION/Cliente/img_Continuar (Guarda Cliente)' is clicked on

2023-08-30 17:29:53 - [MESSAGE][PASSED] - Object: 'Object Repository/VIDEO ATENCION/Cliente/img_Continuar (Guarda Cliente)' is clicked on

2023-08-30 17:29:53 - [TEST_STEP][PASSED] - delay(3): Delayed 3 second(s)

2023-08-30 17:29:56 - [MESSAGE][PASSED] - Delayed 3 second(s)

2023-08-30 17:29:56 - [TEST_STEP][PASSED] - takeFullPageScreenshot(): Taking screenshot successfully

2023-08-30 17:29:56 - [MESSAGE][INFO] - 0 hidden object(s)

2023-08-30 17:29:56 - [MESSAGE][PASSED] - Taking screenshot successfully
[[ATTACHMENT|C:\\CIEL INGENIERIA\\Katalon\\Digiturno55\\Reports\\20230830_171150\\VIDEO ATENCION\\12 Terminal Tranferir Archivos\\20230830_171214\\1693434596239.png]]

2023-08-30 17:29:56 - [TEST_STEP][PASSED] - delay(3): Delayed 3 second(s)

2023-08-30 17:29:59 - [MESSAGE][PASSED] - Delayed 3 second(s)

2023-08-30 17:29:59 - [TEST_STEP][FAILED] - switchToWindowIndex(1): Unable to switch to window with index: '1' (Root cause: com.kms.katalon.core.exception.StepFailedException: Unable to switch to window with index: '1'
	at com.kms.katalon.core.webui.keyword.internal.WebUIKeywordMain.stepFailed(WebUIKeywordMain.groovy:64)
	at com.kms.katalon.core.webui.keyword.internal.WebUIKeywordMain.runKeyword(WebUIKeywordMain.groovy:26)
	at com.kms.katalon.core.webui.keyword.builtin.SwitchToWindowIndexKeyword.switchToWindowIndex(SwitchToWindowIndexKeyword.groovy:85)
	at com.kms.katalon.core.webui.keyword.builtin.SwitchToWindowIndexKeyword.execute(SwitchToWindowIndexKeyword.groovy:67)
	at com.kms.katalon.core.keyword.internal.KeywordExecutor.executeKeywordForPlatform(KeywordExecutor.groovy:74)
	at com.kms.katalon.core.webui.keyword.WebUiBuiltInKeywords.switchToWindowIndex(WebUiBuiltInKeywords.groovy:1891)
	at com.kms.katalon.core.webui.keyword.WebUiBuiltInKeywords$switchToWindowIndex$8.call(Unknown Source)
	at 12 Terminal Transferir Archivo TXT.run(12 Terminal Transferir Archivo TXT:88)
	at com.kms.katalon.core.main.ScriptEngine.run(ScriptEngine.java:194)
	at com.kms.katalon.core.main.ScriptEngine.runScriptAsRawText(ScriptEngine.java:119)
	at com.kms.katalon.core.main.TestCaseExecutor.runScript(TestCaseExecutor.java:448)
	at com.kms.katalon.core.main.TestCaseExecutor.doExecute(TestCaseExecutor.java:439)
	at com.kms.katalon.core.main.TestCaseExecutor.processExecutionPhase(TestCaseExecutor.java:418)
	at com.kms.katalon.core.main.TestCaseExecutor.accessMainPhase(TestCaseExecutor.java:410)
	at com.kms.katalon.core.main.TestCaseExecutor.execute(TestCaseExecutor.java:285)
	at com.kms.katalon.core.common.CommonExecutor.accessTestCaseMainPhase(CommonExecutor.java:65)
	at com.kms.katalon.core.main.TestSuiteExecutor.accessTestSuiteMainPhase(TestSuiteExecutor.java:148)
	at com.kms.katalon.core.main.TestSuiteExecutor.execute(TestSuiteExecutor.java:106)
	at com.kms.katalon.core.main.TestCaseMain.startTestSuite(TestCaseMain.java:187)
	at com.kms.katalon.core.main.TestCaseMain$startTestSuite$0.call(Unknown Source)
	at TempTestSuite1693433534388.run(TempTestSuite1693433534388.groovy:36)
Caused by: com.kms.katalon.core.exception.StepFailedException: Cannot find window with index: '1'
	at com.kms.katalon.core.webui.keyword.internal.WebUIKeywordMain.stepFailed(WebUIKeywordMain.groovy:64)
	at com.kms.katalon.core.webui.keyword.builtin.SwitchToWindowIndexKeyword$_switchToWindowIndex_closure1.doCall(SwitchToWindowIndexKeyword.groovy:83)
	at com.kms.katalon.core.webui.keyword.builtin.SwitchToWindowIndexKeyword$_switchToWindowIndex_closure1.call(SwitchToWindowIndexKeyword.groovy)
	at com.kms.katalon.core.webui.keyword.internal.WebUIKeywordMain.runKeyword(WebUIKeywordMain.groovy:20)
	... 19 more
)

2023-08-30 17:30:31 - [MESSAGE][FAILED] - Cannot find window with index: '1' (Root cause: com.kms.katalon.core.exception.StepFailedException: Cannot find window with index: '1'
	at com.kms.katalon.core.webui.keyword.internal.WebUIKeywordMain.stepFailed(WebUIKeywordMain.groovy:64)
	at com.kms.katalon.core.webui.keyword.builtin.SwitchToWindowIndexKeyword$_switchToWindowIndex_closure1.doCall(SwitchToWindowIndexKeyword.groovy:83)
	at com.kms.katalon.core.webui.keyword.builtin.SwitchToWindowIndexKeyword$_switchToWindowIndex_closure1.call(SwitchToWindowIndexKeyword.groovy)
	at com.kms.katalon.core.webui.keyword.internal.WebUIKeywordMain.runKeyword(WebUIKeywordMain.groovy:20)
	at com.kms.katalon.core.webui.keyword.builtin.SwitchToWindowIndexKeyword.switchToWindowIndex(SwitchToWindowIndexKeyword.groovy:85)
	at com.kms.katalon.core.webui.keyword.builtin.SwitchToWindowIndexKeyword.execute(SwitchToWindowIndexKeyword.groovy:67)
	at com.kms.katalon.core.keyword.internal.KeywordExecutor.executeKeywordForPlatform(KeywordExecutor.groovy:74)
	at com.kms.katalon.core.webui.keyword.WebUiBuiltInKeywords.switchToWindowIndex(WebUiBuiltInKeywords.groovy:1891)
	at com.kms.katalon.core.webui.keyword.WebUiBuiltInKeywords$switchToWindowIndex$8.call(Unknown Source)
	at 12 Terminal Transferir Archivo TXT.run(12 Terminal Transferir Archivo TXT:88)
	at com.kms.katalon.core.main.ScriptEngine.run(ScriptEngine.java:194)
	at com.kms.katalon.core.main.ScriptEngine.runScriptAsRawText(ScriptEngine.java:119)
	at com.kms.katalon.core.main.TestCaseExecutor.runScript(TestCaseExecutor.java:448)
	at com.kms.katalon.core.main.TestCaseExecutor.doExecute(TestCaseExecutor.java:439)
	at com.kms.katalon.core.main.TestCaseExecutor.processExecutionPhase(TestCaseExecutor.java:418)
	at com.kms.katalon.core.main.TestCaseExecutor.accessMainPhase(TestCaseExecutor.java:410)
	at com.kms.katalon.core.main.TestCaseExecutor.execute(TestCaseExecutor.java:285)
	at com.kms.katalon.core.common.CommonExecutor.accessTestCaseMainPhase(CommonExecutor.java:65)
	at com.kms.katalon.core.main.TestSuiteExecutor.accessTestSuiteMainPhase(TestSuiteExecutor.java:148)
	at com.kms.katalon.core.main.TestSuiteExecutor.execute(TestSuiteExecutor.java:106)
	at com.kms.katalon.core.main.TestCaseMain.startTestSuite(TestCaseMain.java:187)
	at com.kms.katalon.core.main.TestCaseMain$startTestSuite$0.call(Unknown Source)
	at TempTestSuite1693433534388.run(TempTestSuite1693433534388.groovy:36)
)
[[ATTACHMENT|C:\\CIEL INGENIERIA\\Katalon\\Digiturno55\\Reports\\20230830_171150\\VIDEO ATENCION\\12 Terminal Tranferir Archivos\\20230830_171214\\1693434631644.png]]

2023-08-30 17:30:31 - [MESSAGE][FAILED] - Unable to switch to window with index: '1' (Root cause: com.kms.katalon.core.exception.StepFailedException: Unable to switch to window with index: '1'
	at com.kms.katalon.core.webui.keyword.internal.WebUIKeywordMain.stepFailed(WebUIKeywordMain.groovy:64)
	at com.kms.katalon.core.webui.keyword.internal.WebUIKeywordMain.runKeyword(WebUIKeywordMain.groovy:26)
	at com.kms.katalon.core.webui.keyword.builtin.SwitchToWindowIndexKeyword.switchToWindowIndex(SwitchToWindowIndexKeyword.groovy:85)
	at com.kms.katalon.core.webui.keyword.builtin.SwitchToWindowIndexKeyword.execute(SwitchToWindowIndexKeyword.groovy:67)
	at com.kms.katalon.core.keyword.internal.KeywordExecutor.executeKeywordForPlatform(KeywordExecutor.groovy:74)
	at com.kms.katalon.core.webui.keyword.WebUiBuiltInKeywords.switchToWindowIndex(WebUiBuiltInKeywords.groovy:1891)
	at com.kms.katalon.core.webui.keyword.WebUiBuiltInKeywords$switchToWindowIndex$8.call(Unknown Source)
	at 12 Terminal Transferir Archivo TXT.run(12 Terminal Transferir Archivo TXT:88)
	at com.kms.katalon.core.main.ScriptEngine.run(ScriptEngine.java:194)
	at com.kms.katalon.core.main.ScriptEngine.runScriptAsRawText(ScriptEngine.java:119)
	at com.kms.katalon.core.main.TestCaseExecutor.runScript(TestCaseExecutor.java:448)
	at com.kms.katalon.core.main.TestCaseExecutor.doExecute(TestCaseExecutor.java:439)
	at com.kms.katalon.core.main.TestCaseExecutor.processExecutionPhase(TestCaseExecutor.java:418)
	at com.kms.katalon.core.main.TestCaseExecutor.accessMainPhase(TestCaseExecutor.java:410)
	at com.kms.katalon.core.main.TestCaseExecutor.execute(TestCaseExecutor.java:285)
	at com.kms.katalon.core.common.CommonExecutor.accessTestCaseMainPhase(CommonExecutor.java:65)
	at com.kms.katalon.core.main.TestSuiteExecutor.accessTestSuiteMainPhase(TestSuiteExecutor.java:148)
	at com.kms.katalon.core.main.TestSuiteExecutor.execute(TestSuiteExecutor.java:106)
	at com.kms.katalon.core.main.TestCaseMain.startTestSuite(TestCaseMain.java:187)
	at com.kms.katalon.core.main.TestCaseMain$startTestSuite$0.call(Unknown Source)
	at TempTestSuite1693433534388.run(TempTestSuite1693433534388.groovy:36)
Caused by: com.kms.katalon.core.exception.StepFailedException: Cannot find window with index: '1'
	at com.kms.katalon.core.webui.keyword.internal.WebUIKeywordMain.stepFailed(WebUIKeywordMain.groovy:64)
	at com.kms.katalon.core.webui.keyword.builtin.SwitchToWindowIndexKeyword$_switchToWindowIndex_closure1.doCall(SwitchToWindowIndexKeyword.groovy:83)
	at com.kms.katalon.core.webui.keyword.builtin.SwitchToWindowIndexKeyword$_switchToWindowIndex_closure1.call(SwitchToWindowIndexKeyword.groovy)
	at com.kms.katalon.core.webui.keyword.internal.WebUIKeywordMain.runKeyword(WebUIKeywordMain.groovy:20)
	... 19 more
)
[[ATTACHMENT|C:\\CIEL INGENIERIA\\Katalon\\Digiturno55\\Reports\\20230830_171150\\VIDEO ATENCION\\12 Terminal Tranferir Archivos\\20230830_171214\\1693434631765.png]]

2023-08-30 17:30:31 - [TEST_STEP][PASSED] - Start listener action : sampleAfterTestCase: null]]></system-out>
         <system-err><![CDATA[2023-08-30 17:29:15 - [TEST_CASE][FAILED] - Test Cases/VIDEO ATENCION/12 Terminal Transferir Archivo TXT: Test Cases/VIDEO ATENCION/12 Terminal Transferir Archivo TXT FAILED.
Reason:
com.kms.katalon.core.exception.StepFailedException: Unable to switch to window with index: '1'
	at com.kms.katalon.core.webui.keyword.internal.WebUIKeywordMain.stepFailed(WebUIKeywordMain.groovy:64)
	at com.kms.katalon.core.webui.keyword.internal.WebUIKeywordMain.runKeyword(WebUIKeywordMain.groovy:26)
	at com.kms.katalon.core.webui.keyword.builtin.SwitchToWindowIndexKeyword.switchToWindowIndex(SwitchToWindowIndexKeyword.groovy:85)
	at com.kms.katalon.core.webui.keyword.builtin.SwitchToWindowIndexKeyword.execute(SwitchToWindowIndexKeyword.groovy:67)
	at com.kms.katalon.core.keyword.internal.KeywordExecutor.executeKeywordForPlatform(KeywordExecutor.groovy:74)
	at com.kms.katalon.core.webui.keyword.WebUiBuiltInKeywords.switchToWindowIndex(WebUiBuiltInKeywords.groovy:1891)
	at com.kms.katalon.core.webui.keyword.WebUiBuiltInKeywords$switchToWindowIndex$8.call(Unknown Source)
	at 12 Terminal Transferir Archivo TXT.run(12 Terminal Transferir Archivo TXT:88)
	at com.kms.katalon.core.main.ScriptEngine.run(ScriptEngine.java:194)
	at com.kms.katalon.core.main.ScriptEngine.runScriptAsRawText(ScriptEngine.java:119)
	at com.kms.katalon.core.main.TestCaseExecutor.runScript(TestCaseExecutor.java:448)
	at com.kms.katalon.core.main.TestCaseExecutor.doExecute(TestCaseExecutor.java:439)
	at com.kms.katalon.core.main.TestCaseExecutor.processExecutionPhase(TestCaseExecutor.java:418)
	at com.kms.katalon.core.main.TestCaseExecutor.accessMainPhase(TestCaseExecutor.java:410)
	at com.kms.katalon.core.main.TestCaseExecutor.execute(TestCaseExecutor.java:285)
	at com.kms.katalon.core.common.CommonExecutor.accessTestCaseMainPhase(CommonExecutor.java:65)
	at com.kms.katalon.core.main.TestSuiteExecutor.accessTestSuiteMainPhase(TestSuiteExecutor.java:148)
	at com.kms.katalon.core.main.TestSuiteExecutor.execute(TestSuiteExecutor.java:106)
	at com.kms.katalon.core.main.TestCaseMain.startTestSuite(TestCaseMain.java:187)
	at com.kms.katalon.core.main.TestCaseMain$startTestSuite$0.call(Unknown Source)
	at TempTestSuite1693433534388.run(TempTestSuite1693433534388.groovy:36)
Caused by: com.kms.katalon.core.exception.StepFailedException: Cannot find window with index: '1'
	at com.kms.katalon.core.webui.keyword.internal.WebUIKeywordMain.stepFailed(WebUIKeywordMain.groovy:64)
	at com.kms.katalon.core.webui.keyword.builtin.SwitchToWindowIndexKeyword$_switchToWindowIndex_closure1.doCall(SwitchToWindowIndexKeyword.groovy:83)
	at com.kms.katalon.core.webui.keyword.builtin.SwitchToWindowIndexKeyword$_switchToWindowIndex_closure1.call(SwitchToWindowIndexKeyword.groovy)
	at com.kms.katalon.core.webui.keyword.internal.WebUIKeywordMain.runKeyword(WebUIKeywordMain.groovy:20)
	... 19 more]]></system-err>
      </testcase>
      <testcase name="Test Cases/VIDEO ATENCION/12 Terminal Transferir Archivo PDF" time="74.981" classname="Test Cases/VIDEO ATENCION/12 Terminal Transferir Archivo PDF" status="FAILED">
         <failure type="FAILED" message="Test Cases/VIDEO ATENCION/12 Terminal Transferir Archivo PDF FAILED.
Reason:
com.kms.katalon.core.exception.StepFailedException: Unable to switch to window with index: '1'
	at com.kms.katalon.core.webui.keyword.internal.WebUIKeywordMain.stepFailed(WebUIKeywordMain.groovy:64)
	at com.kms.katalon.core.webui.keyword.internal.WebUIKeywordMain.runKeyword(WebUIKeywordMain.groovy:26)
	at com.kms.katalon.core.webui.keyword.builtin.SwitchToWindowIndexKeyword.switchToWindowIndex(SwitchToWindowIndexKeyword.groovy:85)
	at com.kms.katalon.core.webui.keyword.builtin.SwitchToWindowIndexKeyword.execute(SwitchToWindowIndexKeyword.groovy:67)
	at com.kms.katalon.core.keyword.internal.KeywordExecutor.executeKeywordForPlatform(KeywordExecutor.groovy:74)
	at com.kms.katalon.core.webui.keyword.WebUiBuiltInKeywords.switchToWindowIndex(WebUiBuiltInKeywords.groovy:1891)
	at com.kms.katalon.core.webui.keyword.WebUiBuiltInKeywords$switchToWindowIndex$8.call(Unknown Source)
	at 12 Terminal Transferir Archivo PDF.run(12 Terminal Transferir Archivo PDF:88)
	at com.kms.katalon.core.main.ScriptEngine.run(ScriptEngine.java:194)
	at com.kms.katalon.core.main.ScriptEngine.runScriptAsRawText(ScriptEngine.java:119)
	at com.kms.katalon.core.main.TestCaseExecutor.runScript(TestCaseExecutor.java:448)
	at com.kms.katalon.core.main.TestCaseExecutor.doExecute(TestCaseExecutor.java:439)
	at com.kms.katalon.core.main.TestCaseExecutor.processExecutionPhase(TestCaseExecutor.java:418)
	at com.kms.katalon.core.main.TestCaseExecutor.accessMainPhase(TestCaseExecutor.java:410)
	at com.kms.katalon.core.main.TestCaseExecutor.execute(TestCaseExecutor.java:285)
	at com.kms.katalon.core.common.CommonExecutor.accessTestCaseMainPhase(CommonExecutor.java:65)
	at com.kms.katalon.core.main.TestSuiteExecutor.accessTestSuiteMainPhase(TestSuiteExecutor.java:148)
	at com.kms.katalon.core.main.TestSuiteExecutor.execute(TestSuiteExecutor.java:106)
	at com.kms.katalon.core.main.TestCaseMain.startTestSuite(TestCaseMain.java:187)
	at com.kms.katalon.core.main.TestCaseMain$startTestSuite$0.call(Unknown Source)
	at TempTestSuite1693433534388.run(TempTestSuite1693433534388.groovy:36)
Caused by: com.kms.katalon.core.exception.StepFailedException: Cannot find window with index: '1'
	at com.kms.katalon.core.webui.keyword.internal.WebUIKeywordMain.stepFailed(WebUIKeywordMain.groovy:64)
	at com.kms.katalon.core.webui.keyword.builtin.SwitchToWindowIndexKeyword$_switchToWindowIndex_closure1.doCall(SwitchToWindowIndexKeyword.groovy:83)
	at com.kms.katalon.core.webui.keyword.builtin.SwitchToWindowIndexKeyword$_switchToWindowIndex_closure1.call(SwitchToWindowIndexKeyword.groovy)
	at com.kms.katalon.core.webui.keyword.internal.WebUIKeywordMain.runKeyword(WebUIKeywordMain.groovy:20)
	... 19 more
"/>
         <system-out><![CDATA[2023-08-30 17:30:31 - [TEST_CASE][FAILED] - Test Cases/VIDEO ATENCION/12 Terminal Transferir Archivo PDF: Test Cases/VIDEO ATENCION/12 Terminal Transferir Archivo PDF FAILED.
Reason:
com.kms.katalon.core.exception.StepFailedException: Unable to switch to window with index: '1'
	at com.kms.katalon.core.webui.keyword.internal.WebUIKeywordMain.stepFailed(WebUIKeywordMain.groovy:64)
	at com.kms.katalon.core.webui.keyword.internal.WebUIKeywordMain.runKeyword(WebUIKeywordMain.groovy:26)
	at com.kms.katalon.core.webui.keyword.builtin.SwitchToWindowIndexKeyword.switchToWindowIndex(SwitchToWindowIndexKeyword.groovy:85)
	at com.kms.katalon.core.webui.keyword.builtin.SwitchToWindowIndexKeyword.execute(SwitchToWindowIndexKeyword.groovy:67)
	at com.kms.katalon.core.keyword.internal.KeywordExecutor.executeKeywordForPlatform(KeywordExecutor.groovy:74)
	at com.kms.katalon.core.webui.keyword.WebUiBuiltInKeywords.switchToWindowIndex(WebUiBuiltInKeywords.groovy:1891)
	at com.kms.katalon.core.webui.keyword.WebUiBuiltInKeywords$switchToWindowIndex$8.call(Unknown Source)
	at 12 Terminal Transferir Archivo PDF.run(12 Terminal Transferir Archivo PDF:88)
	at com.kms.katalon.core.main.ScriptEngine.run(ScriptEngine.java:194)
	at com.kms.katalon.core.main.ScriptEngine.runScriptAsRawText(ScriptEngine.java:119)
	at com.kms.katalon.core.main.TestCaseExecutor.runScript(TestCaseExecutor.java:448)
	at com.kms.katalon.core.main.TestCaseExecutor.doExecute(TestCaseExecutor.java:439)
	at com.kms.katalon.core.main.TestCaseExecutor.processExecutionPhase(TestCaseExecutor.java:418)
	at com.kms.katalon.core.main.TestCaseExecutor.accessMainPhase(TestCaseExecutor.java:410)
	at com.kms.katalon.core.main.TestCaseExecutor.execute(TestCaseExecutor.java:285)
	at com.kms.katalon.core.common.CommonExecutor.accessTestCaseMainPhase(CommonExecutor.java:65)
	at com.kms.katalon.core.main.TestSuiteExecutor.accessTestSuiteMainPhase(TestSuiteExecutor.java:148)
	at com.kms.katalon.core.main.TestSuiteExecutor.execute(TestSuiteExecutor.java:106)
	at com.kms.katalon.core.main.TestCaseMain.startTestSuite(TestCaseMain.java:187)
	at com.kms.katalon.core.main.TestCaseMain$startTestSuite$0.call(Unknown Source)
	at TempTestSuite1693433534388.run(TempTestSuite1693433534388.groovy:36)
Caused by: com.kms.katalon.core.exception.StepFailedException: Cannot find window with index: '1'
	at com.kms.katalon.core.webui.keyword.internal.WebUIKeywordMain.stepFailed(WebUIKeywordMain.groovy:64)
	at com.kms.katalon.core.webui.keyword.builtin.SwitchToWindowIndexKeyword$_switchToWindowIndex_closure1.doCall(SwitchToWindowIndexKeyword.groovy:83)
	at com.kms.katalon.core.webui.keyword.builtin.SwitchToWindowIndexKeyword$_switchToWindowIndex_closure1.call(SwitchToWindowIndexKeyword.groovy)
	at com.kms.katalon.core.webui.keyword.internal.WebUIKeywordMain.runKeyword(WebUIKeywordMain.groovy:20)
	... 19 more


2023-08-30 17:30:32 - [TEST_STEP][PASSED] - openBrowser(UrlDigiturno): Browser is opened with url: 'https://PCPruebas101.ciel.cielingenieria.com:8610'

2023-08-30 17:30:32 - [MESSAGE][WARNING] - A browser is already opened. Closing browser and opening a new one

2023-08-30 17:30:32 - [MESSAGE][INFO] - Starting 'Chrome' driver

2023-08-30 17:30:32 - [MESSAGE][INFO] - User set preference: ['args', '[--use-fake-ui-for-media-stream, --disable-notifications]']

2023-08-30 17:30:32 - [MESSAGE][INFO] - Action delay is set to 0 milliseconds

2023-08-30 17:30:34 - [MESSAGE][PASSED] - Browser is opened with url: 'https://PCPruebas101.ciel.cielingenieria.com:8610'

2023-08-30 17:30:34 - [TEST_STEP][PASSED] - maximizeWindow(): Current window maximized

2023-08-30 17:30:34 - [MESSAGE][PASSED] - Current window maximized

2023-08-30 17:30:34 - [TEST_STEP][PASSED] - delay(3): Delayed 3 second(s)

2023-08-30 17:30:37 - [MESSAGE][PASSED] - Delayed 3 second(s)

2023-08-30 17:30:37 - [TEST_STEP][PASSED] - setText(findTestObject("0Inicio Sesion/input_Usuario"), "ciel"): Text 'ciel' is set on object 'Object Repository/0Inicio Sesion/input_Usuario'

2023-08-30 17:30:38 - [MESSAGE][PASSED] - Text 'ciel' is set on object 'Object Repository/0Inicio Sesion/input_Usuario'

2023-08-30 17:30:38 - [TEST_STEP][PASSED] - setText(findTestObject("0Inicio Sesion/input_Clave"), "digiturno"): Text 'digiturno' is set on object 'Object Repository/0Inicio Sesion/input_Clave'

2023-08-30 17:30:39 - [MESSAGE][PASSED] - Text 'digiturno' is set on object 'Object Repository/0Inicio Sesion/input_Clave'

2023-08-30 17:30:39 - [TEST_STEP][PASSED] - click(findTestObject("0Inicio Sesion/btn_IniciarSesion")): Object: 'Object Repository/0Inicio Sesion/btn_IniciarSesion' is clicked on

2023-08-30 17:30:39 - [MESSAGE][PASSED] - Object: 'Object Repository/0Inicio Sesion/btn_IniciarSesion' is clicked on

2023-08-30 17:30:39 - [TEST_STEP][PASSED] - delay(3): Delayed 3 second(s)

2023-08-30 17:30:42 - [MESSAGE][PASSED] - Delayed 3 second(s)

2023-08-30 17:30:42 - [TEST_STEP][PASSED] - click(findTestObject("DIGITURNO/1Principal/img_Operacion(1)")): Object: 'Object Repository/DIGITURNO/1Principal/img_Operacion(1)' is clicked on

2023-08-30 17:30:43 - [MESSAGE][PASSED] - Object: 'Object Repository/DIGITURNO/1Principal/img_Operacion(1)' is clicked on

2023-08-30 17:30:43 - [TEST_STEP][PASSED] - click(findTestObject("DIGITURNO/OPERACION/0Principal/Elementos del Sistema/img_Terminales")): Object: 'Object Repository/DIGITURNO/OPERACION/0Principal/Elementos del Sistema/img_Terminales' is clicked on

2023-08-30 17:30:44 - [MESSAGE][PASSED] - Object: 'Object Repository/DIGITURNO/OPERACION/0Principal/Elementos del Sistema/img_Terminales' is clicked on

2023-08-30 17:30:44 - [TEST_STEP][PASSED] - click(findTestObject("DIGITURNO/OPERACION/2Terminales/0Oficinas/td_2Cali - Chipichape")): Object: 'Object Repository/DIGITURNO/OPERACION/2Terminales/0Oficinas/td_2Cali - Chipichape' is clicked on

2023-08-30 17:30:44 - [MESSAGE][PASSED] - Object: 'Object Repository/DIGITURNO/OPERACION/2Terminales/0Oficinas/td_2Cali - Chipichape' is clicked on

2023-08-30 17:30:44 - [TEST_STEP][PASSED] - delay(2): Delayed 2 second(s)

2023-08-30 17:30:46 - [MESSAGE][PASSED] - Delayed 2 second(s)

2023-08-30 17:30:46 - [TEST_STEP][PASSED] - click(findTestObject("DIGITURNO/OPERACION/2Terminales/0Terminales (Menos WorkFlow)/td_1 - Terminal - Informacion")): Object: 'Object Repository/DIGITURNO/OPERACION/2Terminales/0Terminales (Menos WorkFlow)/td_1 - Terminal - Informacion' is clicked on

2023-08-30 17:30:46 - [MESSAGE][PASSED] - Object: 'Object Repository/DIGITURNO/OPERACION/2Terminales/0Terminales (Menos WorkFlow)/td_1 - Terminal - Informacion' is clicked on

2023-08-30 17:30:47 - [TEST_STEP][PASSED] - delay(3): Delayed 3 second(s)

2023-08-30 17:30:50 - [MESSAGE][PASSED] - Delayed 3 second(s)

2023-08-30 17:30:50 - [TEST_STEP][PASSED] - navigateToUrl(UrlVideoAtencion): Navigate to 'https://PCPruebas101.ciel.cielingenieria.com:8802/videoatencion.html?conf=selector1' successfully

2023-08-30 17:30:50 - [MESSAGE][PASSED] - Navigate to 'https://PCPruebas101.ciel.cielingenieria.com:8802/videoatencion.html?conf=selector1' successfully

2023-08-30 17:30:50 - [TEST_STEP][PASSED] - waitForElementClickable(findTestObject("VIDEO ATENCION/Cliente/0btn_Solicitar Video Atencion"), 5): Object 'Object Repository/VIDEO ATENCION/Cliente/0btn_Solicitar Video Atencion' is clickable

2023-08-30 17:30:55 - [MESSAGE][PASSED] - Object 'Object Repository/VIDEO ATENCION/Cliente/0btn_Solicitar Video Atencion' is clickable

2023-08-30 17:30:55 - [TEST_STEP][PASSED] - click(findTestObject("VIDEO ATENCION/Cliente/0btn_Solicitar Video Atencion")): Object: 'Object Repository/VIDEO ATENCION/Cliente/0btn_Solicitar Video Atencion' is clicked on

2023-08-30 17:30:55 - [MESSAGE][PASSED] - Object: 'Object Repository/VIDEO ATENCION/Cliente/0btn_Solicitar Video Atencion' is clicked on

2023-08-30 17:30:55 - [TEST_STEP][PASSED] - delay(3): Delayed 3 second(s)

2023-08-30 17:30:58 - [MESSAGE][PASSED] - Delayed 3 second(s)

2023-08-30 17:30:58 - [TEST_STEP][PASSED] - selectOptionByIndex(findTestObject("VIDEO ATENCION/Cliente/select_Tipo Identificacion"), 1): All options with index in [1] are selected on object 'Object Repository/VIDEO ATENCION/Cliente/select_Tipo Identificacion'

2023-08-30 17:30:59 - [MESSAGE][PASSED] - All options with index in [1] are selected on object 'Object Repository/VIDEO ATENCION/Cliente/select_Tipo Identificacion'

2023-08-30 17:30:59 - [TEST_STEP][PASSED] - setText(findTestObject("VIDEO ATENCION/Cliente/input_Identificacion"), "636711"): Text '636711' is set on object 'Object Repository/VIDEO ATENCION/Cliente/input_Identificacion'

2023-08-30 17:31:00 - [MESSAGE][PASSED] - Text '636711' is set on object 'Object Repository/VIDEO ATENCION/Cliente/input_Identificacion'

2023-08-30 17:31:00 - [TEST_STEP][PASSED] - setText(findTestObject("VIDEO ATENCION/Cliente/input_NombreCompleto"), "Jaime Enrique Davila Zuazo"): Text 'Jaime Enrique Davila Zuazo' is set on object 'Object Repository/VIDEO ATENCION/Cliente/input_NombreCompleto'

2023-08-30 17:31:01 - [MESSAGE][PASSED] - Text 'Jaime Enrique Davila Zuazo' is set on object 'Object Repository/VIDEO ATENCION/Cliente/input_NombreCompleto'

2023-08-30 17:31:01 - [TEST_STEP][PASSED] - setText(findTestObject("VIDEO ATENCION/Cliente/input_Primer Nombre"), "Jaime"): Text 'Jaime' is set on object 'Object Repository/VIDEO ATENCION/Cliente/input_Primer Nombre'

2023-08-30 17:31:02 - [MESSAGE][PASSED] - Text 'Jaime' is set on object 'Object Repository/VIDEO ATENCION/Cliente/input_Primer Nombre'

2023-08-30 17:31:02 - [TEST_STEP][PASSED] - setText(findTestObject("VIDEO ATENCION/Cliente/input_Segundo Nombre"), "Enrique"): Text 'Enrique' is set on object 'Object Repository/VIDEO ATENCION/Cliente/input_Segundo Nombre'

2023-08-30 17:31:03 - [MESSAGE][PASSED] - Text 'Enrique' is set on object 'Object Repository/VIDEO ATENCION/Cliente/input_Segundo Nombre'

2023-08-30 17:31:03 - [TEST_STEP][PASSED] - setText(findTestObject("VIDEO ATENCION/Cliente/input_Primer Apellido"), "Davila"): Text 'Davila' is set on object 'Object Repository/VIDEO ATENCION/Cliente/input_Primer Apellido'

2023-08-30 17:31:03 - [MESSAGE][PASSED] - Text 'Davila' is set on object 'Object Repository/VIDEO ATENCION/Cliente/input_Primer Apellido'

2023-08-30 17:31:03 - [TEST_STEP][PASSED] - setText(findTestObject("VIDEO ATENCION/Cliente/input_Segundo Apellido"), "Zuazo"): Text 'Zuazo' is set on object 'Object Repository/VIDEO ATENCION/Cliente/input_Segundo Apellido'

2023-08-30 17:31:04 - [MESSAGE][PASSED] - Text 'Zuazo' is set on object 'Object Repository/VIDEO ATENCION/Cliente/input_Segundo Apellido'

2023-08-30 17:31:04 - [TEST_STEP][PASSED] - setText(findTestObject("VIDEO ATENCION/Cliente/input_Celular"), "3194159302"): Text '3194159302' is set on object 'Object Repository/VIDEO ATENCION/Cliente/input_Celular'

2023-08-30 17:31:05 - [MESSAGE][PASSED] - Text '3194159302' is set on object 'Object Repository/VIDEO ATENCION/Cliente/input_Celular'

2023-08-30 17:31:05 - [TEST_STEP][PASSED] - setText(findTestObject("VIDEO ATENCION/Cliente/input_Correo"), "edavilaz@gmail.com"): Text 'edavilaz@gmail.com' is set on object 'Object Repository/VIDEO ATENCION/Cliente/input_Correo'

2023-08-30 17:31:05 - [MESSAGE][PASSED] - Text 'edavilaz@gmail.com' is set on object 'Object Repository/VIDEO ATENCION/Cliente/input_Correo'

2023-08-30 17:31:05 - [TEST_STEP][PASSED] - setText(findTestObject("VIDEO ATENCION/Cliente/input_Confirme Correo"), "edavilaz@gmail.com"): Text 'edavilaz@gmail.com' is set on object 'Object Repository/VIDEO ATENCION/Cliente/input_Confirme Correo'

2023-08-30 17:31:06 - [MESSAGE][PASSED] - Text 'edavilaz@gmail.com' is set on object 'Object Repository/VIDEO ATENCION/Cliente/input_Confirme Correo'

2023-08-30 17:31:06 - [TEST_STEP][PASSED] - takeFullPageScreenshot(): Taking screenshot successfully

2023-08-30 17:31:07 - [MESSAGE][INFO] - 0 hidden object(s)

2023-08-30 17:31:07 - [MESSAGE][PASSED] - Taking screenshot successfully
[[ATTACHMENT|C:\\CIEL INGENIERIA\\Katalon\\Digiturno55\\Reports\\20230830_171150\\VIDEO ATENCION\\12 Terminal Tranferir Archivos\\20230830_171214\\1693434666741.png]]

2023-08-30 17:31:07 - [TEST_STEP][PASSED] - scrollToElement(findTestObject("VIDEO ATENCION/Cliente/img_Continuar (Guarda Cliente)"), 2): Scroll to object 'Object Repository/VIDEO ATENCION/Cliente/img_Continuar (Guarda Cliente)' successfully

2023-08-30 17:31:07 - [MESSAGE][PASSED] - Scroll to object 'Object Repository/VIDEO ATENCION/Cliente/img_Continuar (Guarda Cliente)' successfully

2023-08-30 17:31:07 - [TEST_STEP][PASSED] - click(findTestObject("VIDEO ATENCION/Cliente/img_Continuar (Guarda Cliente)")): Object: 'Object Repository/VIDEO ATENCION/Cliente/img_Continuar (Guarda Cliente)' is clicked on

2023-08-30 17:31:08 - [MESSAGE][PASSED] - Object: 'Object Repository/VIDEO ATENCION/Cliente/img_Continuar (Guarda Cliente)' is clicked on

2023-08-30 17:31:08 - [TEST_STEP][PASSED] - delay(3): Delayed 3 second(s)

2023-08-30 17:31:11 - [MESSAGE][PASSED] - Delayed 3 second(s)

2023-08-30 17:31:11 - [TEST_STEP][PASSED] - takeFullPageScreenshot(): Taking screenshot successfully

2023-08-30 17:31:11 - [MESSAGE][INFO] - 0 hidden object(s)

2023-08-30 17:31:11 - [MESSAGE][PASSED] - Taking screenshot successfully
[[ATTACHMENT|C:\\CIEL INGENIERIA\\Katalon\\Digiturno55\\Reports\\20230830_171150\\VIDEO ATENCION\\12 Terminal Tranferir Archivos\\20230830_171214\\1693434671417.png]]

2023-08-30 17:31:11 - [TEST_STEP][PASSED] - delay(3): Delayed 3 second(s)

2023-08-30 17:31:14 - [MESSAGE][PASSED] - Delayed 3 second(s)

2023-08-30 17:31:15 - [TEST_STEP][FAILED] - switchToWindowIndex(1): Unable to switch to window with index: '1' (Root cause: com.kms.katalon.core.exception.StepFailedException: Unable to switch to window with index: '1'
	at com.kms.katalon.core.webui.keyword.internal.WebUIKeywordMain.stepFailed(WebUIKeywordMain.groovy:64)
	at com.kms.katalon.core.webui.keyword.internal.WebUIKeywordMain.runKeyword(WebUIKeywordMain.groovy:26)
	at com.kms.katalon.core.webui.keyword.builtin.SwitchToWindowIndexKeyword.switchToWindowIndex(SwitchToWindowIndexKeyword.groovy:85)
	at com.kms.katalon.core.webui.keyword.builtin.SwitchToWindowIndexKeyword.execute(SwitchToWindowIndexKeyword.groovy:67)
	at com.kms.katalon.core.keyword.internal.KeywordExecutor.executeKeywordForPlatform(KeywordExecutor.groovy:74)
	at com.kms.katalon.core.webui.keyword.WebUiBuiltInKeywords.switchToWindowIndex(WebUiBuiltInKeywords.groovy:1891)
	at com.kms.katalon.core.webui.keyword.WebUiBuiltInKeywords$switchToWindowIndex$8.call(Unknown Source)
	at 12 Terminal Transferir Archivo PDF.run(12 Terminal Transferir Archivo PDF:88)
	at com.kms.katalon.core.main.ScriptEngine.run(ScriptEngine.java:194)
	at com.kms.katalon.core.main.ScriptEngine.runScriptAsRawText(ScriptEngine.java:119)
	at com.kms.katalon.core.main.TestCaseExecutor.runScript(TestCaseExecutor.java:448)
	at com.kms.katalon.core.main.TestCaseExecutor.doExecute(TestCaseExecutor.java:439)
	at com.kms.katalon.core.main.TestCaseExecutor.processExecutionPhase(TestCaseExecutor.java:418)
	at com.kms.katalon.core.main.TestCaseExecutor.accessMainPhase(TestCaseExecutor.java:410)
	at com.kms.katalon.core.main.TestCaseExecutor.execute(TestCaseExecutor.java:285)
	at com.kms.katalon.core.common.CommonExecutor.accessTestCaseMainPhase(CommonExecutor.java:65)
	at com.kms.katalon.core.main.TestSuiteExecutor.accessTestSuiteMainPhase(TestSuiteExecutor.java:148)
	at com.kms.katalon.core.main.TestSuiteExecutor.execute(TestSuiteExecutor.java:106)
	at com.kms.katalon.core.main.TestCaseMain.startTestSuite(TestCaseMain.java:187)
	at com.kms.katalon.core.main.TestCaseMain$startTestSuite$0.call(Unknown Source)
	at TempTestSuite1693433534388.run(TempTestSuite1693433534388.groovy:36)
Caused by: com.kms.katalon.core.exception.StepFailedException: Cannot find window with index: '1'
	at com.kms.katalon.core.webui.keyword.internal.WebUIKeywordMain.stepFailed(WebUIKeywordMain.groovy:64)
	at com.kms.katalon.core.webui.keyword.builtin.SwitchToWindowIndexKeyword$_switchToWindowIndex_closure1.doCall(SwitchToWindowIndexKeyword.groovy:83)
	at com.kms.katalon.core.webui.keyword.builtin.SwitchToWindowIndexKeyword$_switchToWindowIndex_closure1.call(SwitchToWindowIndexKeyword.groovy)
	at com.kms.katalon.core.webui.keyword.internal.WebUIKeywordMain.runKeyword(WebUIKeywordMain.groovy:20)
	... 19 more
)

2023-08-30 17:31:46 - [MESSAGE][FAILED] - Cannot find window with index: '1' (Root cause: com.kms.katalon.core.exception.StepFailedException: Cannot find window with index: '1'
	at com.kms.katalon.core.webui.keyword.internal.WebUIKeywordMain.stepFailed(WebUIKeywordMain.groovy:64)
	at com.kms.katalon.core.webui.keyword.builtin.SwitchToWindowIndexKeyword$_switchToWindowIndex_closure1.doCall(SwitchToWindowIndexKeyword.groovy:83)
	at com.kms.katalon.core.webui.keyword.builtin.SwitchToWindowIndexKeyword$_switchToWindowIndex_closure1.call(SwitchToWindowIndexKeyword.groovy)
	at com.kms.katalon.core.webui.keyword.internal.WebUIKeywordMain.runKeyword(WebUIKeywordMain.groovy:20)
	at com.kms.katalon.core.webui.keyword.builtin.SwitchToWindowIndexKeyword.switchToWindowIndex(SwitchToWindowIndexKeyword.groovy:85)
	at com.kms.katalon.core.webui.keyword.builtin.SwitchToWindowIndexKeyword.execute(SwitchToWindowIndexKeyword.groovy:67)
	at com.kms.katalon.core.keyword.internal.KeywordExecutor.executeKeywordForPlatform(KeywordExecutor.groovy:74)
	at com.kms.katalon.core.webui.keyword.WebUiBuiltInKeywords.switchToWindowIndex(WebUiBuiltInKeywords.groovy:1891)
	at com.kms.katalon.core.webui.keyword.WebUiBuiltInKeywords$switchToWindowIndex$8.call(Unknown Source)
	at 12 Terminal Transferir Archivo PDF.run(12 Terminal Transferir Archivo PDF:88)
	at com.kms.katalon.core.main.ScriptEngine.run(ScriptEngine.java:194)
	at com.kms.katalon.core.main.ScriptEngine.runScriptAsRawText(ScriptEngine.java:119)
	at com.kms.katalon.core.main.TestCaseExecutor.runScript(TestCaseExecutor.java:448)
	at com.kms.katalon.core.main.TestCaseExecutor.doExecute(TestCaseExecutor.java:439)
	at com.kms.katalon.core.main.TestCaseExecutor.processExecutionPhase(TestCaseExecutor.java:418)
	at com.kms.katalon.core.main.TestCaseExecutor.accessMainPhase(TestCaseExecutor.java:410)
	at com.kms.katalon.core.main.TestCaseExecutor.execute(TestCaseExecutor.java:285)
	at com.kms.katalon.core.common.CommonExecutor.accessTestCaseMainPhase(CommonExecutor.java:65)
	at com.kms.katalon.core.main.TestSuiteExecutor.accessTestSuiteMainPhase(TestSuiteExecutor.java:148)
	at com.kms.katalon.core.main.TestSuiteExecutor.execute(TestSuiteExecutor.java:106)
	at com.kms.katalon.core.main.TestCaseMain.startTestSuite(TestCaseMain.java:187)
	at com.kms.katalon.core.main.TestCaseMain$startTestSuite$0.call(Unknown Source)
	at TempTestSuite1693433534388.run(TempTestSuite1693433534388.groovy:36)
)
[[ATTACHMENT|C:\\CIEL INGENIERIA\\Katalon\\Digiturno55\\Reports\\20230830_171150\\VIDEO ATENCION\\12 Terminal Tranferir Archivos\\20230830_171214\\1693434706673.png]]

2023-08-30 17:31:46 - [MESSAGE][FAILED] - Unable to switch to window with index: '1' (Root cause: com.kms.katalon.core.exception.StepFailedException: Unable to switch to window with index: '1'
	at com.kms.katalon.core.webui.keyword.internal.WebUIKeywordMain.stepFailed(WebUIKeywordMain.groovy:64)
	at com.kms.katalon.core.webui.keyword.internal.WebUIKeywordMain.runKeyword(WebUIKeywordMain.groovy:26)
	at com.kms.katalon.core.webui.keyword.builtin.SwitchToWindowIndexKeyword.switchToWindowIndex(SwitchToWindowIndexKeyword.groovy:85)
	at com.kms.katalon.core.webui.keyword.builtin.SwitchToWindowIndexKeyword.execute(SwitchToWindowIndexKeyword.groovy:67)
	at com.kms.katalon.core.keyword.internal.KeywordExecutor.executeKeywordForPlatform(KeywordExecutor.groovy:74)
	at com.kms.katalon.core.webui.keyword.WebUiBuiltInKeywords.switchToWindowIndex(WebUiBuiltInKeywords.groovy:1891)
	at com.kms.katalon.core.webui.keyword.WebUiBuiltInKeywords$switchToWindowIndex$8.call(Unknown Source)
	at 12 Terminal Transferir Archivo PDF.run(12 Terminal Transferir Archivo PDF:88)
	at com.kms.katalon.core.main.ScriptEngine.run(ScriptEngine.java:194)
	at com.kms.katalon.core.main.ScriptEngine.runScriptAsRawText(ScriptEngine.java:119)
	at com.kms.katalon.core.main.TestCaseExecutor.runScript(TestCaseExecutor.java:448)
	at com.kms.katalon.core.main.TestCaseExecutor.doExecute(TestCaseExecutor.java:439)
	at com.kms.katalon.core.main.TestCaseExecutor.processExecutionPhase(TestCaseExecutor.java:418)
	at com.kms.katalon.core.main.TestCaseExecutor.accessMainPhase(TestCaseExecutor.java:410)
	at com.kms.katalon.core.main.TestCaseExecutor.execute(TestCaseExecutor.java:285)
	at com.kms.katalon.core.common.CommonExecutor.accessTestCaseMainPhase(CommonExecutor.java:65)
	at com.kms.katalon.core.main.TestSuiteExecutor.accessTestSuiteMainPhase(TestSuiteExecutor.java:148)
	at com.kms.katalon.core.main.TestSuiteExecutor.execute(TestSuiteExecutor.java:106)
	at com.kms.katalon.core.main.TestCaseMain.startTestSuite(TestCaseMain.java:187)
	at com.kms.katalon.core.main.TestCaseMain$startTestSuite$0.call(Unknown Source)
	at TempTestSuite1693433534388.run(TempTestSuite1693433534388.groovy:36)
Caused by: com.kms.katalon.core.exception.StepFailedException: Cannot find window with index: '1'
	at com.kms.katalon.core.webui.keyword.internal.WebUIKeywordMain.stepFailed(WebUIKeywordMain.groovy:64)
	at com.kms.katalon.core.webui.keyword.builtin.SwitchToWindowIndexKeyword$_switchToWindowIndex_closure1.doCall(SwitchToWindowIndexKeyword.groovy:83)
	at com.kms.katalon.core.webui.keyword.builtin.SwitchToWindowIndexKeyword$_switchToWindowIndex_closure1.call(SwitchToWindowIndexKeyword.groovy)
	at com.kms.katalon.core.webui.keyword.internal.WebUIKeywordMain.runKeyword(WebUIKeywordMain.groovy:20)
	... 19 more
)
[[ATTACHMENT|C:\\CIEL INGENIERIA\\Katalon\\Digiturno55\\Reports\\20230830_171150\\VIDEO ATENCION\\12 Terminal Tranferir Archivos\\20230830_171214\\1693434706769.png]]

2023-08-30 17:31:46 - [TEST_STEP][PASSED] - Start listener action : sampleAfterTestCase: null]]></system-out>
         <system-err><![CDATA[2023-08-30 17:30:31 - [TEST_CASE][FAILED] - Test Cases/VIDEO ATENCION/12 Terminal Transferir Archivo PDF: Test Cases/VIDEO ATENCION/12 Terminal Transferir Archivo PDF FAILED.
Reason:
com.kms.katalon.core.exception.StepFailedException: Unable to switch to window with index: '1'
	at com.kms.katalon.core.webui.keyword.internal.WebUIKeywordMain.stepFailed(WebUIKeywordMain.groovy:64)
	at com.kms.katalon.core.webui.keyword.internal.WebUIKeywordMain.runKeyword(WebUIKeywordMain.groovy:26)
	at com.kms.katalon.core.webui.keyword.builtin.SwitchToWindowIndexKeyword.switchToWindowIndex(SwitchToWindowIndexKeyword.groovy:85)
	at com.kms.katalon.core.webui.keyword.builtin.SwitchToWindowIndexKeyword.execute(SwitchToWindowIndexKeyword.groovy:67)
	at com.kms.katalon.core.keyword.internal.KeywordExecutor.executeKeywordForPlatform(KeywordExecutor.groovy:74)
	at com.kms.katalon.core.webui.keyword.WebUiBuiltInKeywords.switchToWindowIndex(WebUiBuiltInKeywords.groovy:1891)
	at com.kms.katalon.core.webui.keyword.WebUiBuiltInKeywords$switchToWindowIndex$8.call(Unknown Source)
	at 12 Terminal Transferir Archivo PDF.run(12 Terminal Transferir Archivo PDF:88)
	at com.kms.katalon.core.main.ScriptEngine.run(ScriptEngine.java:194)
	at com.kms.katalon.core.main.ScriptEngine.runScriptAsRawText(ScriptEngine.java:119)
	at com.kms.katalon.core.main.TestCaseExecutor.runScript(TestCaseExecutor.java:448)
	at com.kms.katalon.core.main.TestCaseExecutor.doExecute(TestCaseExecutor.java:439)
	at com.kms.katalon.core.main.TestCaseExecutor.processExecutionPhase(TestCaseExecutor.java:418)
	at com.kms.katalon.core.main.TestCaseExecutor.accessMainPhase(TestCaseExecutor.java:410)
	at com.kms.katalon.core.main.TestCaseExecutor.execute(TestCaseExecutor.java:285)
	at com.kms.katalon.core.common.CommonExecutor.accessTestCaseMainPhase(CommonExecutor.java:65)
	at com.kms.katalon.core.main.TestSuiteExecutor.accessTestSuiteMainPhase(TestSuiteExecutor.java:148)
	at com.kms.katalon.core.main.TestSuiteExecutor.execute(TestSuiteExecutor.java:106)
	at com.kms.katalon.core.main.TestCaseMain.startTestSuite(TestCaseMain.java:187)
	at com.kms.katalon.core.main.TestCaseMain$startTestSuite$0.call(Unknown Source)
	at TempTestSuite1693433534388.run(TempTestSuite1693433534388.groovy:36)
Caused by: com.kms.katalon.core.exception.StepFailedException: Cannot find window with index: '1'
	at com.kms.katalon.core.webui.keyword.internal.WebUIKeywordMain.stepFailed(WebUIKeywordMain.groovy:64)
	at com.kms.katalon.core.webui.keyword.builtin.SwitchToWindowIndexKeyword$_switchToWindowIndex_closure1.doCall(SwitchToWindowIndexKeyword.groovy:83)
	at com.kms.katalon.core.webui.keyword.builtin.SwitchToWindowIndexKeyword$_switchToWindowIndex_closure1.call(SwitchToWindowIndexKeyword.groovy)
	at com.kms.katalon.core.webui.keyword.internal.WebUIKeywordMain.runKeyword(WebUIKeywordMain.groovy:20)
	... 19 more]]></system-err>
      </testcase>
      <testcase name="Test Cases/VIDEO ATENCION/12 Terminal Transferir Artchivo PNG" time="74.73" classname="Test Cases/VIDEO ATENCION/12 Terminal Transferir Artchivo PNG" status="FAILED">
         <failure type="FAILED" message="Test Cases/VIDEO ATENCION/12 Terminal Transferir Artchivo PNG FAILED.
Reason:
com.kms.katalon.core.exception.StepFailedException: Unable to switch to window with index: '1'
	at com.kms.katalon.core.webui.keyword.internal.WebUIKeywordMain.stepFailed(WebUIKeywordMain.groovy:64)
	at com.kms.katalon.core.webui.keyword.internal.WebUIKeywordMain.runKeyword(WebUIKeywordMain.groovy:26)
	at com.kms.katalon.core.webui.keyword.builtin.SwitchToWindowIndexKeyword.switchToWindowIndex(SwitchToWindowIndexKeyword.groovy:85)
	at com.kms.katalon.core.webui.keyword.builtin.SwitchToWindowIndexKeyword.execute(SwitchToWindowIndexKeyword.groovy:67)
	at com.kms.katalon.core.keyword.internal.KeywordExecutor.executeKeywordForPlatform(KeywordExecutor.groovy:74)
	at com.kms.katalon.core.webui.keyword.WebUiBuiltInKeywords.switchToWindowIndex(WebUiBuiltInKeywords.groovy:1891)
	at com.kms.katalon.core.webui.keyword.WebUiBuiltInKeywords$switchToWindowIndex$8.call(Unknown Source)
	at 12 Terminal Transferir Artchivo PNG.run(12 Terminal Transferir Artchivo PNG:88)
	at com.kms.katalon.core.main.ScriptEngine.run(ScriptEngine.java:194)
	at com.kms.katalon.core.main.ScriptEngine.runScriptAsRawText(ScriptEngine.java:119)
	at com.kms.katalon.core.main.TestCaseExecutor.runScript(TestCaseExecutor.java:448)
	at com.kms.katalon.core.main.TestCaseExecutor.doExecute(TestCaseExecutor.java:439)
	at com.kms.katalon.core.main.TestCaseExecutor.processExecutionPhase(TestCaseExecutor.java:418)
	at com.kms.katalon.core.main.TestCaseExecutor.accessMainPhase(TestCaseExecutor.java:410)
	at com.kms.katalon.core.main.TestCaseExecutor.execute(TestCaseExecutor.java:285)
	at com.kms.katalon.core.common.CommonExecutor.accessTestCaseMainPhase(CommonExecutor.java:65)
	at com.kms.katalon.core.main.TestSuiteExecutor.accessTestSuiteMainPhase(TestSuiteExecutor.java:148)
	at com.kms.katalon.core.main.TestSuiteExecutor.execute(TestSuiteExecutor.java:106)
	at com.kms.katalon.core.main.TestCaseMain.startTestSuite(TestCaseMain.java:187)
	at com.kms.katalon.core.main.TestCaseMain$startTestSuite$0.call(Unknown Source)
	at TempTestSuite1693433534388.run(TempTestSuite1693433534388.groovy:36)
Caused by: com.kms.katalon.core.exception.StepFailedException: Cannot find window with index: '1'
	at com.kms.katalon.core.webui.keyword.internal.WebUIKeywordMain.stepFailed(WebUIKeywordMain.groovy:64)
	at com.kms.katalon.core.webui.keyword.builtin.SwitchToWindowIndexKeyword$_switchToWindowIndex_closure1.doCall(SwitchToWindowIndexKeyword.groovy:83)
	at com.kms.katalon.core.webui.keyword.builtin.SwitchToWindowIndexKeyword$_switchToWindowIndex_closure1.call(SwitchToWindowIndexKeyword.groovy)
	at com.kms.katalon.core.webui.keyword.internal.WebUIKeywordMain.runKeyword(WebUIKeywordMain.groovy:20)
	... 19 more
"/>
         <system-out><![CDATA[2023-08-30 17:31:46 - [TEST_CASE][FAILED] - Test Cases/VIDEO ATENCION/12 Terminal Transferir Artchivo PNG: Test Cases/VIDEO ATENCION/12 Terminal Transferir Artchivo PNG FAILED.
Reason:
com.kms.katalon.core.exception.StepFailedException: Unable to switch to window with index: '1'
	at com.kms.katalon.core.webui.keyword.internal.WebUIKeywordMain.stepFailed(WebUIKeywordMain.groovy:64)
	at com.kms.katalon.core.webui.keyword.internal.WebUIKeywordMain.runKeyword(WebUIKeywordMain.groovy:26)
	at com.kms.katalon.core.webui.keyword.builtin.SwitchToWindowIndexKeyword.switchToWindowIndex(SwitchToWindowIndexKeyword.groovy:85)
	at com.kms.katalon.core.webui.keyword.builtin.SwitchToWindowIndexKeyword.execute(SwitchToWindowIndexKeyword.groovy:67)
	at com.kms.katalon.core.keyword.internal.KeywordExecutor.executeKeywordForPlatform(KeywordExecutor.groovy:74)
	at com.kms.katalon.core.webui.keyword.WebUiBuiltInKeywords.switchToWindowIndex(WebUiBuiltInKeywords.groovy:1891)
	at com.kms.katalon.core.webui.keyword.WebUiBuiltInKeywords$switchToWindowIndex$8.call(Unknown Source)
	at 12 Terminal Transferir Artchivo PNG.run(12 Terminal Transferir Artchivo PNG:88)
	at com.kms.katalon.core.main.ScriptEngine.run(ScriptEngine.java:194)
	at com.kms.katalon.core.main.ScriptEngine.runScriptAsRawText(ScriptEngine.java:119)
	at com.kms.katalon.core.main.TestCaseExecutor.runScript(TestCaseExecutor.java:448)
	at com.kms.katalon.core.main.TestCaseExecutor.doExecute(TestCaseExecutor.java:439)
	at com.kms.katalon.core.main.TestCaseExecutor.processExecutionPhase(TestCaseExecutor.java:418)
	at com.kms.katalon.core.main.TestCaseExecutor.accessMainPhase(TestCaseExecutor.java:410)
	at com.kms.katalon.core.main.TestCaseExecutor.execute(TestCaseExecutor.java:285)
	at com.kms.katalon.core.common.CommonExecutor.accessTestCaseMainPhase(CommonExecutor.java:65)
	at com.kms.katalon.core.main.TestSuiteExecutor.accessTestSuiteMainPhase(TestSuiteExecutor.java:148)
	at com.kms.katalon.core.main.TestSuiteExecutor.execute(TestSuiteExecutor.java:106)
	at com.kms.katalon.core.main.TestCaseMain.startTestSuite(TestCaseMain.java:187)
	at com.kms.katalon.core.main.TestCaseMain$startTestSuite$0.call(Unknown Source)
	at TempTestSuite1693433534388.run(TempTestSuite1693433534388.groovy:36)
Caused by: com.kms.katalon.core.exception.StepFailedException: Cannot find window with index: '1'
	at com.kms.katalon.core.webui.keyword.internal.WebUIKeywordMain.stepFailed(WebUIKeywordMain.groovy:64)
	at com.kms.katalon.core.webui.keyword.builtin.SwitchToWindowIndexKeyword$_switchToWindowIndex_closure1.doCall(SwitchToWindowIndexKeyword.groovy:83)
	at com.kms.katalon.core.webui.keyword.builtin.SwitchToWindowIndexKeyword$_switchToWindowIndex_closure1.call(SwitchToWindowIndexKeyword.groovy)
	at com.kms.katalon.core.webui.keyword.internal.WebUIKeywordMain.runKeyword(WebUIKeywordMain.groovy:20)
	... 19 more


2023-08-30 17:31:47 - [TEST_STEP][PASSED] - openBrowser(UrlDigiturno): Browser is opened with url: 'https://PCPruebas101.ciel.cielingenieria.com:8610'

2023-08-30 17:31:47 - [MESSAGE][WARNING] - A browser is already opened. Closing browser and opening a new one

2023-08-30 17:31:47 - [MESSAGE][INFO] - Starting 'Chrome' driver

2023-08-30 17:31:47 - [MESSAGE][INFO] - User set preference: ['args', '[--use-fake-ui-for-media-stream, --disable-notifications]']

2023-08-30 17:31:47 - [MESSAGE][INFO] - Action delay is set to 0 milliseconds

2023-08-30 17:31:49 - [MESSAGE][PASSED] - Browser is opened with url: 'https://PCPruebas101.ciel.cielingenieria.com:8610'

2023-08-30 17:31:49 - [TEST_STEP][PASSED] - maximizeWindow(): Current window maximized

2023-08-30 17:31:49 - [MESSAGE][PASSED] - Current window maximized

2023-08-30 17:31:49 - [TEST_STEP][PASSED] - delay(3): Delayed 3 second(s)

2023-08-30 17:31:52 - [MESSAGE][PASSED] - Delayed 3 second(s)

2023-08-30 17:31:52 - [TEST_STEP][PASSED] - setText(findTestObject("0Inicio Sesion/input_Usuario"), "ciel"): Text 'ciel' is set on object 'Object Repository/0Inicio Sesion/input_Usuario'

2023-08-30 17:31:53 - [MESSAGE][PASSED] - Text 'ciel' is set on object 'Object Repository/0Inicio Sesion/input_Usuario'

2023-08-30 17:31:53 - [TEST_STEP][PASSED] - setText(findTestObject("0Inicio Sesion/input_Clave"), "digiturno"): Text 'digiturno' is set on object 'Object Repository/0Inicio Sesion/input_Clave'

2023-08-30 17:31:53 - [MESSAGE][PASSED] - Text 'digiturno' is set on object 'Object Repository/0Inicio Sesion/input_Clave'

2023-08-30 17:31:53 - [TEST_STEP][PASSED] - click(findTestObject("0Inicio Sesion/btn_IniciarSesion")): Object: 'Object Repository/0Inicio Sesion/btn_IniciarSesion' is clicked on

2023-08-30 17:31:54 - [MESSAGE][PASSED] - Object: 'Object Repository/0Inicio Sesion/btn_IniciarSesion' is clicked on

2023-08-30 17:31:54 - [TEST_STEP][PASSED] - delay(3): Delayed 3 second(s)

2023-08-30 17:31:57 - [MESSAGE][PASSED] - Delayed 3 second(s)

2023-08-30 17:31:57 - [TEST_STEP][PASSED] - click(findTestObject("DIGITURNO/1Principal/img_Operacion(1)")): Object: 'Object Repository/DIGITURNO/1Principal/img_Operacion(1)' is clicked on

2023-08-30 17:31:58 - [MESSAGE][PASSED] - Object: 'Object Repository/DIGITURNO/1Principal/img_Operacion(1)' is clicked on

2023-08-30 17:31:58 - [TEST_STEP][PASSED] - click(findTestObject("DIGITURNO/OPERACION/0Principal/Elementos del Sistema/img_Terminales")): Object: 'Object Repository/DIGITURNO/OPERACION/0Principal/Elementos del Sistema/img_Terminales' is clicked on

2023-08-30 17:31:58 - [MESSAGE][PASSED] - Object: 'Object Repository/DIGITURNO/OPERACION/0Principal/Elementos del Sistema/img_Terminales' is clicked on

2023-08-30 17:31:58 - [TEST_STEP][PASSED] - click(findTestObject("DIGITURNO/OPERACION/2Terminales/0Oficinas/td_2Cali - Chipichape")): Object: 'Object Repository/DIGITURNO/OPERACION/2Terminales/0Oficinas/td_2Cali - Chipichape' is clicked on

2023-08-30 17:31:59 - [MESSAGE][PASSED] - Object: 'Object Repository/DIGITURNO/OPERACION/2Terminales/0Oficinas/td_2Cali - Chipichape' is clicked on

2023-08-30 17:31:59 - [TEST_STEP][PASSED] - delay(2): Delayed 2 second(s)

2023-08-30 17:32:01 - [MESSAGE][PASSED] - Delayed 2 second(s)

2023-08-30 17:32:01 - [TEST_STEP][PASSED] - click(findTestObject("DIGITURNO/OPERACION/2Terminales/0Terminales (Menos WorkFlow)/td_1 - Terminal - Informacion")): Object: 'Object Repository/DIGITURNO/OPERACION/2Terminales/0Terminales (Menos WorkFlow)/td_1 - Terminal - Informacion' is clicked on

2023-08-30 17:32:01 - [MESSAGE][PASSED] - Object: 'Object Repository/DIGITURNO/OPERACION/2Terminales/0Terminales (Menos WorkFlow)/td_1 - Terminal - Informacion' is clicked on

2023-08-30 17:32:01 - [TEST_STEP][PASSED] - delay(3): Delayed 3 second(s)

2023-08-30 17:32:04 - [MESSAGE][PASSED] - Delayed 3 second(s)

2023-08-30 17:32:04 - [TEST_STEP][PASSED] - navigateToUrl(UrlVideoAtencion): Navigate to 'https://PCPruebas101.ciel.cielingenieria.com:8802/videoatencion.html?conf=selector1' successfully

2023-08-30 17:32:06 - [MESSAGE][PASSED] - Navigate to 'https://PCPruebas101.ciel.cielingenieria.com:8802/videoatencion.html?conf=selector1' successfully

2023-08-30 17:32:06 - [TEST_STEP][PASSED] - waitForElementClickable(findTestObject("VIDEO ATENCION/Cliente/0btn_Solicitar Video Atencion"), 5): Object 'Object Repository/VIDEO ATENCION/Cliente/0btn_Solicitar Video Atencion' is clickable

2023-08-30 17:32:10 - [MESSAGE][PASSED] - Object 'Object Repository/VIDEO ATENCION/Cliente/0btn_Solicitar Video Atencion' is clickable

2023-08-30 17:32:10 - [TEST_STEP][PASSED] - click(findTestObject("VIDEO ATENCION/Cliente/0btn_Solicitar Video Atencion")): Object: 'Object Repository/VIDEO ATENCION/Cliente/0btn_Solicitar Video Atencion' is clicked on

2023-08-30 17:32:11 - [MESSAGE][PASSED] - Object: 'Object Repository/VIDEO ATENCION/Cliente/0btn_Solicitar Video Atencion' is clicked on

2023-08-30 17:32:11 - [TEST_STEP][PASSED] - delay(3): Delayed 3 second(s)

2023-08-30 17:32:14 - [MESSAGE][PASSED] - Delayed 3 second(s)

2023-08-30 17:32:14 - [TEST_STEP][PASSED] - selectOptionByIndex(findTestObject("VIDEO ATENCION/Cliente/select_Tipo Identificacion"), 1): All options with index in [1] are selected on object 'Object Repository/VIDEO ATENCION/Cliente/select_Tipo Identificacion'

2023-08-30 17:32:15 - [MESSAGE][PASSED] - All options with index in [1] are selected on object 'Object Repository/VIDEO ATENCION/Cliente/select_Tipo Identificacion'

2023-08-30 17:32:15 - [TEST_STEP][PASSED] - setText(findTestObject("VIDEO ATENCION/Cliente/input_Identificacion"), "636711"): Text '636711' is set on object 'Object Repository/VIDEO ATENCION/Cliente/input_Identificacion'

2023-08-30 17:32:16 - [MESSAGE][PASSED] - Text '636711' is set on object 'Object Repository/VIDEO ATENCION/Cliente/input_Identificacion'

2023-08-30 17:32:16 - [TEST_STEP][PASSED] - setText(findTestObject("VIDEO ATENCION/Cliente/input_NombreCompleto"), "Jaime Enrique Davila Zuazo"): Text 'Jaime Enrique Davila Zuazo' is set on object 'Object Repository/VIDEO ATENCION/Cliente/input_NombreCompleto'

2023-08-30 17:32:16 - [MESSAGE][PASSED] - Text 'Jaime Enrique Davila Zuazo' is set on object 'Object Repository/VIDEO ATENCION/Cliente/input_NombreCompleto'

2023-08-30 17:32:16 - [TEST_STEP][PASSED] - setText(findTestObject("VIDEO ATENCION/Cliente/input_Primer Nombre"), "Jaime"): Text 'Jaime' is set on object 'Object Repository/VIDEO ATENCION/Cliente/input_Primer Nombre'

2023-08-30 17:32:17 - [MESSAGE][PASSED] - Text 'Jaime' is set on object 'Object Repository/VIDEO ATENCION/Cliente/input_Primer Nombre'

2023-08-30 17:32:17 - [TEST_STEP][PASSED] - setText(findTestObject("VIDEO ATENCION/Cliente/input_Segundo Nombre"), "Enrique"): Text 'Enrique' is set on object 'Object Repository/VIDEO ATENCION/Cliente/input_Segundo Nombre'

2023-08-30 17:32:18 - [MESSAGE][PASSED] - Text 'Enrique' is set on object 'Object Repository/VIDEO ATENCION/Cliente/input_Segundo Nombre'

2023-08-30 17:32:18 - [TEST_STEP][PASSED] - setText(findTestObject("VIDEO ATENCION/Cliente/input_Primer Apellido"), "Davila"): Text 'Davila' is set on object 'Object Repository/VIDEO ATENCION/Cliente/input_Primer Apellido'

2023-08-30 17:32:19 - [MESSAGE][PASSED] - Text 'Davila' is set on object 'Object Repository/VIDEO ATENCION/Cliente/input_Primer Apellido'

2023-08-30 17:32:19 - [TEST_STEP][PASSED] - setText(findTestObject("VIDEO ATENCION/Cliente/input_Segundo Apellido"), "Zuazo"): Text 'Zuazo' is set on object 'Object Repository/VIDEO ATENCION/Cliente/input_Segundo Apellido'

2023-08-30 17:32:19 - [MESSAGE][PASSED] - Text 'Zuazo' is set on object 'Object Repository/VIDEO ATENCION/Cliente/input_Segundo Apellido'

2023-08-30 17:32:19 - [TEST_STEP][PASSED] - setText(findTestObject("VIDEO ATENCION/Cliente/input_Celular"), "3194159302"): Text '3194159302' is set on object 'Object Repository/VIDEO ATENCION/Cliente/input_Celular'

2023-08-30 17:32:20 - [MESSAGE][PASSED] - Text '3194159302' is set on object 'Object Repository/VIDEO ATENCION/Cliente/input_Celular'

2023-08-30 17:32:20 - [TEST_STEP][PASSED] - setText(findTestObject("VIDEO ATENCION/Cliente/input_Correo"), "edavilaz@gmail.com"): Text 'edavilaz@gmail.com' is set on object 'Object Repository/VIDEO ATENCION/Cliente/input_Correo'

2023-08-30 17:32:21 - [MESSAGE][PASSED] - Text 'edavilaz@gmail.com' is set on object 'Object Repository/VIDEO ATENCION/Cliente/input_Correo'

2023-08-30 17:32:21 - [TEST_STEP][PASSED] - setText(findTestObject("VIDEO ATENCION/Cliente/input_Confirme Correo"), "edavilaz@gmail.com"): Text 'edavilaz@gmail.com' is set on object 'Object Repository/VIDEO ATENCION/Cliente/input_Confirme Correo'

2023-08-30 17:32:21 - [MESSAGE][PASSED] - Text 'edavilaz@gmail.com' is set on object 'Object Repository/VIDEO ATENCION/Cliente/input_Confirme Correo'

2023-08-30 17:32:21 - [TEST_STEP][PASSED] - takeFullPageScreenshot(): Taking screenshot successfully

2023-08-30 17:32:22 - [MESSAGE][INFO] - 0 hidden object(s)

2023-08-30 17:32:22 - [MESSAGE][PASSED] - Taking screenshot successfully
[[ATTACHMENT|C:\\CIEL INGENIERIA\\Katalon\\Digiturno55\\Reports\\20230830_171150\\VIDEO ATENCION\\12 Terminal Tranferir Archivos\\20230830_171214\\1693434741959.png]]

2023-08-30 17:32:22 - [TEST_STEP][PASSED] - scrollToElement(findTestObject("VIDEO ATENCION/Cliente/img_Continuar (Guarda Cliente)"), 2): Scroll to object 'Object Repository/VIDEO ATENCION/Cliente/img_Continuar (Guarda Cliente)' successfully

2023-08-30 17:32:23 - [MESSAGE][PASSED] - Scroll to object 'Object Repository/VIDEO ATENCION/Cliente/img_Continuar (Guarda Cliente)' successfully

2023-08-30 17:32:23 - [TEST_STEP][PASSED] - click(findTestObject("VIDEO ATENCION/Cliente/img_Continuar (Guarda Cliente)")): Object: 'Object Repository/VIDEO ATENCION/Cliente/img_Continuar (Guarda Cliente)' is clicked on

2023-08-30 17:32:23 - [MESSAGE][PASSED] - Object: 'Object Repository/VIDEO ATENCION/Cliente/img_Continuar (Guarda Cliente)' is clicked on

2023-08-30 17:32:23 - [TEST_STEP][PASSED] - delay(3): Delayed 3 second(s)

2023-08-30 17:32:26 - [MESSAGE][PASSED] - Delayed 3 second(s)

2023-08-30 17:32:26 - [TEST_STEP][PASSED] - takeFullPageScreenshot(): Taking screenshot successfully

2023-08-30 17:32:26 - [MESSAGE][INFO] - 0 hidden object(s)

2023-08-30 17:32:26 - [MESSAGE][PASSED] - Taking screenshot successfully
[[ATTACHMENT|C:\\CIEL INGENIERIA\\Katalon\\Digiturno55\\Reports\\20230830_171150\\VIDEO ATENCION\\12 Terminal Tranferir Archivos\\20230830_171214\\1693434746412.png]]

2023-08-30 17:32:26 - [TEST_STEP][PASSED] - delay(3): Delayed 3 second(s)

2023-08-30 17:32:29 - [MESSAGE][PASSED] - Delayed 3 second(s)

2023-08-30 17:32:29 - [TEST_STEP][FAILED] - switchToWindowIndex(1): Unable to switch to window with index: '1' (Root cause: com.kms.katalon.core.exception.StepFailedException: Unable to switch to window with index: '1'
	at com.kms.katalon.core.webui.keyword.internal.WebUIKeywordMain.stepFailed(WebUIKeywordMain.groovy:64)
	at com.kms.katalon.core.webui.keyword.internal.WebUIKeywordMain.runKeyword(WebUIKeywordMain.groovy:26)
	at com.kms.katalon.core.webui.keyword.builtin.SwitchToWindowIndexKeyword.switchToWindowIndex(SwitchToWindowIndexKeyword.groovy:85)
	at com.kms.katalon.core.webui.keyword.builtin.SwitchToWindowIndexKeyword.execute(SwitchToWindowIndexKeyword.groovy:67)
	at com.kms.katalon.core.keyword.internal.KeywordExecutor.executeKeywordForPlatform(KeywordExecutor.groovy:74)
	at com.kms.katalon.core.webui.keyword.WebUiBuiltInKeywords.switchToWindowIndex(WebUiBuiltInKeywords.groovy:1891)
	at com.kms.katalon.core.webui.keyword.WebUiBuiltInKeywords$switchToWindowIndex$8.call(Unknown Source)
	at 12 Terminal Transferir Artchivo PNG.run(12 Terminal Transferir Artchivo PNG:88)
	at com.kms.katalon.core.main.ScriptEngine.run(ScriptEngine.java:194)
	at com.kms.katalon.core.main.ScriptEngine.runScriptAsRawText(ScriptEngine.java:119)
	at com.kms.katalon.core.main.TestCaseExecutor.runScript(TestCaseExecutor.java:448)
	at com.kms.katalon.core.main.TestCaseExecutor.doExecute(TestCaseExecutor.java:439)
	at com.kms.katalon.core.main.TestCaseExecutor.processExecutionPhase(TestCaseExecutor.java:418)
	at com.kms.katalon.core.main.TestCaseExecutor.accessMainPhase(TestCaseExecutor.java:410)
	at com.kms.katalon.core.main.TestCaseExecutor.execute(TestCaseExecutor.java:285)
	at com.kms.katalon.core.common.CommonExecutor.accessTestCaseMainPhase(CommonExecutor.java:65)
	at com.kms.katalon.core.main.TestSuiteExecutor.accessTestSuiteMainPhase(TestSuiteExecutor.java:148)
	at com.kms.katalon.core.main.TestSuiteExecutor.execute(TestSuiteExecutor.java:106)
	at com.kms.katalon.core.main.TestCaseMain.startTestSuite(TestCaseMain.java:187)
	at com.kms.katalon.core.main.TestCaseMain$startTestSuite$0.call(Unknown Source)
	at TempTestSuite1693433534388.run(TempTestSuite1693433534388.groovy:36)
Caused by: com.kms.katalon.core.exception.StepFailedException: Cannot find window with index: '1'
	at com.kms.katalon.core.webui.keyword.internal.WebUIKeywordMain.stepFailed(WebUIKeywordMain.groovy:64)
	at com.kms.katalon.core.webui.keyword.builtin.SwitchToWindowIndexKeyword$_switchToWindowIndex_closure1.doCall(SwitchToWindowIndexKeyword.groovy:83)
	at com.kms.katalon.core.webui.keyword.builtin.SwitchToWindowIndexKeyword$_switchToWindowIndex_closure1.call(SwitchToWindowIndexKeyword.groovy)
	at com.kms.katalon.core.webui.keyword.internal.WebUIKeywordMain.runKeyword(WebUIKeywordMain.groovy:20)
	... 19 more
)

2023-08-30 17:33:01 - [MESSAGE][FAILED] - Cannot find window with index: '1' (Root cause: com.kms.katalon.core.exception.StepFailedException: Cannot find window with index: '1'
	at com.kms.katalon.core.webui.keyword.internal.WebUIKeywordMain.stepFailed(WebUIKeywordMain.groovy:64)
	at com.kms.katalon.core.webui.keyword.builtin.SwitchToWindowIndexKeyword$_switchToWindowIndex_closure1.doCall(SwitchToWindowIndexKeyword.groovy:83)
	at com.kms.katalon.core.webui.keyword.builtin.SwitchToWindowIndexKeyword$_switchToWindowIndex_closure1.call(SwitchToWindowIndexKeyword.groovy)
	at com.kms.katalon.core.webui.keyword.internal.WebUIKeywordMain.runKeyword(WebUIKeywordMain.groovy:20)
	at com.kms.katalon.core.webui.keyword.builtin.SwitchToWindowIndexKeyword.switchToWindowIndex(SwitchToWindowIndexKeyword.groovy:85)
	at com.kms.katalon.core.webui.keyword.builtin.SwitchToWindowIndexKeyword.execute(SwitchToWindowIndexKeyword.groovy:67)
	at com.kms.katalon.core.keyword.internal.KeywordExecutor.executeKeywordForPlatform(KeywordExecutor.groovy:74)
	at com.kms.katalon.core.webui.keyword.WebUiBuiltInKeywords.switchToWindowIndex(WebUiBuiltInKeywords.groovy:1891)
	at com.kms.katalon.core.webui.keyword.WebUiBuiltInKeywords$switchToWindowIndex$8.call(Unknown Source)
	at 12 Terminal Transferir Artchivo PNG.run(12 Terminal Transferir Artchivo PNG:88)
	at com.kms.katalon.core.main.ScriptEngine.run(ScriptEngine.java:194)
	at com.kms.katalon.core.main.ScriptEngine.runScriptAsRawText(ScriptEngine.java:119)
	at com.kms.katalon.core.main.TestCaseExecutor.runScript(TestCaseExecutor.java:448)
	at com.kms.katalon.core.main.TestCaseExecutor.doExecute(TestCaseExecutor.java:439)
	at com.kms.katalon.core.main.TestCaseExecutor.processExecutionPhase(TestCaseExecutor.java:418)
	at com.kms.katalon.core.main.TestCaseExecutor.accessMainPhase(TestCaseExecutor.java:410)
	at com.kms.katalon.core.main.TestCaseExecutor.execute(TestCaseExecutor.java:285)
	at com.kms.katalon.core.common.CommonExecutor.accessTestCaseMainPhase(CommonExecutor.java:65)
	at com.kms.katalon.core.main.TestSuiteExecutor.accessTestSuiteMainPhase(TestSuiteExecutor.java:148)
	at com.kms.katalon.core.main.TestSuiteExecutor.execute(TestSuiteExecutor.java:106)
	at com.kms.katalon.core.main.TestCaseMain.startTestSuite(TestCaseMain.java:187)
	at com.kms.katalon.core.main.TestCaseMain$startTestSuite$0.call(Unknown Source)
	at TempTestSuite1693433534388.run(TempTestSuite1693433534388.groovy:36)
)
[[ATTACHMENT|C:\\CIEL INGENIERIA\\Katalon\\Digiturno55\\Reports\\20230830_171150\\VIDEO ATENCION\\12 Terminal Tranferir Archivos\\20230830_171214\\1693434781414.png]]

2023-08-30 17:33:01 - [MESSAGE][FAILED] - Unable to switch to window with index: '1' (Root cause: com.kms.katalon.core.exception.StepFailedException: Unable to switch to window with index: '1'
	at com.kms.katalon.core.webui.keyword.internal.WebUIKeywordMain.stepFailed(WebUIKeywordMain.groovy:64)
	at com.kms.katalon.core.webui.keyword.internal.WebUIKeywordMain.runKeyword(WebUIKeywordMain.groovy:26)
	at com.kms.katalon.core.webui.keyword.builtin.SwitchToWindowIndexKeyword.switchToWindowIndex(SwitchToWindowIndexKeyword.groovy:85)
	at com.kms.katalon.core.webui.keyword.builtin.SwitchToWindowIndexKeyword.execute(SwitchToWindowIndexKeyword.groovy:67)
	at com.kms.katalon.core.keyword.internal.KeywordExecutor.executeKeywordForPlatform(KeywordExecutor.groovy:74)
	at com.kms.katalon.core.webui.keyword.WebUiBuiltInKeywords.switchToWindowIndex(WebUiBuiltInKeywords.groovy:1891)
	at com.kms.katalon.core.webui.keyword.WebUiBuiltInKeywords$switchToWindowIndex$8.call(Unknown Source)
	at 12 Terminal Transferir Artchivo PNG.run(12 Terminal Transferir Artchivo PNG:88)
	at com.kms.katalon.core.main.ScriptEngine.run(ScriptEngine.java:194)
	at com.kms.katalon.core.main.ScriptEngine.runScriptAsRawText(ScriptEngine.java:119)
	at com.kms.katalon.core.main.TestCaseExecutor.runScript(TestCaseExecutor.java:448)
	at com.kms.katalon.core.main.TestCaseExecutor.doExecute(TestCaseExecutor.java:439)
	at com.kms.katalon.core.main.TestCaseExecutor.processExecutionPhase(TestCaseExecutor.java:418)
	at com.kms.katalon.core.main.TestCaseExecutor.accessMainPhase(TestCaseExecutor.java:410)
	at com.kms.katalon.core.main.TestCaseExecutor.execute(TestCaseExecutor.java:285)
	at com.kms.katalon.core.common.CommonExecutor.accessTestCaseMainPhase(CommonExecutor.java:65)
	at com.kms.katalon.core.main.TestSuiteExecutor.accessTestSuiteMainPhase(TestSuiteExecutor.java:148)
	at com.kms.katalon.core.main.TestSuiteExecutor.execute(TestSuiteExecutor.java:106)
	at com.kms.katalon.core.main.TestCaseMain.startTestSuite(TestCaseMain.java:187)
	at com.kms.katalon.core.main.TestCaseMain$startTestSuite$0.call(Unknown Source)
	at TempTestSuite1693433534388.run(TempTestSuite1693433534388.groovy:36)
Caused by: com.kms.katalon.core.exception.StepFailedException: Cannot find window with index: '1'
	at com.kms.katalon.core.webui.keyword.internal.WebUIKeywordMain.stepFailed(WebUIKeywordMain.groovy:64)
	at com.kms.katalon.core.webui.keyword.builtin.SwitchToWindowIndexKeyword$_switchToWindowIndex_closure1.doCall(SwitchToWindowIndexKeyword.groovy:83)
	at com.kms.katalon.core.webui.keyword.builtin.SwitchToWindowIndexKeyword$_switchToWindowIndex_closure1.call(SwitchToWindowIndexKeyword.groovy)
	at com.kms.katalon.core.webui.keyword.internal.WebUIKeywordMain.runKeyword(WebUIKeywordMain.groovy:20)
	... 19 more
)
[[ATTACHMENT|C:\\CIEL INGENIERIA\\Katalon\\Digiturno55\\Reports\\20230830_171150\\VIDEO ATENCION\\12 Terminal Tranferir Archivos\\20230830_171214\\1693434781508.png]]

2023-08-30 17:33:01 - [TEST_STEP][PASSED] - Start listener action : sampleAfterTestCase: null]]></system-out>
         <system-err><![CDATA[2023-08-30 17:31:46 - [TEST_CASE][FAILED] - Test Cases/VIDEO ATENCION/12 Terminal Transferir Artchivo PNG: Test Cases/VIDEO ATENCION/12 Terminal Transferir Artchivo PNG FAILED.
Reason:
com.kms.katalon.core.exception.StepFailedException: Unable to switch to window with index: '1'
	at com.kms.katalon.core.webui.keyword.internal.WebUIKeywordMain.stepFailed(WebUIKeywordMain.groovy:64)
	at com.kms.katalon.core.webui.keyword.internal.WebUIKeywordMain.runKeyword(WebUIKeywordMain.groovy:26)
	at com.kms.katalon.core.webui.keyword.builtin.SwitchToWindowIndexKeyword.switchToWindowIndex(SwitchToWindowIndexKeyword.groovy:85)
	at com.kms.katalon.core.webui.keyword.builtin.SwitchToWindowIndexKeyword.execute(SwitchToWindowIndexKeyword.groovy:67)
	at com.kms.katalon.core.keyword.internal.KeywordExecutor.executeKeywordForPlatform(KeywordExecutor.groovy:74)
	at com.kms.katalon.core.webui.keyword.WebUiBuiltInKeywords.switchToWindowIndex(WebUiBuiltInKeywords.groovy:1891)
	at com.kms.katalon.core.webui.keyword.WebUiBuiltInKeywords$switchToWindowIndex$8.call(Unknown Source)
	at 12 Terminal Transferir Artchivo PNG.run(12 Terminal Transferir Artchivo PNG:88)
	at com.kms.katalon.core.main.ScriptEngine.run(ScriptEngine.java:194)
	at com.kms.katalon.core.main.ScriptEngine.runScriptAsRawText(ScriptEngine.java:119)
	at com.kms.katalon.core.main.TestCaseExecutor.runScript(TestCaseExecutor.java:448)
	at com.kms.katalon.core.main.TestCaseExecutor.doExecute(TestCaseExecutor.java:439)
	at com.kms.katalon.core.main.TestCaseExecutor.processExecutionPhase(TestCaseExecutor.java:418)
	at com.kms.katalon.core.main.TestCaseExecutor.accessMainPhase(TestCaseExecutor.java:410)
	at com.kms.katalon.core.main.TestCaseExecutor.execute(TestCaseExecutor.java:285)
	at com.kms.katalon.core.common.CommonExecutor.accessTestCaseMainPhase(CommonExecutor.java:65)
	at com.kms.katalon.core.main.TestSuiteExecutor.accessTestSuiteMainPhase(TestSuiteExecutor.java:148)
	at com.kms.katalon.core.main.TestSuiteExecutor.execute(TestSuiteExecutor.java:106)
	at com.kms.katalon.core.main.TestCaseMain.startTestSuite(TestCaseMain.java:187)
	at com.kms.katalon.core.main.TestCaseMain$startTestSuite$0.call(Unknown Source)
	at TempTestSuite1693433534388.run(TempTestSuite1693433534388.groovy:36)
Caused by: com.kms.katalon.core.exception.StepFailedException: Cannot find window with index: '1'
	at com.kms.katalon.core.webui.keyword.internal.WebUIKeywordMain.stepFailed(WebUIKeywordMain.groovy:64)
	at com.kms.katalon.core.webui.keyword.builtin.SwitchToWindowIndexKeyword$_switchToWindowIndex_closure1.doCall(SwitchToWindowIndexKeyword.groovy:83)
	at com.kms.katalon.core.webui.keyword.builtin.SwitchToWindowIndexKeyword$_switchToWindowIndex_closure1.call(SwitchToWindowIndexKeyword.groovy)
	at com.kms.katalon.core.webui.keyword.internal.WebUIKeywordMain.runKeyword(WebUIKeywordMain.groovy:20)
	... 19 more]]></system-err>
      </testcase>
      <system-out><![CDATA[2023-08-30 17:29:15 - [TEST_SUITE][FAILED] - 12 Terminal Tranferir Archivos: Test Cases/VIDEO ATENCION/12 Terminal Transferir Archivo TXT FAILED.
Reason:
com.kms.katalon.core.exception.StepFailedException: Unable to switch to window with index: '1'
	at com.kms.katalon.core.webui.keyword.internal.WebUIKeywordMain.stepFailed(WebUIKeywordMain.groovy:64)
	at com.kms.katalon.core.webui.keyword.internal.WebUIKeywordMain.runKeyword(WebUIKeywordMain.groovy:26)
	at com.kms.katalon.core.webui.keyword.builtin.SwitchToWindowIndexKeyword.switchToWindowIndex(SwitchToWindowIndexKeyword.groovy:85)
	at com.kms.katalon.core.webui.keyword.builtin.SwitchToWindowIndexKeyword.execute(SwitchToWindowIndexKeyword.groovy:67)
	at com.kms.katalon.core.keyword.internal.KeywordExecutor.executeKeywordForPlatform(KeywordExecutor.groovy:74)
	at com.kms.katalon.core.webui.keyword.WebUiBuiltInKeywords.switchToWindowIndex(WebUiBuiltInKeywords.groovy:1891)
	at com.kms.katalon.core.webui.keyword.WebUiBuiltInKeywords$switchToWindowIndex$8.call(Unknown Source)
	at 12 Terminal Transferir Archivo TXT.run(12 Terminal Transferir Archivo TXT:88)
	at com.kms.katalon.core.main.ScriptEngine.run(ScriptEngine.java:194)
	at com.kms.katalon.core.main.ScriptEngine.runScriptAsRawText(ScriptEngine.java:119)
	at com.kms.katalon.core.main.TestCaseExecutor.runScript(TestCaseExecutor.java:448)
	at com.kms.katalon.core.main.TestCaseExecutor.doExecute(TestCaseExecutor.java:439)
	at com.kms.katalon.core.main.TestCaseExecutor.processExecutionPhase(TestCaseExecutor.java:418)
	at com.kms.katalon.core.main.TestCaseExecutor.accessMainPhase(TestCaseExecutor.java:410)
	at com.kms.katalon.core.main.TestCaseExecutor.execute(TestCaseExecutor.java:285)
	at com.kms.katalon.core.common.CommonExecutor.accessTestCaseMainPhase(CommonExecutor.java:65)
	at com.kms.katalon.core.main.TestSuiteExecutor.accessTestSuiteMainPhase(TestSuiteExecutor.java:148)
	at com.kms.katalon.core.main.TestSuiteExecutor.execute(TestSuiteExecutor.java:106)
	at com.kms.katalon.core.main.TestCaseMain.startTestSuite(TestCaseMain.java:187)
	at com.kms.katalon.core.main.TestCaseMain$startTestSuite$0.call(Unknown Source)
	at TempTestSuite1693433534388.run(TempTestSuite1693433534388.groovy:36)
Caused by: com.kms.katalon.core.exception.StepFailedException: Cannot find window with index: '1'
	at com.kms.katalon.core.webui.keyword.internal.WebUIKeywordMain.stepFailed(WebUIKeywordMain.groovy:64)
	at com.kms.katalon.core.webui.keyword.builtin.SwitchToWindowIndexKeyword$_switchToWindowIndex_closure1.doCall(SwitchToWindowIndexKeyword.groovy:83)
	at com.kms.katalon.core.webui.keyword.builtin.SwitchToWindowIndexKeyword$_switchToWindowIndex_closure1.call(SwitchToWindowIndexKeyword.groovy)
	at com.kms.katalon.core.webui.keyword.internal.WebUIKeywordMain.runKeyword(WebUIKeywordMain.groovy:20)
	... 19 more]]></system-out>
      <system-err><![CDATA[2023-08-30 17:29:15 - [TEST_SUITE][FAILED] - 12 Terminal Tranferir Archivos: Test Cases/VIDEO ATENCION/12 Terminal Transferir Archivo TXT FAILED.
Reason:
com.kms.katalon.core.exception.StepFailedException: Unable to switch to window with index: '1'
	at com.kms.katalon.core.webui.keyword.internal.WebUIKeywordMain.stepFailed(WebUIKeywordMain.groovy:64)
	at com.kms.katalon.core.webui.keyword.internal.WebUIKeywordMain.runKeyword(WebUIKeywordMain.groovy:26)
	at com.kms.katalon.core.webui.keyword.builtin.SwitchToWindowIndexKeyword.switchToWindowIndex(SwitchToWindowIndexKeyword.groovy:85)
	at com.kms.katalon.core.webui.keyword.builtin.SwitchToWindowIndexKeyword.execute(SwitchToWindowIndexKeyword.groovy:67)
	at com.kms.katalon.core.keyword.internal.KeywordExecutor.executeKeywordForPlatform(KeywordExecutor.groovy:74)
	at com.kms.katalon.core.webui.keyword.WebUiBuiltInKeywords.switchToWindowIndex(WebUiBuiltInKeywords.groovy:1891)
	at com.kms.katalon.core.webui.keyword.WebUiBuiltInKeywords$switchToWindowIndex$8.call(Unknown Source)
	at 12 Terminal Transferir Archivo TXT.run(12 Terminal Transferir Archivo TXT:88)
	at com.kms.katalon.core.main.ScriptEngine.run(ScriptEngine.java:194)
	at com.kms.katalon.core.main.ScriptEngine.runScriptAsRawText(ScriptEngine.java:119)
	at com.kms.katalon.core.main.TestCaseExecutor.runScript(TestCaseExecutor.java:448)
	at com.kms.katalon.core.main.TestCaseExecutor.doExecute(TestCaseExecutor.java:439)
	at com.kms.katalon.core.main.TestCaseExecutor.processExecutionPhase(TestCaseExecutor.java:418)
	at com.kms.katalon.core.main.TestCaseExecutor.accessMainPhase(TestCaseExecutor.java:410)
	at com.kms.katalon.core.main.TestCaseExecutor.execute(TestCaseExecutor.java:285)
	at com.kms.katalon.core.common.CommonExecutor.accessTestCaseMainPhase(CommonExecutor.java:65)
	at com.kms.katalon.core.main.TestSuiteExecutor.accessTestSuiteMainPhase(TestSuiteExecutor.java:148)
	at com.kms.katalon.core.main.TestSuiteExecutor.execute(TestSuiteExecutor.java:106)
	at com.kms.katalon.core.main.TestCaseMain.startTestSuite(TestCaseMain.java:187)
	at com.kms.katalon.core.main.TestCaseMain$startTestSuite$0.call(Unknown Source)
	at TempTestSuite1693433534388.run(TempTestSuite1693433534388.groovy:36)
Caused by: com.kms.katalon.core.exception.StepFailedException: Cannot find window with index: '1'
	at com.kms.katalon.core.webui.keyword.internal.WebUIKeywordMain.stepFailed(WebUIKeywordMain.groovy:64)
	at com.kms.katalon.core.webui.keyword.builtin.SwitchToWindowIndexKeyword$_switchToWindowIndex_closure1.doCall(SwitchToWindowIndexKeyword.groovy:83)
	at com.kms.katalon.core.webui.keyword.builtin.SwitchToWindowIndexKeyword$_switchToWindowIndex_closure1.call(SwitchToWindowIndexKeyword.groovy)
	at com.kms.katalon.core.webui.keyword.internal.WebUIKeywordMain.runKeyword(WebUIKeywordMain.groovy:20)
	... 19 more]]></system-err>
   </testsuite>
</testsuites>
